2026-06-21 12:46:09,233 INFO HTTP Request: GET https://www.bizinfo.go.kr/uss/rss/bizinfoApi.do?crtfcKey=***&dataType=json&searchCnt=99999 "HTTP/1.1 200 OK"
2026-06-21 12:46:09,725 INFO 기업마당(Bizinfo): 1451건
2026-06-21 12:46:11,015 INFO HTTP Request: GET https://www.bizinfo.go.kr/sii/siia/selectSIIA200Detail.do?pblancId=PBLN_000000000123405 "HTTP/1.1 200 OK"
2026-06-21 12:46:12,372 INFO HTTP Request: GET https://www.k-startup.go.kr/web/contents/bizpbanc-ongoing.do?schMenuId=10090&pageIndex=1&viewCount=100&pbancSttus=ing&pbancClssCd=PBC010 "HTTP/1.1 200 200"
2026-06-21 12:46:13,428 INFO HTTP Request: GET https://www.k-startup.go.kr/web/contents/bizpbanc-ongoing.do?schMenuId=10090&pageIndex=1&viewCount=100&pbancSttus=ing&pbancClssCd=PBC020 "HTTP/1.1 200 200"
2026-06-21 12:46:13,569 INFO K-Startup: 30건
2026-06-21 12:46:14,348 INFO HTTP Request: GET https://www.k-startup.go.kr/web/contents/bizpbanc-ongoing.do?pbancClssCd=PBC010&schM=view&pbancSn=178198 "HTTP/1.1 200 200"
2026-06-21 12:46:16,542 INFO HTTP Request: POST https://www.iris.go.kr/contents/retrieveBsnsAncmBtinSituList.do "HTTP/1.1 200 OK"
2026-06-21 12:46:16,543 INFO IRIS(범부처통합연구지원): 10건
2026-06-21 12:46:17,223 INFO HTTP Request: GET https://www.iris.go.kr/contents/retrieveBsnsAncmView.do?ancmId=022514 "HTTP/1.1 200 OK"
2026-06-21 12:46:18,332 INFO HTTP Request: GET https://www.mss.go.kr/site/smba/ex/bbs/List.do?cbIdx=310 "HTTP/1.1 200 OK"
2026-06-21 12:46:18,526 INFO 중소벤처기업부: 10건
2026-06-21 12:46:19,380 INFO HTTP Request: GET https://www.mss.go.kr/site/smba/ex/bbs/View.do?cbIdx=310&bcIdx=2131 "HTTP/1.1 200 OK"
2026-06-21 12:46:20,306 INFO HTTP Request: GET https://www.msit.go.kr/bbs/list.do?sCode=user&mId=113&mPid=112 "HTTP/1.1 200 OK"
2026-06-21 12:46:20,309 INFO 과학기술정보통신부: 0건
2026-06-21 12:46:21,223 INFO HTTP Request: GET https://www.motie.go.kr/kor/article/ATCL2826a2625 "HTTP/1.1 301 Moved Permanently"
2026-06-21 12:46:21,373 INFO HTTP Request: GET https://www.motir.go.kr/kor/article/ATCL2826a2625 "HTTP/1.1 200 OK"
2026-06-21 12:46:21,528 INFO 산업통상자원부: 0건
2026-06-21 12:46:22,439 INFO HTTP Request: GET https://www.moel.go.kr/info/govsupport/govsupportcon/govSupportSubList.do "HTTP/1.1 200 OK"
2026-06-21 12:46:22,632 INFO 고용노동부: 10건
2026-06-21 12:46:23,355 INFO HTTP Request: GET https://www.moel.go.kr/info/govsupport/govsupportcon/govSupportSubView.do?bbs_seq=20260300915 "HTTP/1.1 200 OK"
2026-06-21 12:46:24,436 INFO HTTP Request: GET https://www.mafra.go.kr/bbs/mafra/68/artclList.do "HTTP/1.1 200 OK"
2026-06-21 12:46:24,464 INFO 농림축산식품부: 10건
2026-06-21 12:46:25,655 INFO HTTP Request: GET https://www.mafra.go.kr/bbs/mafra/68/504081/artclView.do "HTTP/1.1 200 OK"
2026-06-21 12:46:26,549 INFO HTTP Request: GET https://www.mof.go.kr/article/list.do?menuKey=971&boardKey=10 "HTTP/1.1 404 Not Found"
2026-06-21 12:46:26,550 ERROR 접속 실패 https://www.mof.go.kr/article/list.do?menuKey=971&boardKey=10: Client error '404 Not Found' for url 'https://www.mof.go.kr/article/list.do?menuKey=971&boardKey=10'
For more information check: https://developer.mozilla.org/en-US/docs/Web/HTTP/Status/404
2026-06-21 12:46:27,206 INFO HTTP Request: GET https://www.mcst.go.kr/kor/s_notice/press/pressView.jsp "HTTP/1.1 302 Found"
2026-06-21 12:46:27,227 INFO HTTP Request: GET https://www.mcst.go.kr/site/s_notice/press/pressView.jsp "HTTP/1.1 200 OK"
2026-06-21 12:46:27,230 INFO 문화체육관광부: 0건
2026-06-21 12:46:28,000 INFO HTTP Request: GET https://www.moef.go.kr/nw/nes/nesdta.do?searchBbsId1=MOSFBBS_000000000028 "HTTP/1.1 301 Moved Permanently"
2026-06-21 12:46:28,158 INFO HTTP Request: GET https://mofe.go.kr/nw/nes/nesdta.do?searchBbsId1=MOSFBBS_000000000028 "HTTP/1.1 200 OK"
2026-06-21 12:46:28,304 INFO 기획재정부: 0건
2026-06-21 12:46:29,040 INFO HTTP Request: GET https://www.molit.go.kr/USR/BORD0201/m_69/lst.jsp "HTTP/1.0 307 Temporary Redirect"
2026-06-21 12:46:29,297 INFO HTTP Request: GET https://www.molit.go.kr/USR/BORD0201/m_69/lst.jsp "HTTP/1.1 200 OK"
2026-06-21 12:46:29,370 INFO 국토교통부: 10건
2026-06-21 12:46:30,169 INFO HTTP Request: GET https://www.molit.go.kr/USR/BORD0201/m_69/DTL.jsp?id=N01_B&cate=&mode=view&idx=268579&key=&search=&search_regdate_s=2025-06-21&search_regdate_e=2026-06-21&order=&desc=asc&srch_prc_stts=&item_num=0&search_dept_id=&search_dept_nm=&srch_usr_nm=N&srch_usr_titl=N&srch_usr_ctnt=N&srch_mng_nm=N&old_dept_nm=&search_gbn=&search_section=&source=&search1=&lcmspage=1 "HTTP/1.0 307 Temporary Redirect"
2026-06-21 12:46:30,475 INFO HTTP Request: GET https://www.molit.go.kr/USR/BORD0201/m_69/DTL.jsp?id=N01_B&cate=&mode=view&idx=268579&key=&search=&search_regdate_s=2025-06-21&search_regdate_e=2026-06-21&order=&desc=asc&srch_prc_stts=&item_num=0&search_dept_id=&search_dept_nm=&srch_usr_nm=N&srch_usr_titl=N&srch_usr_ctnt=N&srch_mng_nm=N&old_dept_nm=&search_gbn=&search_section=&source=&search1=&lcmspage=1 "HTTP/1.1 200 OK"
2026-06-21 12:46:31,297 INFO HTTP Request: GET https://www.nipa.kr/home/bsnsAll/0/nttList?bbsNo=4&tab=2&curPage=1 "HTTP/1.1 200 200"
2026-06-21 12:46:31,406 INFO 정보통신산업진흥원(NIPA): 10건
2026-06-21 12:46:32,075 INFO HTTP Request: GET https://www.nipa.kr/home/bsnsAll/0/nttDetail?tab=2&bbsNo=4&bsnsDtlsIemNo=&nttNo=16820 "HTTP/1.1 200 200"
2026-06-21 12:46:32,808 INFO HTTP Request: GET https://www.kiat.or.kr/front/board/boardContentsListPage.do?board_id=90 "HTTP/1.1 200 200"
2026-06-21 12:46:32,833 INFO 한국산업기술진흥원(KIAT): 0건
2026-06-21 12:46:33,587 INFO HTTP Request: GET https://itech.keit.re.kr/bsnsancm/retrieveSprtBsnsAncmList.do "HTTP/1.1 200 OK"
2026-06-21 12:46:33,596 INFO 한국산업기술평가관리원(KEIT): 0건
2026-06-21 12:46:34,431 INFO HTTP Request: GET https://www.kotra.or.kr/kp/biz/notificationList.do "HTTP/1.1 200 OK"
2026-06-21 12:46:34,434 INFO KOTRA(대한무역투자진흥공사): 0건
2026-06-21 12:46:35,113 INFO HTTP Request: GET https://www.kosmes.or.kr/nsh/SH/NTS/SHNTS001M0.do "HTTP/1.1 200 200"
2026-06-21 12:46:35,212 INFO 중소벤처기업진흥공단(KOSME): 0건
2026-06-21 12:46:35,954 INFO HTTP Request: POST https://ols.semas.or.kr/ols/man/SMAN051M/search.do "HTTP/1.1 201 Created"
2026-06-21 12:46:35,955 INFO 소진공 정책자금 온라인신청: 10건
2026-06-21 12:46:36,735 INFO HTTP Request: GET https://ols.semas.or.kr/ols/man/SMAN051M/page.do "HTTP/1.1 200 OK"
2026-06-21 12:46:37,584 INFO HTTP Request: GET https://www.kised.or.kr/menu.es?mid=a10201000000 "HTTP/1.1 200 200"
2026-06-21 12:46:37,587 INFO 창업진흥원(KISED): 0건
2026-06-21 12:46:38,556 INFO HTTP Request: GET https://www.kocca.kr/kocca/pims/list.do?menuNo=204104 "HTTP/1.1 200 200"
2026-06-21 12:46:38,701 INFO 한국콘텐츠진흥원(사업공고): 10건
2026-06-21 12:46:39,603 INFO HTTP Request: GET https://www.kocca.kr/kocca/pims/view.do?intcNo=326D00059001&menuNo=204104&recptSt=&category= "HTTP/1.1 200 200"
2026-06-21 12:46:40,468 INFO HTTP Request: GET https://www.kocca.kr/kocca/bbs/list/B0158960.do?menuNo=204392 "HTTP/1.1 200 200"
2026-06-21 12:46:40,697 INFO 한국콘텐츠진흥원(금융): 11건
2026-06-21 12:46:41,505 INFO HTTP Request: GET https://www.kocca.kr/kocca/bbs/view/B0158960/2011838.do?searchCnd=&searchWrd=&cateTp1=&cateTp2=&useYn=&menuNo=204392&categorys=0&subcate=0&cateCode=&type=&instNo=0&questionTp=&ufSetting=&recovery=&option1=&option2=&year=&morePage=&qtp=&domainId=&sortCode=&pageIndex=1 "HTTP/1.1 200 200"
2026-06-21 12:46:42,797 INFO HTTP Request: GET https://www.ksure.or.kr/rh-kr/bbs/i-671/list.do "HTTP/1.1 200 OK"
2026-06-21 12:46:42,912 INFO 한국무역보험공사(K-SURE): 0건
2026-06-21 12:46:43,996 INFO HTTP Request: GET https://www.kodit.co.kr/kodit/na/ntt/selectNttList.do?mi=2638&bbsId=148 "HTTP/1.1 308 Permanent Redirect"
2026-06-21 12:46:44,309 INFO HTTP Request: GET https://www.kodit.or.kr/kodit/na/ntt/selectNttList.do?mi=2638&bbsId=148 "HTTP/1.1 200 OK"
2026-06-21 12:46:44,453 INFO 신용보증기금(KODIT): 0건
2026-06-21 12:46:45,633 INFO HTTP Request: GET https://www.khidi.or.kr/board?menuId=MENU02096 "HTTP/1.1 200 200"
2026-06-21 12:46:45,692 INFO 한국보건산업진흥원(KHIDI): 10건
2026-06-21 12:46:47,124 INFO HTTP Request: GET https://www.khidi.or.kr/board/view?pageNum=1&rowCnt=10&no1=186&linkId=48895426&menuId=MENU02096&maxIndex=00488954269998&minIndex=00488290539998&schType=0&schText=&schStartDate=&schEndDate=&boardStyle=&categoryId=&continent=&country= "HTTP/1.1 200 200"
2026-06-21 12:46:48,607 INFO HTTP Request: GET https://www.keiti.re.kr/site/keiti/ex/board/List.do?cbIdx=277 "HTTP/1.1 200 OK"
2026-06-21 12:46:48,681 INFO 한국환경산업기술원(KEITI): 0건
2026-06-21 12:46:50,647 INFO HTTP Request: GET https://www.ketep.re.kr/businessAcment?menuId=MENU002080200000000 "HTTP/1.1 200 OK"
2026-06-21 12:46:50,769 INFO 한국에너지기술평가원(KETEP): 10건
2026-06-21 12:46:51,654 INFO HTTP Request: GET https://www.ketep.re.kr/businessAcment/view?menuId=MENU002080200000000&subj_dmsy_tc=&status=&ancm_strt_date=&ancm_end_date=&ancm_nm=&pageNum=1&rowCnt=10&uni_ancm_id=10254 "HTTP/1.1 200 OK"
2026-06-21 12:46:52,568 INFO HTTP Request: GET https://www.kidp.or.kr/?menuno=918&act=list "HTTP/1.1 200 OK"
2026-06-21 12:46:53,213 INFO 한국디자인진흥원(KIDP): 0건
2026-06-21 12:46:54,524 INFO HTTP Request: GET https://www.rdcdp.or.kr/index.do?menu_id=00000746 "HTTP/1.1 200 "
2026-06-21 12:46:54,660 INFO 지역디자인통합플랫폼: 0건
2026-06-21 12:46:55,397 INFO HTTP Request: GET https://www.sba.seoul.kr/kr/sbcu31l1 "HTTP/1.1 301 Moved Permanently"
2026-06-21 12:46:55,652 INFO HTTP Request: GET https://www.sba.seoul.kr "HTTP/1.1 200 OK"
2026-06-21 12:46:55,792 INFO 서울산업진흥원(SBA): 0건
2026-06-21 12:46:56,451 INFO HTTP Request: GET https://pms.gbsa.or.kr/info/pblanc/pblancList.do "HTTP/1.1 200 "
2026-06-21 12:46:56,466 INFO 경기도경제과학진흥원(GBSA): 0건
2026-06-21 12:46:59,389 INFO HTTP Request: GET https://www.itp.or.kr/intro.asp?tmid=13&PageNum=1 "HTTP/1.1 200 OK"
2026-06-21 12:46:59,452 INFO 인천테크노파크: 10건
2026-06-21 12:47:01,935 INFO HTTP Request: GET https://www.itp.or.kr/intro.asp?tmid=13&mode=view&seq=10871 "HTTP/1.1 200 OK"
2026-06-21 12:47:06,077 INFO HTTP Request: GET https://www.bepa.kr/kor/view.do?no=1508 "HTTP/1.1 200 200"
2026-06-21 12:47:06,204 INFO 부산경제진흥원(BEP): 12건
2026-06-21 12:47:08,483 INFO HTTP Request: GET https://www.djtp.or.kr/board.es?mid=a20102000000&bid=0102 "HTTP/1.1 200 "
2026-06-21 12:47:08,573 INFO 대전테크노파크: 12건
2026-06-21 12:47:09,260 INFO HTTP Request: GET https://www.djtp.or.kr/board.es?mid=a20102000000&bid=0102&act=view&list_no=13144&nPage=1 "HTTP/1.1 200 "
2026-06-21 12:47:10,116 INFO HTTP Request: GET https://myfair.co/support-program-list "HTTP/1.1 200 OK"
2026-06-21 12:47:10,129 INFO 마이페어: 0건
2026-06-21 12:47:10,979 INFO HTTP Request: GET https://www.kita.net/asocBiz/asocBiz/asocBizOngoingList.do "HTTP/1.1 200 "
2026-06-21 12:47:11,116 INFO 한국무역협회(KITA): 10건
2026-06-21 12:47:11,713 INFO HTTP Request: GET https://www.kita.net/asocBiz/asocBiz/asocBizOngoingView.do?sn=202606005 "HTTP/1.1 200 "
2026-06-21 12:47:12,801 INFO HTTP Request: GET https://www.smtech.go.kr/front/ifg/no/notice02_list.do "HTTP/1.1 200 OK"
2026-06-21 12:47:12,891 INFO SMTECH(중소기업기술개발): 15건
2026-06-21 12:47:13,946 INFO HTTP Request: GET https://www.smtech.go.kr/front/ifg/no/notice02_list.do "HTTP/1.1 200 OK"
2026-06-21 12:47:15,554 INFO HTTP Request: GET https://pms.gtp.or.kr/web/business/webBusinessList.do "HTTP/1.1 200 OK"
2026-06-21 12:47:15,609 INFO 경기TP: 10건
2026-06-21 12:47:16,398 INFO HTTP Request: GET https://pms.gtp.or.kr/web/business/webBusinessView.do?seq=172292 "HTTP/1.1 200 OK"
2026-06-21 12:47:17,235 INFO HTTP Request: GET https://www.gsp.or.kr/supportProject/UVSL0001.do "HTTP/1.1 200 "
2026-06-21 12:47:17,281 INFO 경기스타트업플랫폼: 7건
2026-06-21 12:47:17,996 INFO HTTP Request: GET https://www.gsp.or.kr/supportProject/UVSL0001View.do?seq=6259 "HTTP/1.1 404 "
2026-06-21 12:47:18,648 INFO HTTP Request: GET https://ccei.creativekorea.or.kr/service/business_list.do "HTTP/1.1 200 200"
2026-06-21 12:47:18,690 INFO 창조경제혁신센터(공고): 2건
2026-06-21 12:47:19,291 INFO HTTP Request: GET https://ccei.creativekorea.or.kr/service/business_list.do "HTTP/1.1 200 200"
2026-06-21 12:47:19,960 INFO HTTP Request: GET https://ccei.creativekorea.or.kr/service/event_list.do "HTTP/1.1 200 200"
2026-06-21 12:47:20,001 INFO 창조경제혁신센터(행사): 2건
2026-06-21 12:47:20,708 INFO HTTP Request: GET https://ccei.creativekorea.or.kr/service/business_list.do "HTTP/1.1 200 200"
2026-06-21 12:47:26,528 INFO HTTP Request: GET https://www.seoultp.or.kr/user/nd19746.do "HTTP/1.1 200 OK"
2026-06-21 12:47:26,550 INFO 서울TP: 0건
2026-06-21 12:47:27,546 INFO HTTP Request: GET https://kovwa.or.kr/94 "HTTP/1.1 200 OK"
2026-06-21 12:47:27,704 INFO 한국여성벤처협회: 0건
2026-06-21 12:47:29,982 INFO HTTP Request: GET https://ppi.g2b.go.kr:8914/cm/bbs/usr/00031/bbsList_usr.do "HTTP/1.1 200 OK"
2026-06-21 12:47:30,027 INFO 혁신제품지정공고(나라장터): 0건
2026-06-21 12:47:31,329 INFO HTTP Request: GET https://www.kocca.kr/kocca/bbs/list/B0000138.do?menuNo=204024 "HTTP/1.1 200 200"
2026-06-21 12:47:31,422 INFO 한국콘텐츠진흥원(일반공고): 1건
2026-06-21 12:47:32,327 INFO HTTP Request: GET https://www.kocca.kr/kocca/bbs/view/B0000137/2007344.do?searchCnd=&searchWrd=&cateTp1=&cateTp2=&useYn=&menuNo=204802&categorys=0&subcate=0&cateCode=&type=&instNo=0&questionTp=&ufSetting=&recovery=&option1=&option2=&year=&morePage=&qtp=&domainId=&sortCode=&pageIndex=1 "HTTP/1.1 200 200"
2026-06-21 12:47:33,023 INFO HTTP Request: GET https://bizok.incheon.go.kr/open_content/support.do "HTTP/1.1 200 OK"
2026-06-21 12:47:33,070 INFO 비즈오케이(BizOK) - 인천기업지원: 12건
2026-06-21 12:47:33,710 INFO HTTP Request: GET https://bizok.incheon.go.kr/open_content/support.do?act=detail&policyno=7024 "HTTP/1.1 200 OK"
2026-06-21 12:47:34,287 INFO HTTP Request: GET https://bizok.incheon.go.kr/open_content/support/plan/plan2026.jsp "HTTP/1.1 200 OK"
2026-06-21 12:47:34,476 INFO 비즈오케이 - 인천 연간사업공고계획: 0건
2026-06-21 12:47:36,348 INFO HTTP Request: GET https://www.incheon.go.kr/IC010205 "HTTP/1.1 200 OK"
2026-06-21 12:47:36,504 INFO 인천광역시청 - 공고/고시: 10건
2026-06-21 12:47:37,349 INFO HTTP Request: GET https://www.incheon.go.kr/IC010205/view?repSeq=DOM_0000000014982633&curPage=1 "HTTP/1.1 200 OK"
2026-06-21 12:47:40,741 INFO HTTP Request: GET https://www.itp.or.kr/intro.asp?tmid=15&PageNum=1 "HTTP/1.1 200 OK"
2026-06-21 12:47:40,789 INFO 인천테크노파크(ITP) - 공지사항: 10건
2026-06-21 12:47:43,176 INFO HTTP Request: GET https://www.itp.or.kr/intro.asp?tmid=15&mode=view&seq=10870 "HTTP/1.1 200 OK"
2026-06-21 12:47:45,229 INFO HTTP Request: GET https://www.ifez.go.kr/main/pst/list.do?pst_id=noti03 "HTTP/1.1 200 200"
2026-06-21 12:47:45,320 INFO 인천경제자유구역청(IFEZ): 10건
2026-06-21 12:47:46,676 INFO HTTP Request: GET https://www.ifez.go.kr/main/pst/view.do?pst_id=noti03&pst_sn=669442&search=UlhVRi8zWlVmcHp4VGRHK0g0TDE4VW9Ba1B1a0hUd3V4dHVaemRPZm9DWT0= "HTTP/1.1 200 200"
2026-06-21 12:47:47,220 INFO HTTP Request: GET https://incheon.korcham.net/front/board/boardContentsListPage.do?boardId=51228 "HTTP/1.1 200 OK"
2026-06-21 12:47:47,232 INFO 인천상공회의소: 0건
2026-06-21 12:47:48,001 INFO HTTP Request: GET https://www.ema.or.kr/bbs/support "HTTP/1.1 200 OK"
2026-06-21 12:47:48,076 INFO 인천수출경영자협의회: 15건
2026-06-21 12:47:49,428 INFO HTTP Request: GET https://www.ema.or.kr/bbs_shop/read.htm?me_popup=&auto_frame=&cate_sub_idx=0&search_first_subject=&list_mode=board&board_code=support&search_key=&key=&page=&idx=62924 "HTTP/1.1 200 OK"
2026-06-21 12:47:50,622 INFO HTTP Request: GET http://www.insupport.or.kr/sub/?mcode=0404010000 "HTTP/1.1 301 Moved Permanently"
2026-06-21 12:47:51,221 INFO HTTP Request: GET https://www.insupport.or.kr/sub/?mcode=0404010000 "HTTP/1.1 200 OK"
2026-06-21 12:47:51,261 INFO 인천소상공인종합지원센터: 15건
2026-06-21 12:47:51,884 INFO HTTP Request: GET http://www.insupport.or.kr/sub/?mcode=0404010000&mode=2&no=834&page=1 "HTTP/1.1 301 Moved Permanently"
2026-06-21 12:47:52,172 INFO HTTP Request: GET https://www.insupport.or.kr/sub/?mcode=0404010000&mode=2&no=834&page=1 "HTTP/1.1 200 OK"
2026-06-21 12:47:52,887 INFO HTTP Request: GET https://www.icsinbo.or.kr/home/board/brdList.do?menu_cd=000044 "HTTP/1.1 200 "
2026-06-21 12:47:53,007 INFO 인천신용보증재단: 0건
2026-06-21 12:47:53,856 INFO HTTP Request: GET https://www.icjg.go.kr/krcm01b "HTTP/1.1 200 OK"
2026-06-21 12:47:53,935 INFO 인천 중구청: 20건
2026-06-21 12:47:54,819 INFO HTTP Request: GET https://www.icjg.go.kr/krcm01b/285985?curPage=1 "HTTP/1.1 200 OK"
2026-06-21 12:47:55,838 INFO HTTP Request: GET https://www.icbp.go.kr/main/eminwon/eminwonAnnounceList.do "HTTP/1.1 200 OK"
2026-06-21 12:47:56,524 INFO 인천 부평구청: 0건
2026-06-21 12:47:57,213 INFO HTTP Request: GET https://www.kotra.or.kr/bigList/20000020753 "HTTP/1.1 200 OK"
2026-06-21 12:47:57,215 INFO KOTRA 무역투자24 - 사업공고: 0건
2026-06-21 12:48:05,052 INFO HTTP Request: GET https://www.semas.or.kr/web/SUP/supportAnnounce.kmdc "HTTP/1.1 200 OK"
2026-06-21 12:48:05,055 INFO 소상공인시장진흥공단 - 사업공고: 0건
2026-06-21 12:48:07,156 INFO HTTP Request: GET https://www.khidi.or.kr/board?menuId=MENU01108 "HTTP/1.1 200 200"
2026-06-21 12:48:07,257 INFO 한국보건산업진흥원(K-뷰티공고): 23건
2026-06-21 12:48:09,533 INFO HTTP Request: GET https://www.khidi.or.kr/board/view?pageNum=1&rowCnt=10&no1=9999999998&linkId=48946367&menuId=MENU01108&maxIndex=&minIndex=&schType=0&schText=&schStartDate=&schEndDate=&boardStyle=&categoryId=&continent=&country= "HTTP/1.1 200 200"
2026-06-21 12:48:12,595 INFO HTTP Request: GET https://www.itp.or.kr/intro.asp?tmid=36&PageNum=1 "HTTP/1.1 200 OK"
2026-06-21 12:48:12,662 INFO 인천TP 마케팅센터(뷰티산업육성): 5건
2026-06-21 12:48:14,811 INFO HTTP Request: GET https://www.itp.or.kr/intro.asp?tmid=36&mode=view&seq=8341 "HTTP/1.1 200 OK"
2026-06-21 12:48:15,622 INFO HTTP Request: GET https://www.exportvoucher.com/portal/board/boardList?bbs_id=1&active_menu_cd=EZ005004000 "HTTP/1.1 200 OK"
2026-06-21 12:48:15,681 INFO 수출바우처(수출지원기반활용): 13건
2026-06-21 12:48:16,576 INFO HTTP Request: GET https://www.exportvoucher.com/portal/board/boardView?bbs_id=1&ntt_id=12242&active_menu_cd=EZ005004000 "HTTP/1.1 200 OK"
2026-06-21 12:48:17,311 INFO HTTP Request: GET https://www.mssmiv.com/portal/board/BoardList?bbsId=1 "HTTP/1.1 200 "
2026-06-21 12:48:17,352 INFO 중소기업 혁신바우처(MSSMIV): 14건
2026-06-21 12:48:18,079 INFO HTTP Request: GET https://www.mssmiv.com/portal/board/BoardView?seq=985 "HTTP/1.1 200 "
2026-06-21 12:48:18,782 INFO HTTP Request: GET https://www.gokams.or.kr/01_news/notice_list.aspx "HTTP/1.1 200 OK"
2026-06-21 12:48:18,836 INFO 예술경영지원센터: 111건
2026-06-21 12:48:19,677 INFO HTTP Request: GET https://www.gokams.or.kr/07_member/login.aspx "HTTP/1.1 200 OK"
2026-06-21 12:48:20,349 INFO HTTP Request: GET https://hespa.or.kr/main/index.php?m_cd=23 "HTTP/1.1 200 OK"
2026-06-21 12:48:20,376 INFO (재)헬스케어스파산업진흥원: 1건
2026-06-21 12:48:21,038 INFO HTTP Request: GET https://hespa.or.kr/main/index.php?m_cd=23&b_id={{obj.b_id}} "HTTP/1.1 200 OK"
2026-06-21 12:48:21,702 INFO HTTP Request: GET https://www.smes.go.kr/mainbiz/usr/board/comNotice.do "HTTP/1.1 200 OK"
2026-06-21 12:48:21,737 INFO MainBiz 메인 / 경영혁신형 중소기업: 10건
2026-06-21 12:48:22,365 INFO HTTP Request: GET https://www.smes.go.kr/mainbiz/usr/comNoticeView.do?pageNo=1&searchType=&searchKey=&seq_no=5018 "HTTP/1.1 200 OK"
2026-06-21 12:48:23,103 INFO HTTP Request: GET https://gsipa.or.kr/board/bbs/board.php?bo_table=notice "HTTP/1.1 200 OK"
2026-06-21 12:48:23,169 INFO 강릉과학산업진흥원: 50건
2026-06-21 12:48:23,974 INFO HTTP Request: GET https://gsipa.or.kr/board/bbs/board.php?bo_table=notice&wr_id=606 "HTTP/1.1 200 OK"
2026-06-21 12:48:24,704 INFO HTTP Request: GET http://www.gwef.or.kr/bbs/board.php?bo_table=notice "HTTP/1.1 200 OK"
2026-06-21 12:48:24,736 INFO 강원경영자총협회: 15건
2026-06-21 12:48:25,339 INFO HTTP Request: GET http://www.gwef.or.kr/bbs/board.php?bo_table=notice&wr_id=174 "HTTP/1.1 200 OK"
2026-06-21 12:48:25,956 INFO HTTP Request: GET https://www.gwsinbo.or.kr/board/board_list.php?board_name=notice "HTTP/1.1 200 OK"
2026-06-21 12:48:26,185 INFO 강원신용보증재단: 21건
2026-06-21 12:48:26,812 INFO HTTP Request: GET https://www.gwsinbo.or.kr/board/board_view.php?view_id=807&board_name=notice&page=1 "HTTP/1.1 200 OK"
2026-06-21 12:48:27,507 INFO HTTP Request: GET https://gwse.or.kr/bbs/board.php?bo_table=sub41 "HTTP/1.1 200 OK"
2026-06-21 12:48:27,545 INFO 강원지속가능경제지원센터: 20건
2026-06-21 12:48:28,172 INFO HTTP Request: GET https://gwse.or.kr/bbs/board.php?bo_table=sub41&sca=%EC%99%B8%EB%B6%80%EA%B8%B0%EA%B4%80%EA%B3%B5%EC%A7%80 "HTTP/1.1 200 OK"
2026-06-21 12:48:28,830 INFO HTTP Request: GET https://gwhrd.or.kr/bbs/board.php?bo_table=sub01_01 "HTTP/1.1 200 OK"
2026-06-21 12:48:28,871 INFO 강원지역인적자원개발위원회: 10건
2026-06-21 12:48:29,451 INFO HTTP Request: GET https://gwhrd.or.kr/bbs/board.php?bo_table=sub01_01&wr_id=433 "HTTP/1.1 200 OK"
2026-06-21 12:48:30,039 INFO HTTP Request: GET https://www.gwtp.or.kr/gwtp/bbsNew_list.php?code=sub01a&keyvalue=sub01 "HTTP/1.1 200 OK"
2026-06-21 12:48:30,104 INFO 강원테크노파크: 21건
2026-06-21 12:48:30,761 INFO HTTP Request: GET https://www.gwtp.or.kr/gwtp/bbsNew_view.php?bbs_data=aWR4PTIzODMmc3RhcnRQYWdlPSZsaXN0Tm89JnRhYmxlPWNzX2Jic19kYXRhX25ldyZjb2RlPXN1YjAxYSZzZWFyY2hfaXRlbT0mc2VhcmNoX29yZGVyPSZ1cmw9c3ViMDFhJmtleXZhbHVlPXN1YjAxJmJic19tYWxuYW1lPQ==|| "HTTP/1.1 200 OK"
2026-06-21 12:48:31,570 INFO HTTP Request: GET https://www.gwtp.or.kr/gwtp/bbsNew_list.php?code=sub01b&keyvalue=sub01 "HTTP/1.1 200 OK"
2026-06-21 12:48:31,734 INFO 강원테크노파크: 51건
2026-06-21 12:48:32,282 INFO HTTP Request: GET https://www.gwtp.or.kr/gwtp/bbsNew_view.php?bbs_data=aWR4PTMxNzMmc3RhcnRQYWdlPSZsaXN0Tm89JnRhYmxlPWNzX2Jic19kYXRhX25ldyZjb2RlPXN1YjAxYiZzZWFyY2hfaXRlbT0mc2VhcmNoX29yZGVyPSZ1cmw9c3ViMDFiJmtleXZhbHVlPXN1YjAxJmJic19tYWxuYW1lPQ==|| "HTTP/1.1 200 OK"
2026-06-21 12:48:32,915 INFO HTTP Request: GET https://www.gwep.or.kr/bbs/board.php?bo_table=gw_sub61 "HTTP/1.1 200 OK"
2026-06-21 12:48:32,973 INFO 강원특별자치도경제진흥원: 15건
2026-06-21 12:48:33,572 INFO HTTP Request: GET https://www.gwep.or.kr/bbs/board.php?bo_table=gw_sub61&sca=%EC%B1%84%EC%9A%A9%EA%B3%B5%EA%B3%A0 "HTTP/1.1 200 OK"
2026-06-21 12:48:34,119 INFO HTTP Request: GET https://www.gwep.or.kr/bbs/board.php?bo_table=gw_sub21 "HTTP/1.1 200 OK"
2026-06-21 12:48:34,170 INFO 강원특별자치도경제진흥원: 15건
2026-06-21 12:48:34,844 INFO HTTP Request: GET https://www.gwep.or.kr/bbs/board.php?bo_table=gw_sub21&sca=%EC%A7%80%EC%8B%9D%EC%9E%AC%EC%82%B0 "HTTP/1.1 200 OK"
2026-06-21 12:48:37,461 INFO HTTP Request: GET https://www.gbsa.or.kr/board/notice.do "HTTP/1.1 200 "
2026-06-21 12:48:37,568 INFO 경기도경제과학진흥원: 10건
2026-06-21 12:48:41,602 INFO HTTP Request: GET https://www.gbsa.or.kr/board/notice.do?nttId=11365&pageIndex=1&searchCnd=&searchWrd= "HTTP/1.1 200 "
2026-06-21 12:48:42,543 INFO HTTP Request: GET https://www.gmr.or.kr/base/board/list?boardManagementNo=1&menuLevel=2&menuNo=14 "HTTP/1.1 200 200"
2026-06-21 12:48:42,712 INFO 경기도시장상권진흥원: 10건
2026-06-21 12:48:43,474 INFO HTTP Request: GET https://www.gmr.or.kr/base/board/read?boardManagementNo=1&boardNo=10709&searchCategory=&page=1&searchType=&searchWord=&menuLevel=2&menuNo=14 "HTTP/1.1 200 200"
2026-06-21 12:48:44,710 INFO HTTP Request: GET https://www.gwff.kr/base/board/list?boardManagementNo=21&menuLevel=2&menuNo=23 "HTTP/1.1 200 200"
2026-06-21 12:48:44,774 INFO 경기도여성가족재단: 10건
2026-06-21 12:48:45,648 INFO HTTP Request: GET https://www.gwff.kr/base/board/read?boardManagementNo=21&boardNo=8569&searchCategory=&page=1&searchType=&searchWord=&menuLevel=2&menuNo=23 "HTTP/1.1 200 200"
2026-06-21 12:48:46,647 INFO HTTP Request: GET https://www.gghrd.or.kr/board/notice.php "HTTP/1.1 200 OK"
2026-06-21 12:48:46,693 INFO 경기지역인적자원개발위원회: 21건
2026-06-21 12:48:47,367 INFO HTTP Request: GET https://www.gghrd.or.kr/board/notice.php?ptype=view&idx=3447&page=&code=notice "HTTP/1.1 200 OK"
2026-06-21 12:48:48,016 INFO HTTP Request: GET https://www.gcon.or.kr/gcon/bbs/B0000001/list.do?menuNo=200057 "HTTP/1.1 200 200"
2026-06-21 12:48:48,192 INFO 경기콘텐츠진흥원: 15건
2026-06-21 12:48:48,835 INFO HTTP Request: GET https://www.gcon.or.kr/gcon/bbs/B0000001/view.do?nttId=11945&menuNo=200057&pageIndex=1 "HTTP/1.1 200 200"
2026-06-21 12:48:50,022 INFO HTTP Request: GET https://www.gtp.or.kr/web/bbs/noticeList.jsp?gbun=anno "HTTP/1.1 200 OK"
2026-06-21 12:48:50,086 INFO 경기테크노파크: 20건
2026-06-21 12:48:50,875 INFO HTTP Request: GET https://www.gtp.or.kr/web/bbs/noticeView.jsp?gubun=&cPage=1&no=29432 "HTTP/1.1 200 OK"
2026-06-21 12:48:51,956 INFO HTTP Request: GET https://www.gtp.or.kr/web/bbs/noticeList.jsp?gbun=expert "HTTP/1.1 200 OK"
2026-06-21 12:48:52,032 INFO 경기테크노파크: 20건
2026-06-21 12:48:52,796 INFO HTTP Request: GET https://www.gtp.or.kr/web/bbs/noticeView.jsp?gubun=&cPage=1&no=29432 "HTTP/1.1 200 OK"
2026-06-21 12:48:53,503 INFO HTTP Request: GET https://www.xn--6-v85ew7hc2v44fiuk.com/board/board/list/sub4_1 "HTTP/1.1 200 OK"
2026-06-21 12:48:53,524 INFO 경남6차산업지원센터: 10건
2026-06-21 12:48:54,074 INFO HTTP Request: GET https://www.xn--6-v85ew7hc2v44fiuk.com/board/board/view/sub4_1/862 "HTTP/1.1 200 OK"
2026-06-21 12:48:55,477 INFO HTTP Request: GET https://www.gnsinbo.or.kr/bbs/board.php?bo_table=01_03_01_01 "HTTP/1.1 200 OK"
2026-06-21 12:48:55,535 INFO 경남신용보증재단: 15건
2026-06-21 12:48:56,131 INFO HTTP Request: GET https://www.gnsinbo.or.kr/bbs/board.php?bo_table=01_03_01_01&wr_id=571 "HTTP/1.1 200 OK"
2026-06-21 12:48:57,113 INFO HTTP Request: GET https://gnhrd.or.kr/bbs/board.php?bo_table=notice "HTTP/1.1 200 OK"
2026-06-21 12:48:57,294 INFO 경남지역인적자원개발위원회: 12건
2026-06-21 12:48:58,798 INFO HTTP Request: GET https://www.gntp.or.kr/board/list "HTTP/1.1 200 "
2026-06-21 12:48:58,835 INFO 경남테크노파크: 0건
2026-06-21 12:48:59,486 INFO HTTP Request: GET http://kbef.or.kr/zbxe/support1 "HTTP/1.1 200 OK"
2026-06-21 12:48:59,515 INFO 경북경영자총협회: 22건
2026-06-21 12:49:00,166 INFO HTTP Request: GET http://kbef.or.kr/zbxe/support1/3103 "HTTP/1.1 200 OK"
2026-06-21 12:49:03,229 INFO HTTP Request: GET https://gbssc.or.kr/notice/ "HTTP/1.1 200 OK"
2026-06-21 12:49:03,298 INFO 경북광역자활센터: 15건
2026-06-21 12:49:04,534 INFO HTTP Request: GET https://gbssc.or.kr/notice/?mod=document&uid=691 "HTTP/1.1 200 OK"
2026-06-21 12:49:05,180 INFO HTTP Request: GET http://www.geea.or.kr/bbs/notice "HTTP/1.1 200 OK"
2026-06-21 12:49:05,208 INFO 경북북부경영자협회: 27건
2026-06-21 12:49:05,899 INFO HTTP Request: GET http://www.geea.or.kr/bbs/notice/249035 "HTTP/1.1 200 OK"
2026-06-21 12:49:06,726 INFO HTTP Request: GET https://forwoman.or.kr/main/contents.do?a_num=59464232 "HTTP/1.1 200 OK"
2026-06-21 12:49:06,806 INFO 경북여성정책개발원: 11건
2026-06-21 12:49:07,577 INFO HTTP Request: GET https://forwoman.or.kr/main/contents.do?proc_type=view&a_num=59464232&b_num=29481&prepage=%2Fmain%2Fcontents.do%3Fa_num%3D59464232 "HTTP/1.1 200 OK"
2026-06-21 12:49:08,348 INFO HTTP Request: GET http://gbhrd.or.kr/zbxe/?mid=support1 "HTTP/1.1 200 OK"
2026-06-21 12:49:08,384 INFO 경북지역인적자원개발위원회: 23건
2026-06-21 12:49:09,147 INFO HTTP Request: GET http://www.gbhrd.or.kr/zbxe/support1/4337 "HTTP/1.1 200 OK"
2026-06-21 12:49:09,879 INFO HTTP Request: GET https://www.gfund.kr/hp/info/M04_L01.do "HTTP/1.1 200 OK"
2026-06-21 12:49:09,900 INFO 경상북도 중소기업육성자금 GFund: 5건
2026-06-21 12:49:10,605 INFO HTTP Request: GET https://www.gfund.kr/hp/info/M04_L01_view.do?seq=502&boardCode=10&pageNum=1&searchWord=&searchSelect= "HTTP/1.1 200 OK"
2026-06-21 12:49:11,726 INFO HTTP Request: GET https://www.gepa.kr/?page_id=51 "HTTP/1.1 200 OK"
2026-06-21 12:49:11,895 INFO 경상북도경제진흥원: 10건
2026-06-21 12:49:13,017 INFO HTTP Request: GET https://www.gepa.kr/?page_id=51&vid=837 "HTTP/1.1 200 OK"
2026-06-21 12:49:13,836 INFO HTTP Request: GET http://gbse.or.kr/HOME/gbse/sub.htm?nav_code=gbs1566979318 "HTTP/1.1 200 OK"
2026-06-21 12:49:14,553 INFO 경상북도사회적경제지원센터: 10건
2026-06-21 12:49:15,214 INFO HTTP Request: GET http://gbse.or.kr/HOME/gbse/sub.htm?mode=view&mv_data=aWR4PTMzNzUmc3RhcnRQYWdlPTAmbGlzdE5vPTk3NSZ0YWJsZT1leF9iYnNfZGF0YV9nYnNlJm5hdl9jb2RlPWdiczE1NjY5NzkzMTgmY29kZT1OMkp1TnNuYU14bW0mc2VhcmNoX2l0ZW09JnNlYXJjaF9vcmRlcj0mb3JkZXJfbGlzdD0mbGlzdF9zY2FsZT0mdmlld19sZXZlbD0mdmlld19jYXRlPSZ2aWV3X2NhdGUyPQ==|| "HTTP/1.1 200 OK"
2026-06-21 12:49:16,473 INFO HTTP Request: GET https://www.gipa.or.kr/community/01_1.php "HTTP/1.1 200 OK"
2026-06-21 12:49:16,570 INFO 고양산업진흥원: 10건
2026-06-21 12:49:17,161 INFO HTTP Request: GET https://www.gipa.or.kr/community/01_1.php?admin_mode=read&no=4789&make=&search=&type=&apply_no=&table_name=notice&page=1 "HTTP/1.1 200 OK"
2026-06-21 12:49:17,902 INFO HTTP Request: GET http://www.gjef.or.kr/ko/28 "HTTP/1.1 200 OK"
2026-06-21 12:49:18,020 INFO 광주경영자총협회: 15건
2026-06-21 12:49:18,636 INFO HTTP Request: GET http://www.gjef.or.kr/ko/28/view?SEQ=119&page=1 "HTTP/1.1 200 OK"
2026-06-21 12:49:19,323 INFO HTTP Request: GET https://www.gjep.or.kr/cms/bbs/cms.php?dk_cms=comm_01 "HTTP/1.1 200 OK"
2026-06-21 12:49:19,511 INFO 광주경제진흥상생일자리재단: 15건
2026-06-21 12:49:20,136 INFO HTTP Request: GET https://www.gjep.or.kr/cms/bbs/cms.php?dk_cms=comm_01&sca=%ED%83%80%EA%B8%B0%EA%B4%80%EA%B3%B5%EA%B3%A0 "HTTP/1.1 200 OK"
2026-06-21 12:49:22,079 INFO HTTP Request: GET http://www.gjjahwal.or.kr/ko/36 "HTTP/1.1 200 OK"
2026-06-21 12:49:22,310 INFO 광주광역자활센터: 15건
2026-06-21 12:49:23,246 INFO HTTP Request: GET http://www.gjjahwal.or.kr/ko/36/view?SEQ=573&page=1 "HTTP/1.1 200 OK"
2026-06-21 12:49:24,099 INFO HTTP Request: GET https://www.gjsec.kr/bbs/board.php?bo_table=noti&sca=%EC%84%BC%ED%84%B0 "HTTP/1.1 200 OK"
2026-06-21 12:49:24,134 INFO 광주사회적경제지원센터: 21건
2026-06-21 12:49:24,750 INFO HTTP Request: GET https://www.gjsec.kr/bbs/board.php?bo_table=noti&wr_id=2908&&sca=%EC%84%BC%ED%84%B0 "HTTP/1.1 200 OK"
2026-06-21 12:49:25,408 INFO HTTP Request: GET https://www.gjcci.or.kr/user/board/lists/board_cd/3010 "HTTP/1.1 200 OK"
2026-06-21 12:49:25,450 INFO 광주상공회의소: 13건
2026-06-21 12:49:26,111 INFO HTTP Request: GET https://www.gjcci.or.kr/user/board/view/board_cd/3010/wr_no/1589 "HTTP/1.1 200 OK"
2026-06-21 12:49:27,236 INFO HTTP Request: GET https://www.gicon.or.kr/board.es?mid=a10204000000&bid=0003 "HTTP/1.1 200 200"
2026-06-21 12:49:27,317 INFO 광주정보문화산업진흥원: 22건
2026-06-21 12:49:27,988 INFO HTTP Request: GET https://www.gicon.or.kr/board.es?mid=a10204000000&bid=0003&act=view&list_no=31754&nPage=1 "HTTP/1.1 200 200"
2026-06-21 12:49:28,760 INFO HTTP Request: GET https://gj.riia.or.kr/board/businessAnnouncement "HTTP/1.1 200 "
2026-06-21 12:49:28,812 INFO 광주지역산업진흥원: 13건
2026-06-21 12:49:29,431 INFO HTTP Request: GET https://gj.riia.or.kr/board/businessAnnouncement/view/0626caf3-502a-11f1-ad2e-4dc88fba84f9 "HTTP/1.1 200 "
2026-06-21 12:49:30,062 INFO HTTP Request: GET https://www.gwangjuhrd.or.kr/user2/board/lists/board_cd/5010 "HTTP/1.1 200 OK"
2026-06-21 12:49:30,105 INFO 광주지역인적자원개발위원회: 11건
2026-06-21 12:49:30,845 INFO HTTP Request: GET https://www.gwangjuhrd.or.kr/user2/board/view/board_cd/5010/wr_no/259/board_cd/5010 "HTTP/1.1 200 OK"
2026-06-21 12:49:31,578 INFO HTTP Request: GET https://www.gjtp.or.kr/home/business.cs?m=8 "HTTP/1.1 200 OK"
2026-06-21 12:49:31,662 INFO 광주테크노파크: 30건
2026-06-21 12:49:32,278 INFO HTTP Request: GET https://www.gjtp.or.kr/home/business.cs?act=view&bsnssId=2210&ctg01=04,09,11,12&ctg02=02&ctg03=01,05,14&pageIndex=1&pageUnit=30&searchKeyword= "HTTP/1.1 200 OK"
2026-06-21 12:49:32,943 INFO HTTP Request: GET https://www.ne.go.kr/user/bbs/BD_selectBbsList.do?q_bbsSn=1003 "HTTP/1.1 200 OK"
2026-06-21 12:49:33,012 INFO 국가교육위원회: 10건
2026-06-21 12:49:33,627 INFO HTTP Request: GET https://www.ne.go.kr/user/bbs/BD_selectBbs.do?q_bbsSn=1003&q_bbsDocNo=20260529092703801 "HTTP/1.1 200 OK"
2026-06-21 12:49:34,742 INFO HTTP Request: GET https://www.kaia.re.kr/portal/bbs/list/B0000006.do?menuNo=200547 "HTTP/1.1 200 OK"
2026-06-21 12:49:34,823 INFO 국토교통과학기술진흥원: 10건
2026-06-21 12:49:35,629 INFO HTTP Request: GET https://www.kaia.re.kr/portal/bbs/view/B0000006/13174.do;jsessionid=HEwfbQ4s0LbhxQglVazOexU1dNIUvBbnAVENJenh201KoWZKTdaS13XZk4WeJlAO.kaiaVMAPP8_servlet_engine4?searchCnd=&searchWrd=&searchOption1=&gubun=&delCode=0&useAt=&replyAt=&menuNo=200547&sdate=&edate=&deptId=&popupYn=&dept=&dong=&option1=&viewType=&cate1=&cate2=&cate3=&searchYn=&pageIndex=1 "HTTP/1.1 200 OK"
2026-06-21 12:49:36,337 INFO HTTP Request: GET https://gpipa.or.kr/sub05/sub05_01.html "HTTP/1.1 200 OK"
2026-06-21 12:49:36,382 INFO 군포산업진흥원: 29건
2026-06-21 12:49:37,219 INFO HTTP Request: GET https://gpipa.or.kr/index.html "HTTP/1.1 200 OK"
2026-06-21 12:49:37,950 INFO HTTP Request: GET https://gpipa.or.kr/sub05/sub05_02.html "HTTP/1.1 200 OK"
2026-06-21 12:49:38,018 INFO 군포산업진흥원: 30건
2026-06-21 12:49:38,880 INFO HTTP Request: GET https://gpipa.or.kr/index.html "HTTP/1.1 200 OK"
2026-06-21 12:49:39,581 INFO HTTP Request: GET https://www.kibo.or.kr/main/board/boardType01.do "HTTP/1.1 200 OK"
2026-06-21 12:49:39,731 INFO 기술보증기금(기보): 10건
2026-06-21 12:49:40,364 INFO HTTP Request: GET https://www.kibo.or.kr/main/board/boardType01.do?mode=view&articleNo=64384&article.offset=0&articleLimit=10 "HTTP/1.1 200 OK"
2026-06-21 12:49:41,314 INFO HTTP Request: GET https://www.giupsos.or.kr/portal/lay1/bbs/S122T158C160/F/13/list.do "HTTP/1.1 200 "
2026-06-21 12:49:41,356 INFO 기업 SOS: 10건
2026-06-21 12:49:42,080 INFO HTTP Request: GET https://www.giupsos.or.kr/portal/lay1/bbs/S122T158C160/F/13/view.do?article_seq=4185&cpage=1&rows=10&condition=&keyword=&show=&cat= "HTTP/1.1 200 "
2026-06-21 12:49:42,683 INFO HTTP Request: GET https://www.bizinfo.go.kr/web/lay1/bbs/S1T122C128/AS/74/list.do?schPblancDiv=01 "HTTP/1.1 302 Found"
2026-06-21 12:49:42,797 INFO HTTP Request: GET https://www.bizinfo.go.kr/sii/siia/selectSIIA200View.do?schPblancDiv=01 "HTTP/1.1 200 OK"
2026-06-21 12:49:42,895 INFO 기업마당: 15건
2026-06-21 12:49:43,565 INFO HTTP Request: GET https://www.bizinfo.go.kr/sii/siia/selectSIIA200Detail.do?hashCode=&rowsSel=&rows=15&cpage=&cat=&schPblancDiv=01&schJrsdCodeTy=&schWntyAt=&schAreaDetailCodes=&schEndAt=N&orderGb=&sort=&preKeywords=&condition=&condition1=&keyword=&pblancId=PBLN_000000000123405 "HTTP/1.1 200 OK"
2026-06-21 12:49:44,319 INFO HTTP Request: GET https://www.hrd4u.or.kr/hrddoctor/web/board/list.do?mId=34 "HTTP/1.1 200 OK"
2026-06-21 12:49:44,368 INFO 기업직업훈련지원시스템: 14건
2026-06-21 12:49:45,151 INFO HTTP Request: GET https://www.hrd4u.or.kr/hrddoctor/web/board/view.do?mId=34&brdIdx=28 "HTTP/1.1 200 OK"
2026-06-21 12:49:45,895 INFO HTTP Request: GET https://www.gimpo.go.kr/portal/ntfcPblancList.do?key=***&cate_cd=1&searchCnd=40900000000 "HTTP/1.1 200 OK"
2026-06-21 12:49:46,077 INFO 김포시청: 10건
2026-06-21 12:49:46,700 INFO HTTP Request: GET https://www.gimpo.go.kr/portal/ntfcPblancView.do?key=***&not_ancmt_mgt_no=74668&pageIndex=1&searchCnd=40900000000&cate_cd=1 "HTTP/1.1 200 OK"
2026-06-21 12:49:47,376 INFO HTTP Request: GET https://www.gimpo.go.kr/portal/selectBbsNttList.do?bbsNo=292&key=*** "HTTP/1.1 200 OK"
2026-06-21 12:49:47,556 INFO 김포시청: 18건
2026-06-21 12:49:48,148 INFO HTTP Request: GET https://www.gimpo.go.kr/portal/selectBbsNttView.do?key=***&bbsNo=292&searchCnd=all&deleteAt=N&pageUnit=10&pageIndex=1&nttNo=978332 "HTTP/1.1 200 OK"
2026-06-21 12:49:48,819 INFO HTTP Request: GET https://www.koreahana.or.kr/home/kor/board.do?ptSignature=QnrvtOekzKclpksn74dfsVKJGpwSxgFZ4viFnbbXAD0%3D&menuPos=51 "HTTP/1.1 200 200"
2026-06-21 12:49:48,957 INFO 남북하나재단: 33건
2026-06-21 12:49:49,785 INFO HTTP Request: GET https://www.koreahana.or.kr/home/kor/main.do "HTTP/1.1 200 200"
2026-06-21 12:49:50,476 INFO HTTP Request: GET https://www.nyj.go.kr/www/selectEminwonWebList.do?key=***&sa1=01&sa1=02&sa1=04&sa1=05&sc4=2024 "HTTP/1.1 200 OK"
2026-06-21 12:49:50,934 INFO 남양주시청: 10건
2026-06-21 12:49:51,610 INFO HTTP Request: GET https://www.nyj.go.kr/www/selectEminwonWebView.do?sa1Join=01;02;04;05&sc4=2024&key=***&pk=87486 "HTTP/1.1 200 OK"
2026-06-21 12:49:52,400 INFO HTTP Request: GET https://www.kwpi.or.kr/home/sub?menukey=7311 "HTTP/1.1 200 200"
2026-06-21 12:49:52,442 INFO 노사발전재단 일터혁신플랫폼: 10건
2026-06-21 12:49:53,277 INFO HTTP Request: GET https://www.kwpi.or.kr/home/sub?menukey=7311&mode=view&dsn=1780294736-012-427 "HTTP/1.1 200 200"
2026-06-21 12:49:53,975 INFO HTTP Request: GET https://nongshinbo.nonghyup.com/user/indexSub.do?codyMenuSeq=258789404&siteId=nongshinbo "HTTP/1.1 200 OK"
2026-06-21 12:49:54,340 INFO 농림수산업자신용보증기금(농신보): 16건
2026-06-21 12:49:54,988 INFO HTTP Request: GET https://nongshinbo.nonghyup.com/user/boardList.do?command=view&page=1&boardId=4482556&boardSeq=5771803&id= "HTTP/1.1 200 OK"
2026-06-21 12:49:55,846 INFO HTTP Request: GET https://www.dgfez.go.kr/page.php?mnu_uid=319& "HTTP/1.1 200 OK"
2026-06-21 12:49:55,883 INFO 대구경북경제자유구역청: 10건
2026-06-21 12:49:56,688 INFO HTTP Request: GET https://www.dgfez.go.kr/page.php?pageNo=1&cmd=258&bod_uid=8609&mnu_uid=319&srchBgpUid=-1&srchVoteType=-1&srchEnable=1&srchSDate=&srchEDate=&srchColumn=&srchKeyword= "HTTP/1.1 200 OK"
2026-06-21 12:49:57,455 INFO HTTP Request: GET https://www.dgfez.go.kr/page.php?mnu_uid=321& "HTTP/1.1 200 OK"
2026-06-21 12:49:57,492 INFO 대구경북경제자유구역청: 11건
2026-06-21 12:49:58,361 INFO HTTP Request: GET https://www.dgfez.go.kr/page.php?pageNo=1&cmd=258&bod_uid=8568&mnu_uid=321&srchBgpUid=-1&srchVoteType=-1&srchEnable=1&srchSDate=&srchEDate=&srchColumn=&srchKeyword= "HTTP/1.1 200 OK"
2026-06-21 12:49:59,005 INFO HTTP Request: GET http://www.dgef.or.kr/Home/board/default.asp?v=1&s_no=1&m=01 "HTTP/1.1 200 OK"
2026-06-21 12:49:59,033 INFO 대구경영자총협회: 20건
2026-06-21 12:49:59,560 INFO HTTP Request: GET http://www.dgef.or.kr/Home/board/default.asp?v=2&g_no=3111&m=01&s_no=1&Return_URL=%2FHome%2Fboard%2Fdefault%2Easp%3Fv%3D1%26s%5Fno%3D1%26m%3D01 "HTTP/1.1 200 OK"
2026-06-21 12:50:00,701 INFO HTTP Request: GET https://startup.daegu.go.kr/index.do?menu_id=00002552 "HTTP/1.1 200 OK"
2026-06-21 12:50:00,753 INFO 대구창업허브 DASH: 7건
2026-06-21 12:50:01,454 INFO HTTP Request: GET https://startup.daegu.go.kr/index.do?menu_id=00002530 "HTTP/1.1 200 OK"
2026-06-21 12:50:02,261 INFO HTTP Request: GET https://www.sinbo.or.kr/sub04_01_01 "HTTP/1.1 200 OK"
2026-06-21 12:50:02,319 INFO 대전신용보증재단: 10건
2026-06-21 12:50:03,016 INFO HTTP Request: GET https://www.sinbo.or.kr/sub04_01_01/view/id/4505 "HTTP/1.1 200 OK"
2026-06-21 12:50:06,580 INFO HTTP Request: GET https://www.djbea.or.kr/board?menuId=MENU00310&siteId=null "HTTP/1.1 200 200"
2026-06-21 12:50:06,664 INFO 대전일자리경제진흥원: 10건
2026-06-21 12:50:07,631 INFO HTTP Request: GET https://www.djbea.or.kr/board/view?pageNum=1&rowCnt=10&no1=237&linkId=7215&menuId=MENU00310&schType=0&schText=&boardStyle=&categoryId=&continent=&country= "HTTP/1.1 200 200"
2026-06-21 12:50:09,130 INFO HTTP Request: GET https://d.nts.go.kr/daejeonnts/na/ntt/selectNttList.do?mi=5114&bbsId=6032 "HTTP/1.1 200 OK"
2026-06-21 12:50:09,318 INFO 대전지방국세청: 22건
2026-06-21 12:50:09,919 INFO HTTP Request: GET https://www.hometax.go.kr "HTTP/1.1 200 OK"
2026-06-21 12:50:10,830 INFO HTTP Request: GET https://djhrd.or.kr/sub0101 "HTTP/1.1 200 OK"
2026-06-21 12:50:10,859 INFO 대전지역인적자원개발위원회: 10건
2026-06-21 12:50:11,628 INFO HTTP Request: GET https://djhrd.or.kr/sub0101/view/id/1311 "HTTP/1.1 200 OK"
2026-06-21 12:50:12,978 INFO HTTP Request: GET https://djtp.or.kr/board.es?mid=a20201000000&bid=0101 "HTTP/1.1 200 "
2026-06-21 12:50:13,048 INFO 대전테크노파크: 10건
2026-06-21 12:50:13,688 INFO HTTP Request: GET https://djtp.or.kr/board.es?mid=a20201000000&bid=0101&act=view&list_no=13277&tag=&nPage=1 "HTTP/1.1 200 "
2026-06-21 12:50:14,632 INFO HTTP Request: GET https://djtp.or.kr/pbanc?mid=a20101000000 "HTTP/1.1 200 "
2026-06-21 12:50:14,716 INFO 대전테크노파크: 10건
2026-06-21 12:50:15,368 INFO HTTP Request: GET https://pms.dips.or.kr/pdfviewer/web/viewer.html?file=/pbanc/DFnNF9bbfgAXI9Cy1781576919029.pdf#view=FitV&pagemode=thumbs&page=1 "HTTP/1.1 200 200"
2026-06-21 12:50:16,051 INFO HTTP Request: GET http://www.bsef.or.kr/03_news/news01.php "HTTP/1.1 200 OK"
2026-06-21 12:50:16,659 INFO 부산경영자총협회: 18건
2026-06-21 12:50:17,371 INFO HTTP Request: GET http://www.bsef.or.kr/03_news/news01.php?mode=view&id=869&record_start=0&bbs_id=notice&category=0&field=&search= "HTTP/1.1 200 OK"
2026-06-21 12:50:18,411 INFO HTTP Request: GET https://sehub.net/archives/category/alarm/opencat "HTTP/1.1 200 OK"
2026-06-21 12:50:18,456 INFO 서울특별시 사회적경제지원센터: 17건
2026-06-21 12:50:19,459 INFO HTTP Request: GET https://sehub.net/archives/2156425 "HTTP/1.1 200 OK"
2026-06-21 12:50:20,105 INFO HTTP Request: GET https://www.sjepa.or.kr/news-announcement "HTTP/1.1 200 OK"
2026-06-21 12:50:20,164 INFO 세종일자리경제진흥원: 10건
2026-06-21 12:50:20,870 INFO HTTP Request: GET https://www.sjepa.or.kr/news-announcement/view/id/1199 "HTTP/1.1 200 OK"
2026-06-21 12:50:21,629 INFO HTTP Request: GET https://sjtp.or.kr/bbs/board.php?bo_table=notice01 "HTTP/1.1 200 OK"
2026-06-21 12:50:21,688 INFO 세종테크노파크: 15건
2026-06-21 12:50:22,419 INFO HTTP Request: GET https://sjtp.or.kr/bbs/board.php?bo_table=notice01&sca=%EA%B3%B5%EC%A7%80 "HTTP/1.1 200 OK"
2026-06-21 12:50:23,072 INFO HTTP Request: GET https://sjtp.or.kr/bbs/board.php?bo_table=business01 "HTTP/1.1 200 OK"
2026-06-21 12:50:23,135 INFO 세종테크노파크: 15건
2026-06-21 12:50:23,893 INFO HTTP Request: GET https://sjtp.or.kr/bbs/board.php?bo_table=business01&wr_id=1928 "HTTP/1.1 200 OK"
2026-06-21 12:50:24,432 INFO HTTP Request: GET https://www.sida.kr/notification/news.html "HTTP/1.1 200 OK"
2026-06-21 12:50:24,479 INFO 시흥산업진흥원: 20건
2026-06-21 12:50:25,072 INFO HTTP Request: GET https://www.sida.kr/notification/newsView.html?uid=170&keyfield_s=&search_word_s=&cpage=1&spage=1 "HTTP/1.1 200 OK"
2026-06-21 12:50:26,921 INFO HTTP Request: GET https://www.anyang.go.kr/amrc/selectBbsNttList.do?bbsNo=1284&key=*** "HTTP/1.1 200 OK"
2026-06-21 12:50:26,969 INFO 안양시상권활성화센터: 13건
2026-06-21 12:50:30,519 INFO HTTP Request: GET https://ypa.or.kr/information/businessnotice/ "HTTP/1.1 200 OK"
2026-06-21 12:50:30,587 INFO 용인시산업진흥원: 36건
2026-06-21 12:50:33,330 INFO HTTP Request: GET https://ypa.or.kr/information/businessnotice/?mod=document&uid=7291 "HTTP/1.1 200 OK"
2026-06-21 12:50:33,967 INFO HTTP Request: GET http://www.uyef.or.kr/V1/bbs/board.php?bo_table=cu01 "HTTP/1.1 200 OK"
2026-06-21 12:50:33,989 INFO 울산양산경영자총협회: 15건
2026-06-21 12:50:34,568 INFO HTTP Request: GET http://www.uyef.or.kr/V1/bbs/board.php?bo_table=cu01&wr_id=266 "HTTP/1.1 200 OK"
2026-06-21 12:50:35,309 INFO HTTP Request: GET https://www.ubpi.or.kr/sub/?mcode=0403010000 "HTTP/1.1 200 OK"
2026-06-21 12:50:35,464 INFO 울산일자리경제진흥원: 10건
2026-06-21 12:50:36,108 INFO HTTP Request: GET https://www.ubpi.or.kr/sub/?mcode=0403010000&no=3484 "HTTP/1.1 200 OK"
2026-06-21 12:50:36,820 INFO HTTP Request: GET https://www.ulsanhrd.or.kr/bbs/list.php?board_id=notice "HTTP/1.1 200 OK"
2026-06-21 12:50:36,846 INFO 울산지역인적자원개발위원회: 18건
2026-06-21 12:50:37,520 INFO HTTP Request: GET https://www.ulsanhrd.or.kr/bbs/view.php?board_id=notice&gul_no=1052 "HTTP/1.1 200 OK"
2026-06-21 12:50:38,290 INFO HTTP Request: GET https://www.utp.or.kr/board/board.php?bo_table=sub0501&menu_group=4&sno=0401 "HTTP/1.1 200 OK"
2026-06-21 12:50:38,419 INFO 울산테크노파크: 18건
2026-06-21 12:50:39,105 INFO HTTP Request: GET https://www.utp.or.kr/board/board.php?bo_table=sub0501&wr_id=40164&mnuno=M0000046&menu_group=4&sno=0401 "HTTP/1.1 200 OK"
2026-06-21 12:50:40,243 INFO HTTP Request: GET https://www.wmit.or.kr/announce/businessAnnounceList.do "HTTP/1.1 200 "
2026-06-21 12:50:40,326 INFO 원주의료기기산업진흥원: 10건
2026-06-21 12:50:42,241 INFO HTTP Request: GET https://www.ep.go.kr/www/selectBbsNttList.do?bbsNo=42&key=*** "HTTP/1.1 200 OK"
2026-06-21 12:50:42,471 INFO 은평구청: 10건
2026-06-21 12:50:43,706 INFO HTTP Request: GET https://www.ep.go.kr/www/selectBbsNttView.do?key=***&bbsNo=42&nttNo=318431&searchCtgry=&searchCnd=all&searchKrwd=&integrDeptCode=&pageIndex=1 "HTTP/1.1 200 OK"
2026-06-21 12:50:44,435 INFO HTTP Request: GET https://www.innobiz.net/company/company1_list.asp "HTTP/1.1 200 OK"
2026-06-21 12:50:44,464 INFO 이노비즈협회(사)중소기업기술혁신: 10건
2026-06-21 12:50:45,338 INFO HTTP Request: GET https://www.innobiz.net/company/company1_view.asp?Seq=433&Page=1&SearchKey=&SearchValue= "HTTP/1.1 200 OK"
2026-06-21 12:50:46,124 INFO HTTP Request: GET https://www.inef.or.kr/news/notice.php "HTTP/1.1 200 OK"
2026-06-21 12:50:46,167 INFO 인천경영자총협회: 28건
2026-06-21 12:50:46,839 INFO HTTP Request: GET https://www.inef.or.kr/news/notice.php?ptype=view&idx=7574&page=&code=notice "HTTP/1.1 200 OK"
2026-06-21 12:50:47,461 INFO HTTP Request: GET https://www.insehub.or.kr/bbs/board.php?bo_table=bbs_030101 "HTTP/1.1 200 OK"
2026-06-21 12:50:47,539 INFO 인천광역시사회적경제지원센터: 27건
2026-06-21 12:50:48,243 INFO HTTP Request: GET https://www.insehub.or.kr/bbs/board.php?bo_table=bbs_030101&wr_id=556 "HTTP/1.1 200 OK"
2026-06-21 12:50:49,004 INFO HTTP Request: GET https://idsc.kr/_NBoard/board.php?bo_table=business "HTTP/1.1 200 OK"
2026-06-21 12:50:49,096 INFO 인천디자인지원센터: 37건
2026-06-21 12:50:49,799 INFO HTTP Request: GET https://idsc.kr/_NBoard/board.php?bo_table=business&sca=%EB%94%94%EC%9E%90%EC%9D%B8%EA%B0%9C%EB%B0%9C%EC%A7%80%EC%9B%90 "HTTP/1.1 200 OK"
2026-06-21 12:50:50,428 INFO HTTP Request: GET https://idsc.kr/_NBoard/board.php?bo_table=business2 "HTTP/1.1 200 OK"
2026-06-21 12:50:50,504 INFO 인천디자인지원센터: 25건
2026-06-21 12:50:51,156 INFO HTTP Request: GET https://idsc.kr/_NBoard/board.php?bo_table=business2&wr_id=136 "HTTP/1.1 200 OK"
2026-06-21 12:50:52,401 INFO HTTP Request: GET https://www.insupport.or.kr/sub/?mcode=0404010000 "HTTP/1.1 200 OK"
2026-06-21 12:50:52,438 INFO 인천소상공인종합지원센터: 15건
2026-06-21 12:50:53,305 INFO HTTP Request: GET https://www.insupport.or.kr/sub/?mcode=0404010000&mode=2&no=834&page=1 "HTTP/1.1 200 OK"
2026-06-21 12:50:53,949 INFO HTTP Request: GET https://event.jbci.or.kr/sub/s1_1.html "HTTP/1.1 200 OK"
2026-06-21 12:50:54,002 INFO 전북창조경제혁신센터: 7건
2026-06-21 12:50:54,588 INFO HTTP Request: GET https://event.jbci.or.kr/sub/s1_1_view.html?id=344&offset=0&findvalue=&search= "HTTP/1.1 200 OK"
2026-06-21 12:50:55,474 INFO HTTP Request: GET https://www.jbtp.or.kr/board/list.jbtp?boardId=BBS_0000002&menuCd=DOM_000000101002000000&contentsSid=4&cpath= "HTTP/1.1 200 OK"
2026-06-21 12:50:55,563 INFO 전북테크노파크: 11건
2026-06-21 12:50:56,447 INFO HTTP Request: GET https://www.jbtp.or.kr/board/view.jbtp?menuCd=DOM_000000101002000000&boardId=BBS_0000002&dataSid=20305 "HTTP/1.1 200 OK"
2026-06-21 12:50:57,534 INFO HTTP Request: GET https://www.jbtp.or.kr/board/list.jbtp?boardId=BBS_0000006&menuCd=DOM_000000102001000000&paging=ok&gbun=&searchType=&keyword=&pageNo=1 "HTTP/1.1 200 OK"
2026-06-21 12:50:57,630 INFO 전북테크노파크: 41건
2026-06-21 12:50:58,406 INFO HTTP Request: GET https://www.jbtp.or.kr/board/view.jbtp?menuCd=DOM_000000102001000000&boardId=BBS_0000006&dataSid=20415 "HTTP/1.1 200 OK"
2026-06-21 12:50:59,209 INFO HTTP Request: GET https://www.jbba.kr/bbs/board.php?bo_table=sub01_09 "HTTP/1.1 200 OK"
2026-06-21 12:50:59,266 INFO 전북특별자치도경제통상진흥원: 20건
2026-06-21 12:51:10,138 INFO HTTP Request: GET https://www.jbba.kr/bbs/board.php?bo_table=sub01_09&wr_id=1755 "HTTP/1.1 200 OK"
2026-06-21 12:51:11,114 INFO HTTP Request: GET https://www.jbba.kr/bbs/board.php?bo_table=sub02_07_01 "HTTP/1.1 200 OK"
2026-06-21 12:51:11,177 INFO 전북특별자치도경제통상진흥원: 15건
2026-06-21 12:51:12,106 INFO HTTP Request: GET https://www.jbba.kr/bbs/board.php?bo_table=sub02_07_01&wr_id=934 "HTTP/1.1 200 OK"
2026-06-21 12:51:12,830 INFO HTTP Request: GET https://www.jica.or.kr/2025/inner.php?sMenu=A1000 "HTTP/1.1 200 OK"
2026-06-21 12:51:13,124 INFO 전주정보문화산업진흥원: 9건
2026-06-21 12:51:14,411 INFO HTTP Request: GET https://www.jica.or.kr/2025/inner.php?sMenu=A2000 "HTTP/1.1 200 OK"
2026-06-21 12:51:14,688 INFO 전주정보문화산업진흥원: 9건
2026-06-21 12:51:15,895 INFO HTTP Request: GET https://tmdf.or.kr/sub/sub03_01.php "HTTP/1.1 200 OK"
2026-06-21 12:51:15,963 INFO 전통시장육성재단: 10건
2026-06-21 12:51:16,573 INFO HTTP Request: GET https://tmdf.or.kr/sub/sub03_01.php?boardid=notice1&mode=view&idx=40&sk=&sw=&offset=&category= "HTTP/1.1 200 OK"
2026-06-21 12:51:17,294 INFO HTTP Request: GET https://www.nipa.kr/home/2-1 "HTTP/1.1 200 200"
2026-06-21 12:51:17,372 INFO 정보통신산업진흥원: 12건
2026-06-21 12:51:18,060 INFO HTTP Request: GET https://www.nipa.kr/home/2-1/16459 "HTTP/1.1 200 200"
2026-06-21 12:51:18,848 INFO HTTP Request: GET https://www.nipa.kr/home/2-2 "HTTP/1.1 200 200"
2026-06-21 12:51:18,922 INFO 정보통신산업진흥원: 10건
2026-06-21 12:51:19,527 INFO HTTP Request: GET https://www.nipa.kr/home/2-2/16820 "HTTP/1.1 200 200"
2026-06-21 12:51:20,344 INFO HTTP Request: GET https://www.gov.kr/portal/locgovNews?Mcode=11182 "HTTP/1.1 200 OK"
2026-06-21 12:51:20,431 INFO 정부24: 16건
2026-06-21 12:51:21,250 INFO HTTP Request: GET https://www.ips.go.kr/ "HTTP/1.1 301 Moved Permanently"
2026-06-21 12:51:21,261 INFO HTTP Request: GET https://www.ips.go.kr/pot/ "HTTP/1.1 200 OK"
2026-06-21 12:51:22,068 INFO HTTP Request: GET https://www.gov.kr/portal/locgovNews?srchTxt=%EC%A0%84%EB%AC%B8%EA%B0%80&srchSort=01 "HTTP/1.1 200 OK"
2026-06-21 12:51:22,156 INFO 정부24: 16건
2026-06-21 12:51:23,070 INFO HTTP Request: GET https://www.ips.go.kr/ "HTTP/1.1 301 Moved Permanently"
2026-06-21 12:51:23,084 INFO HTTP Request: GET https://www.ips.go.kr/pot/ "HTTP/1.1 200 OK"
2026-06-21 12:51:23,808 INFO HTTP Request: GET https://www.gov.kr/portal/locgovNews?srchTxt=%EC%9E%90%EB%AC%B8%EB%8B%A8&srchSort=01 "HTTP/1.1 200 OK"
2026-06-21 12:51:23,878 INFO 정부24: 16건
2026-06-21 12:51:24,558 INFO HTTP Request: GET https://www.ips.go.kr/ "HTTP/1.1 301 Moved Permanently"
2026-06-21 12:51:24,570 INFO HTTP Request: GET https://www.ips.go.kr/pot/ "HTTP/1.1 200 OK"
2026-06-21 12:51:25,293 INFO HTTP Request: GET https://www.gov.kr/portal/locgovNews?srchTxt=%EB%A9%98%ED%86%A0&srchSort=01 "HTTP/1.1 200 OK"
2026-06-21 12:51:25,387 INFO 정부24: 16건
2026-06-21 12:51:26,300 INFO HTTP Request: GET https://www.ips.go.kr/ "HTTP/1.1 301 Moved Permanently"
2026-06-21 12:51:26,311 INFO HTTP Request: GET https://www.ips.go.kr/pot/ "HTTP/1.1 200 OK"
2026-06-21 12:51:27,068 INFO HTTP Request: GET https://www.gov.kr/portal/locgovNews?srchTxt=%EA%B0%95%EC%82%AC&srchSort=01 "HTTP/1.1 200 OK"
2026-06-21 12:51:27,344 INFO 정부24: 16건
2026-06-21 12:51:28,079 INFO HTTP Request: GET https://www.ips.go.kr/ "HTTP/1.1 301 Moved Permanently"
2026-06-21 12:51:28,092 INFO HTTP Request: GET https://www.ips.go.kr/pot/ "HTTP/1.1 200 OK"
2026-06-21 12:51:28,865 INFO HTTP Request: GET https://www.gov.kr/portal/locgovNews?srchTxt=%ED%8F%89%EA%B0%80%EC%9C%84%EC%9B%90&srchSort=01 "HTTP/1.1 200 OK"
2026-06-21 12:51:28,950 INFO 정부24: 16건
2026-06-21 12:51:29,879 INFO HTTP Request: GET https://www.ips.go.kr/ "HTTP/1.1 301 Moved Permanently"
2026-06-21 12:51:29,889 INFO HTTP Request: GET https://www.ips.go.kr/pot/ "HTTP/1.1 200 OK"
2026-06-21 12:51:30,528 INFO HTTP Request: GET http://jef.or.kr/bbs/board.php?bo_table=1_1_1_1 "HTTP/1.1 200 OK"
2026-06-21 12:51:30,599 INFO 제주경영자총협회: 20건
2026-06-21 12:51:31,171 INFO HTTP Request: GET http://jef.or.kr/bbs/board.php?bo_table=1_1_1_1&wr_id=260 "HTTP/1.1 200 OK"
2026-06-21 12:51:32,175 INFO HTTP Request: GET https://www.jcgf.or.kr/bbs/board.php?bo_table=5_1_1_1 "HTTP/1.1 200 OK"
2026-06-21 12:51:32,261 INFO 제주신용보증재단: 16건
2026-06-21 12:51:33,134 INFO HTTP Request: GET https://www.jcgf.or.kr/bbs/board.php?bo_table=5_1_1_1&wr_id=1089 "HTTP/1.1 200 OK"
2026-06-21 12:51:33,918 INFO HTTP Request: GET http://www.jejuhrd.or.kr/index.php/contents/community/notice "HTTP/1.1 200 OK"
2026-06-21 12:51:33,935 INFO 제주지역인적자원개발위원회: 10건
2026-06-21 12:51:34,567 INFO HTTP Request: GET http://www.jejuhrd.or.kr/index.php/contents/community/notice?act=view&seq=1170&bd_bcid=noticeBoard&page=1 "HTTP/1.1 200 OK"
2026-06-21 12:51:35,216 INFO HTTP Request: GET https://www.jba.or.kr/m/bbs/board.php?bo_table=2_1_1_1 "HTTP/1.1 200 OK"
2026-06-21 12:51:35,305 INFO 제주특별자치도 경제통상진흥원: 16건
2026-06-21 12:51:35,969 INFO HTTP Request: GET https://www.jba.or.kr/m/bbs/board.php?bo_table=2_1_1_1&wr_id=707 "HTTP/1.1 200 OK"
2026-06-21 12:51:36,674 INFO HTTP Request: GET https://www.jba.or.kr/m/bbs/board.php?bo_table=2_4_1_1 "HTTP/1.1 200 OK"
2026-06-21 12:51:36,784 INFO 제주특별자치도 경제통상진흥원: 18건
2026-06-21 12:51:37,536 INFO HTTP Request: GET https://www.jba.or.kr/m/bbs/board.php?bo_table=2_4_1_1&wr_id=660 "HTTP/1.1 200 OK"
2026-06-21 12:51:38,324 INFO HTTP Request: GET https://jeju.pass.or.kr/notice-board "HTTP/1.1 200 OK"
2026-06-21 12:51:38,363 INFO 제주특별자치도사회서비스원: 10건
2026-06-21 12:51:39,012 INFO HTTP Request: GET https://jeju.pass.or.kr/notice-board/view/id/2665 "HTTP/1.1 200 OK"
2026-06-21 12:51:39,834 INFO HTTP Request: GET https://www.smtech.go.kr/front/ifg/no/notice01_list.do "HTTP/1.1 200 OK"
2026-06-21 12:51:39,916 INFO 중소기업 기술개발사업 종합관리시스템: 15건
2026-06-21 12:51:40,625 INFO HTTP Request: GET https://www.smtech.go.kr/front/ifg/no/notice01_detail.do;jsessionid=eZ6moBjyr05YSUgRVQztcEfVtbS1PkdRAuOhkrFJhTrdWhfNTwOEQNr8D5cbml2D.smwas1_servlet_engine2?searchCondition=&searchKeyword=&bitmSeq=540009&pageIndex=1&noPage=yes "HTTP/1.1 200 OK"
2026-06-21 12:51:41,822 INFO HTTP Request: GET https://www.smtech.go.kr/front/ifg/no/notice03_list.do "HTTP/1.1 200 OK"
2026-06-21 12:51:41,876 INFO 중소기업 기술개발사업 종합관리시스템: 15건
2026-06-21 12:51:42,528 INFO HTTP Request: GET https://www.smtech.go.kr/front/ifg/no/notice03_detail.do;jsessionid=s3f7uYqqi9odZ9MTVFa8t8ucEv5stOlNAToBGOOnN1knyN3lTBbylOW8leZyOxbD.smwas1_servlet_engine4?bitmSeq=502543&searchCondition=&searchKeyword=&pageIndex=1&noPage=yes "HTTP/1.1 200 OK"
2026-06-21 12:51:43,800 INFO HTTP Request: GET https://www.tipa.or.kr/s040101/index/page/1 "HTTP/1.1 200 OK"
2026-06-21 12:51:43,868 INFO 중소기업기술정보진흥원(TIPA): 10건
2026-06-21 12:51:44,937 INFO HTTP Request: GET https://www.tipa.or.kr/s040101/view/page/1/id/17492 "HTTP/1.1 200 OK"
2026-06-21 12:51:45,671 INFO HTTP Request: GET https://www.kosi.re.kr/kosbiWar/front/functionDisplay?menuFrontNo=239693504401196147746371791605890541073&menuFrontURL=front/announceList "HTTP/1.1 200 200"
2026-06-21 12:51:45,785 INFO 중소벤처기업연구원: 20건
2026-06-21 12:51:46,376 INFO HTTP Request: GET https://www.kosi.re.kr/kosbiWar/front/functionDisplay?menuFrontNo=239693504401196147746371791605890541073&menuFrontURL=front/announceDetail?documentId=24199 "HTTP/1.1 200 200"
2026-06-21 12:51:47,044 INFO HTTP Request: GET https://www.heemangfdn.or.kr/layout/res/home.php?go=pds.list&pds_type=1 "HTTP/1.1 200 OK"
2026-06-21 12:51:47,077 INFO 중소상공인희망재단: 10건
2026-06-21 12:51:47,717 INFO HTTP Request: GET https://www.heemangfdn.or.kr/layout/res/home.php?go=pds.list&pds_type=1&start=0&num=1415&s_key1=&s_head=&s_que= "HTTP/1.1 200 OK"
2026-06-21 12:51:48,435 INFO HTTP Request: GET https://www.heemangfdn.or.kr/layout/res/home.php?go=pds.list&pds_type=3 "HTTP/1.1 200 OK"
2026-06-21 12:51:48,520 INFO 중소상공인희망재단: 10건
2026-06-21 12:51:49,192 INFO HTTP Request: GET https://www.heemangfdn.or.kr/layout/res/home.php?go=pds.list&pds_type=3&start=0&num=1419&s_key1=&s_head=&s_que= "HTTP/1.1 200 OK"
2026-06-21 12:51:49,975 INFO HTTP Request: GET https://www.cwip.or.kr/bbs/board.php?bo_table=b0501 "HTTP/1.1 200 OK"
2026-06-21 12:51:50,122 INFO 창원산업진흥원: 12건
2026-06-21 12:51:51,408 INFO HTTP Request: GET https://iact.or.kr/module/board/board.php?bo_id=notice "HTTP/1.1 200 OK"
2026-06-21 12:51:51,450 INFO 첨단정보통신융합산업기술원: 22건
2026-06-21 12:51:52,076 INFO HTTP Request: GET https://iact.or.kr/module/board/board.php?bo_id=notice&sst=wr_id&sod=asc "HTTP/1.1 200 OK"
2026-06-21 12:51:52,770 INFO HTTP Request: GET https://iact.or.kr/module/board/board.php?bo_id=business "HTTP/1.1 200 OK"
2026-06-21 12:51:52,868 INFO 첨단정보통신융합산업기술원: 19건
2026-06-21 12:51:53,830 INFO HTTP Request: GET https://iact.or.kr/module/board/board.php?bo_id=business&sst=wr_id&sod=asc "HTTP/1.1 200 OK"
2026-06-21 12:51:54,636 INFO HTTP Request: GET https://start.kosmes.or.kr/yh_bsm080_001.do "HTTP/1.1 200 OK"
2026-06-21 12:51:54,723 INFO 청년창업사관학교: 10건
2026-06-21 12:51:55,350 INFO HTTP Request: GET http://hp.kosmes.or.kr "HTTP/1.1 302 Found"
2026-06-21 12:51:55,397 INFO HTTP Request: GET https://hp.kosmes.or.kr/ "HTTP/1.1 200 OK"
2026-06-21 12:51:56,856 INFO HTTP Request: GET https://start.kosmes.or.kr/yh_not002_001.do "HTTP/1.1 200 OK"
2026-06-21 12:51:56,936 INFO 청년창업사관학교: 10건
2026-06-21 12:51:57,488 INFO HTTP Request: GET http://hp.kosmes.or.kr "HTTP/1.1 302 Found"
2026-06-21 12:51:57,536 INFO HTTP Request: GET https://hp.kosmes.or.kr/ "HTTP/1.1 200 OK"
2026-06-21 12:51:58,226 INFO HTTP Request: GET https://www.cepa.or.kr/notice/notice.do?pm=6&ms=32 "HTTP/1.1 200 200"
2026-06-21 12:51:58,279 INFO 충남경제진흥원: 10건
2026-06-21 12:51:58,929 INFO HTTP Request: GET https://www.cepa.or.kr/board/boardDetail.do?pm=6&ms=32&seq=12199 "HTTP/1.1 200 200"
2026-06-21 12:51:59,611 INFO HTTP Request: GET https://www.xn--6-6v7en42by2es7i6jc.com/100101/board/event_notice/ "HTTP/1.1 200 "
2026-06-21 12:52:00,816 INFO 충남농업6차산업센터: 10건
2026-06-21 12:52:02,893 INFO HTTP Request: GET https://www.cnse.kr/app/board/index?md_id=center_news "HTTP/1.1 200 OK"
2026-06-21 12:52:03,094 INFO 충남사회적경제지원센터: 10건
2026-06-21 12:52:04,510 INFO HTTP Request: GET https://www.cnse.kr/app/board/view?md_id=center_news&code=2323&page=1 "HTTP/1.1 200 OK"
2026-06-21 12:52:05,517 INFO HTTP Request: GET https://www.ctp.or.kr/business/data.do "HTTP/1.1 200 200"
2026-06-21 12:52:05,571 INFO 충남테크노파크: 10건
2026-06-21 12:52:06,478 INFO HTTP Request: GET https://www.ctp.or.kr/business/datadetail.do?seq=2709259 "HTTP/1.1 200 200"
2026-06-21 12:52:07,320 INFO HTTP Request: GET http://xn--6-482fq5fy8gs7i6jc.com/bbs/board.php?bo_table=notice "HTTP/1.1 200 OK"
2026-06-21 12:52:07,362 INFO 충북농촌융복합산업지원센터: 15건
2026-06-21 12:52:08,062 INFO HTTP Request: GET http://xn--6-482fq5fy8gs7i6jc.com/bbs/board.php?bo_table=notice&wr_id=274 "HTTP/1.1 200 OK"
2026-06-21 12:52:09,358 INFO HTTP Request: GET http://www.cbse.co/board/blist/notice "HTTP/1.1 200 OK"
2026-06-21 12:52:09,379 INFO 충북사회적경제센터: 22건
2026-06-21 12:52:10,076 INFO HTTP Request: GET http://www.cbse.co/board/view/notice/1491 "HTTP/1.1 200 OK"
2026-06-21 12:52:10,883 INFO HTTP Request: GET https://www.cbsinbo.or.kr/sub.php?code=123 "HTTP/1.1 200 OK"
2026-06-21 12:52:10,935 INFO 충북신용보증재단: 15건
2026-06-21 12:52:11,667 INFO HTTP Request: GET https://www.cbsinbo.or.kr/sub.php?code=123&mode=view&no=353&category=&page=1&search=&keyword= "HTTP/1.1 200 OK"
2026-06-21 12:52:12,543 INFO HTTP Request: GET https://www.cjrhrdc.org/board/notice "HTTP/1.1 200 OK"
2026-06-21 12:52:12,590 INFO 충북지역인적자원개발위원회: 20건
2026-06-21 12:52:13,224 INFO HTTP Request: GET https://www.cjrhrdc.org/post/1269 "HTTP/1.1 200 OK"
2026-06-21 12:52:14,364 INFO HTTP Request: GET https://www.cbtp.or.kr/index.php?control=bbs&board_id=news_notice&lm_uid=36 "HTTP/1.1 200 OK"
2026-06-21 12:52:14,458 INFO 충북테크노파크: 15건
2026-06-21 12:52:16,141 INFO HTTP Request: GET https://www.cbtp.or.kr/index.php?control=bbs&board_id=news_public_notice&lm_uid=526 "HTTP/1.1 200 OK"
2026-06-21 12:52:16,212 INFO 충북테크노파크: 15건
2026-06-21 12:52:17,739 INFO HTTP Request: GET https://contact.cbtp.or.kr/index.php?control=bbs&board_id=b_notice&lm_uid=6 "HTTP/1.1 200 OK"
2026-06-21 12:52:17,900 INFO 충북테크노파크 컨택센터: 10건
2026-06-21 12:52:19,303 INFO HTTP Request: GET https://sbiz.cepa.or.kr/sosang/notice/notice.do?pm=10&ms=65 "HTTP/1.1 200 200"
2026-06-21 12:52:19,345 INFO 충청남도 소상공인 지원센터: 10건
2026-06-21 12:52:19,954 INFO HTTP Request: GET https://sbiz.cepa.or.kr/sosang/board/boardDetail.do?pm=10&ms=65&seq=12219 "HTTP/1.1 200 200"
2026-06-21 12:52:20,646 INFO HTTP Request: GET https://sbiz.cepa.or.kr/sosang/notice/notice.do?pm=10&ms=66 "HTTP/1.1 200 200"
2026-06-21 12:52:20,685 INFO 충청남도 소상공인 지원센터: 10건
2026-06-21 12:52:21,298 INFO HTTP Request: GET https://www.cnsp.or.kr/project/view.do?seq=919 "HTTP/1.1 200 200"
2026-06-21 12:52:22,027 INFO HTTP Request: GET https://www.cba.ne.kr/home/sub.php?menukey=140 "HTTP/1.1 200 OK"
2026-06-21 12:52:22,106 INFO 충청북도기업진흥원: 15건
2026-06-21 12:52:22,847 INFO HTTP Request: GET https://www.cba.ne.kr/home/sub.php?menukey=140&mod=view&no=30412 "HTTP/1.1 200 OK"
2026-06-21 12:52:23,640 INFO HTTP Request: GET https://www.cbsb.kr/home/sub.php?menukey=288 "HTTP/1.1 200 OK"
2026-06-21 12:52:23,682 INFO 충청북도소상공인지원센터: 13건
2026-06-21 12:52:24,558 INFO HTTP Request: GET https://www.cbsb.kr/home/sub.php?menukey=288&mod=view&no=23448 "HTTP/1.1 200 OK"
2026-06-21 12:52:25,484 INFO HTTP Request: GET https://www.kihf.or.kr/web/lay1/bbs/S1T838C97/A/3/list.do?rows=10&cpage=1&cat=&article_seq=&condition=TITLE&keyword= "HTTP/1.1 200 200"
2026-06-21 12:52:25,582 INFO 한국건강가정진흥원: 11건
2026-06-21 12:52:26,495 INFO HTTP Request: GET https://www.kihf.or.kr/web/lay1/bbs/S1T838C97/A/3/view.do?article_seq=1115732&cpage=1&rows=10&condition=TITLE&keyword= "HTTP/1.1 200 200"
2026-06-21 12:52:27,333 INFO HTTP Request: GET https://www.kmtca.or.kr/?p=23 "HTTP/1.1 200 OK"
2026-06-21 12:52:27,363 INFO 한국경영기술지도사회: 11건
2026-06-21 12:52:28,659 INFO HTTP Request: GET https://www.kmtca.or.kr/?p=23&tab=&mode=view&idx=156448&rIdx=99914471 "HTTP/1.1 200 OK"
2026-06-21 12:52:29,449 INFO HTTP Request: GET https://www.kmtca.or.kr/?p=28 "HTTP/1.1 200 OK"
2026-06-21 12:52:29,506 INFO 한국경영기술지도사회: 10건
2026-06-21 12:52:30,967 INFO HTTP Request: GET https://www.kmtca.or.kr/?p=28&tab=&mode=view&idx=157099&rIdx=99914074 "HTTP/1.1 200 OK"
2026-06-21 12:52:31,982 INFO HTTP Request: GET https://www.kmtca.or.kr/?p=128 "HTTP/1.1 200 OK"
2026-06-21 12:52:32,014 INFO 한국경영기술지도사회: 17건
2026-06-21 12:52:33,219 INFO HTTP Request: GET https://www.kmtca.or.kr/?p=128&tab=&mode=view&idx=155280&rIdx=99915141 "HTTP/1.1 200 OK"
2026-06-21 12:52:34,406 INFO HTTP Request: GET https://mainbiz.or.kr/notice/notice.asp?smen=1 "HTTP/1.1 200 OK"
2026-06-21 12:52:34,445 INFO 한국경영혁신중소기업협회: 10건
2026-06-21 12:52:35,069 INFO HTTP Request: GET https://mainbiz.or.kr/notice/notice.asp?page=1&bidx=5581&SFIELD=&GTXT=&gbn=1&bcate=&date_ing=&smem=&bgbn=V "HTTP/1.1 200 OK"
2026-06-21 12:52:35,930 INFO HTTP Request: GET https://mainbiz.or.kr/notice/company.asp?smen=2 "HTTP/1.1 200 OK"
2026-06-21 12:52:35,972 INFO 한국경영혁신중소기업협회: 10건
2026-06-21 12:52:36,608 INFO HTTP Request: GET https://mainbiz.or.kr/notice/company.asp?page=1&bidx=5582&SFIELD=&GTXT=&gbn=2&bcate=&date_ing=&smem=&bgbn=V "HTTP/1.1 200 OK"
2026-06-21 12:52:37,723 INFO HTTP Request: GET https://mainbiz.or.kr/notice/library.asp?smen=8 "HTTP/1.1 200 OK"
2026-06-21 12:52:37,763 INFO 한국경영혁신중소기업협회: 10건
2026-06-21 12:52:38,387 INFO HTTP Request: GET https://mainbiz.or.kr/notice/library.asp?page=1&bidx=5573&SFIELD=&GTXT=&gbn=4&bcate=&date_ing=&smem=&bgbn=V "HTTP/1.1 200 OK"
2026-06-21 12:52:39,356 INFO HTTP Request: GET https://www.kma.or.kr/usrs/tutor/tutorForm.do "HTTP/1.1 200 OK"
2026-06-21 12:52:39,540 INFO 한국능률협회(KMA): 86건
2026-06-21 12:52:40,637 INFO HTTP Request: GET https://www.kma.or.kr/usrs/eduRegMgnt/eduRegMgntForm.do?p_ctgry_id=571&mkey=36339 "HTTP/1.1 200 OK"
2026-06-21 12:52:41,521 INFO HTTP Request: GET https://www.ksure.or.kr/rh-kr/bbs/i-412/list.do "HTTP/1.1 200 OK"
2026-06-21 12:52:41,629 INFO 한국무역보험공사: 114건
2026-06-21 12:52:42,318 INFO HTTP Request: GET https://www.ksure.or.kr/rh-kr/cntnts/i-27/web.do "HTTP/1.1 200 OK"
2026-06-21 12:52:43,424 INFO HTTP Request: GET https://www.kipa.org/kipa/notice/kw_0403_01.jsp "HTTP/1.1 200 OK"
2026-06-21 12:52:43,492 INFO 한국발명진흥회: 10건
2026-06-21 12:52:44,553 INFO HTTP Request: GET https://www.kipa.org/kipa/notice/kw_0403_01.jsp?mode=view&article_no=126054&board_wrapper=%2Fkipa%2Fnotice%2Fkw_0403_01.jsp&pager.offset=0&board_no=28 "HTTP/1.1 200 OK"
2026-06-21 12:52:45,567 INFO HTTP Request: GET https://www.kipa.org/kipa/ip004/kw_apquestion_0501.jsp "HTTP/1.1 200 OK"
2026-06-21 12:52:45,659 INFO 한국발명진흥회: 10건
2026-06-21 12:52:46,717 INFO HTTP Request: GET https://www.kipa.org/kipa/ip004/kw_apquestion_0501.jsp?mode=view&article_no=126054&board_wrapper=%2Fkipa%2Fip004%2Fkw_apquestion_0501.jsp&pager.offset=0&board_no=28 "HTTP/1.1 200 OK"
2026-06-21 12:52:48,768 INFO HTTP Request: GET https://www.khidi.or.kr/board?menuId=MENU00099 "HTTP/1.1 200 200"
2026-06-21 12:52:48,865 INFO 한국보건산업진흥원: 10건
2026-06-21 12:52:51,161 INFO HTTP Request: GET https://www.khidi.or.kr/board/view?pageNum=1&rowCnt=10&no1=2549&linkId=48946053&menuId=MENU00099&maxIndex=00489460539998&minIndex=00489327059998&schType=0&schText=&schStartDate=&schEndDate=&boardStyle=&categoryId=&continent=&country= "HTTP/1.1 200 200"
2026-06-21 12:52:52,012 INFO HTTP Request: GET https://www.keit.re.kr/board.es?mid=a10301010000&bid=0009 "HTTP/1.1 200 OK"
2026-06-21 12:52:52,086 INFO 한국산업기술기획평가원(KEIT): 2건
2026-06-21 12:52:52,924 INFO HTTP Request: GET https://www.keit.re.kr/board.es?mid=a10301010000&bid=0009&act=view&list_no=127989&nPage=1 "HTTP/1.1 200 OK"
2026-06-21 12:52:53,797 INFO HTTP Request: GET https://www.hrdkorea.or.kr/3/1/1 "HTTP/1.1 200 OK"
2026-06-21 12:52:53,924 INFO 한국산업인력공단(HRDK): 10건
2026-06-21 12:52:54,507 INFO HTTP Request: GET https://www.hrdkorea.or.kr/3/1/1?k=55859&pageNo=&searchType=&searchText= "HTTP/1.1 200 OK"
2026-06-21 12:52:55,398 INFO HTTP Request: GET https://www.lmca.or.kr/22 "HTTP/1.1 200 OK"
2026-06-21 12:52:55,482 INFO 한국상생지원협회: 6건
2026-06-21 12:52:56,420 INFO HTTP Request: GET https://www.lmca.or.kr/22?category=J5h3II6713 "HTTP/1.1 200 OK"
2026-06-21 12:52:57,224 INFO HTTP Request: GET https://www.knrec.or.kr/biz/pds/notice/list.do "HTTP/1.1 200 OK"
2026-06-21 12:52:57,371 INFO 한국에너지공단 신재생에너지센터: 22건
2026-06-21 12:52:58,048 INFO HTTP Request: GET https://www.knrec.or.kr/biz/pds/notice/view.do?no=6644 "HTTP/1.1 200 OK"
2026-06-21 12:52:58,660 INFO HTTP Request: GET https://www.inventor.or.kr/bbs/board.php?bo_table=notice "HTTP/1.1 200 OK"
2026-06-21 12:52:58,684 INFO 한국여성발명협회: 15건
2026-06-21 12:52:59,381 INFO HTTP Request: GET https://www.inventor.or.kr/bbs/board.php?bo_table=notice&wr_id=217 "HTTP/1.1 200 OK"
2026-06-21 12:53:00,126 INFO HTTP Request: GET https://www.kisa.or.kr/401 "HTTP/1.1 200 200"
2026-06-21 12:53:00,167 INFO 한국인터넷진흥원(KISA): 10건
2026-06-21 12:53:00,734 INFO HTTP Request: GET https://www.kisa.or.kr/401/form?postSeq=3696&page=1 "HTTP/1.1 200 200"
2026-06-21 12:53:01,686 INFO HTTP Request: GET https://www.kocca.kr/kocca/bbs/list/B0000137.do?menuNo=204802 "HTTP/1.1 200 200"
2026-06-21 12:53:01,923 INFO 한국콘텐츠진흥원: 10건
2026-06-21 12:53:02,917 INFO HTTP Request: GET https://www.kocca.kr/kocca/bbs/view/B0000137/2012012.do?searchCnd=&searchWrd=&cateTp1=&cateTp2=&useYn=&menuNo=204802&categorys=0&subcate=0&cateCode=&type=&instNo=0&questionTp=&ufSetting=&recovery=&option1=&option2=&year=&morePage=&qtp=&domainId=&sortCode=&pageIndex=1 "HTTP/1.1 200 200"
2026-06-21 12:53:03,773 INFO HTTP Request: GET https://www.kocca.kr/kocca/pims/list.do?menuNo=204104&recptSt= "HTTP/1.1 200 200"
2026-06-21 12:53:03,896 INFO 한국콘텐츠진흥원: 10건
2026-06-21 12:53:04,823 INFO HTTP Request: GET https://www.kocca.kr/kocca/pims/view.do?intcNo=326D00059001&menuNo=204104&recptSt=&category=&pageIndex=1&search=&searchWrd= "HTTP/1.1 200 200"
2026-06-21 12:53:06,724 INFO HTTP Request: GET https://www.ksa.or.kr/ksa_kr/5217/subview.do "HTTP/1.1 200 OK"
2026-06-21 12:53:06,815 INFO 한국표준협회(KSA): 10건
2026-06-21 12:53:08,217 INFO HTTP Request: GET https://www.ksa.or.kr/bbs/ksa_kr/190/1590512/artclView.do "HTTP/1.1 200 OK"
2026-06-21 12:53:09,048 INFO HTTP Request: GET https://ksa.or.kr/bbs/ksa_kr/1021/artclList.do?layout=unknown "HTTP/1.1 302 Found"
2026-06-21 12:53:10,492 INFO HTTP Request: GET https://ksa.or.kr/ksa_kr/16279/subview.do;jsessionid=FEC795C89E1803D8A7CCDC9F56E45C58?enc=Zm5jdDF8QEB8JTJGYmJzJTJGa3NhX2tyJTJGMTAyMSUyRmFydGNsTGlzdC5kbyUzRg%3D%3D "HTTP/1.1 200 OK"
2026-06-21 12:53:10,576 INFO 한국표준협회(KSA): 10건
2026-06-21 12:53:11,987 INFO HTTP Request: GET https://ksa.or.kr/bbs/ksa_kr/1021/1590515/artclView.do "HTTP/1.1 200 OK"
2026-06-21 12:53:13,263 INFO HTTP Request: GET https://www.keco.or.kr/web/lay1/bbs/S1T10C108/A/18/list.do "HTTP/1.1 200 "
2026-06-21 12:53:13,510 INFO 한국환경공단: 10건
2026-06-21 12:53:14,756 INFO HTTP Request: GET https://www.keco.or.kr/web/lay1/bbs/S1T10C108/A/18/view.do?article_seq=99882&cpage=1&rows=10&condition=&keyword= "HTTP/1.1 200 "
2026-06-21 12:53:15,616 INFO HTTP Request: GET https://www.hongcheon.go.kr/www/selectBbsNttList.do?bbsNo=1&key=*** "HTTP/1.1 200 OK"
2026-06-21 12:53:15,756 INFO 홍천군청: 10건
2026-06-21 12:53:16,542 INFO HTTP Request: GET https://www.hongcheon.go.kr/www/selectBbsNttView.do?key=***&bbsNo=1&nttNo=141365&searchCtgry=&searchCnd=all&searchKrwd=&pageIndex=1 "HTTP/1.1 200 OK"
2026-06-21 12:53:17,224 INFO HTTP Request: GET https://www.hsbiz.or.kr/bbs/BBSMSTR_000000000040/list.do "HTTP/1.1 200 "
2026-06-21 12:53:17,306 INFO 화성산업진흥원: 4건
2026-06-21 12:53:18,640 INFO HTTP Request: GET https://www.hstree.org/news/notice.do "HTTP/1.1 200 OK"
2026-06-21 12:53:18,768 INFO 화성시인재육성재단: 11건
enabled 사이트: 220개

=== 사이트별 대표 링크 HTTP 상태 ===
[OK]        200 | 기업마당(Bizinfo)                          | https://www.bizinfo.go.kr/sii/siia/selectSIIA200Detail.do?
[OK]        200 | K-Startup                              | https://www.k-startup.go.kr/web/contents/bizpbanc-ongoing.
[OK]        200 | IRIS(범부처통합연구지원)                        | https://www.iris.go.kr/contents/retrieveBsnsAncmView.do?an
[OK]        200 | 중소벤처기업부                                | https://www.mss.go.kr/site/smba/ex/bbs/View.do?cbIdx=310&b
[!!]   NO_ITEMS | 과학기술정보통신부                              | 
[!!]   NO_ITEMS | 산업통상자원부                                | 
[OK]        200 | 고용노동부                                  | https://www.moel.go.kr/info/govsupport/govsupportcon/govSu
[OK]        200 | 농림축산식품부                                | https://www.mafra.go.kr/bbs/mafra/68/504081/artclView.do
[!!]   NO_ITEMS | 해양수산부                                  | 
[!!]   NO_ITEMS | 문화체육관광부                                | 
[!!]   NO_ITEMS | 기획재정부                                  | 
[OK]        200 | 국토교통부                                  | https://www.molit.go.kr/USR/BORD0201/m_69/DTL.jsp?id=N01_B
[OK]        200 | 정보통신산업진흥원(NIPA)                        | https://www.nipa.kr/home/bsnsAll/0/nttDetail?tab=2&bbsNo=4
[!!]   NO_ITEMS | 한국산업기술진흥원(KIAT)                        | 
[!!]   NO_ITEMS | 한국산업기술평가관리원(KEIT)                      | 
[!!]   NO_ITEMS | KOTRA(대한무역투자진흥공사)                      | 
[!!]   NO_ITEMS | 중소벤처기업진흥공단(KOSME)                      | 
[OK]        200 | 소진공 정책자금 온라인신청                         | https://ols.semas.or.kr/ols/man/SMAN051M/page.do
[!!]   NO_ITEMS | 창업진흥원(KISED)                           | 
[OK]        200 | 한국콘텐츠진흥원(사업공고)                         | https://www.kocca.kr/kocca/pims/view.do?intcNo=326D0005900
[OK]        200 | 한국콘텐츠진흥원(금융)                           | https://www.kocca.kr/kocca/bbs/view/B0158960/2011838.do?se
[!!]   NO_ITEMS | 한국무역보험공사(K-SURE)                       | 
[!!]   NO_ITEMS | 신용보증기금(KODIT)                          | 
[OK]        200 | 한국보건산업진흥원(KHIDI)                       | https://www.khidi.or.kr/board/view?pageNum=1&rowCnt=10&no1
[!!]   NO_ITEMS | 한국환경산업기술원(KEITI)                       | 
[OK]        200 | 한국에너지기술평가원(KETEP)                      | https://www.ketep.re.kr/businessAcment/view?menuId=MENU002
[!!]   NO_ITEMS | 한국디자인진흥원(KIDP)                         | 
[!!]   NO_ITEMS | 지역디자인통합플랫폼                             | 
[!!]   NO_ITEMS | 서울산업진흥원(SBA)                           | 
[!!]   NO_ITEMS | 경기도경제과학진흥원(GBSA)                       | 
[OK]        200 | 인천테크노파크                                | https://www.itp.or.kr/intro.asp?tmid=13&mode=view&seq=1087
[!!]   HTTP_ERR | 부산경제진흥원(BEP)                           | ConnectError
[OK]        200 | 대전테크노파크                                | https://www.djtp.or.kr/board.es?mid=a20102000000&bid=0102&
[!!]   NO_ITEMS | 마이페어                                   | 
[OK]        200 | 한국무역협회(KITA)                           | https://www.kita.net/asocBiz/asocBiz/asocBizOngoingView.do
[OK]        200 | SMTECH(중소기업기술개발)                       | https://www.smtech.go.kr/front/ifg/no/notice02_list.do
[OK]        200 | 경기TP                                   | https://pms.gtp.or.kr/web/business/webBusinessView.do?seq=
[!!]        404 | 경기스타트업플랫폼                              | https://www.gsp.or.kr/supportProject/UVSL0001View.do?seq=6
[OK]        200 | 창조경제혁신센터(공고)                           | https://ccei.creativekorea.or.kr/service/business_list.do
[OK]        200 | 창조경제혁신센터(행사)                           | https://ccei.creativekorea.or.kr/service/business_list.do
[!!]   NO_ITEMS | 서울TP                                   | 
[!!]   NO_ITEMS | 한국여성벤처협회                               | 
[!!]   NO_ITEMS | 혁신제품지정공고(나라장터)                         | 
[OK]        200 | 한국콘텐츠진흥원(일반공고)                         | https://www.kocca.kr/kocca/bbs/view/B0000137/2007344.do?se
[OK]        200 | 비즈오케이(BizOK) - 인천기업지원                  | https://bizok.incheon.go.kr/open_content/support.do?act=de
[!!]   NO_ITEMS | 비즈오케이 - 인천 연간사업공고계획                    | 
[OK]        200 | 인천광역시청 - 공고/고시                         | https://www.incheon.go.kr/IC010205/view?repSeq=DOM_0000000
[OK]        200 | 인천테크노파크(ITP) - 공지사항                    | https://www.itp.or.kr/intro.asp?tmid=15&mode=view&seq=1087
[OK]        200 | 인천경제자유구역청(IFEZ)                        | https://www.ifez.go.kr/main/pst/view.do?pst_id=noti03&pst_
[!!]   NO_ITEMS | 인천상공회의소                                | 
[OK]        200 | 인천수출경영자협의회                             | https://www.ema.or.kr/bbs_shop/read.htm?me_popup=&auto_fra
[OK]        200 | 인천소상공인종합지원센터                           | http://www.insupport.or.kr/sub/?mcode=0404010000&mode=2&no
[!!]   NO_ITEMS | 인천신용보증재단                               | 
[OK]        200 | 인천 중구청                                 | https://www.icjg.go.kr/krcm01b/285985?curPage=1
[!!]   NO_ITEMS | 인천 부평구청                                | 
[!!]   NO_ITEMS | KOTRA 무역투자24 - 사업공고                    | 
[!!]   NO_ITEMS | 소상공인시장진흥공단 - 사업공고                      | 
[OK]        200 | 한국보건산업진흥원(K-뷰티공고)                      | https://www.khidi.or.kr/board/view?pageNum=1&rowCnt=10&no1
[OK]        200 | 인천TP 마케팅센터(뷰티산업육성)                     | https://www.itp.or.kr/intro.asp?tmid=36&mode=view&seq=8341
[OK]        200 | 수출바우처(수출지원기반활용)                        | https://www.exportvoucher.com/portal/board/boardView?bbs_i
[OK]        200 | 중소기업 혁신바우처(MSSMIV)                     | https://www.mssmiv.com/portal/board/BoardView?seq=985
[OK]        200 | 예술경영지원센터                               | https://www.gokams.or.kr:/07_member/login.aspx
[OK]        200 | (재)헬스케어스파산업진흥원                         | https://hespa.or.kr/main/index.php?m_cd=23&b_id={{obj.b_id
[OK]        200 | MainBiz 메인 / 경영혁신형 중소기업                | https://www.smes.go.kr/mainbiz/usr/comNoticeView.do?pageNo
[OK]        200 | 강릉과학산업진흥원                              | https://gsipa.or.kr/board/bbs/board.php?bo_table=notice&wr
[OK]        200 | 강원경영자총협회                               | http://www.gwef.or.kr/bbs/board.php?bo_table=notice&wr_id=
[OK]        200 | 강원신용보증재단                               | https://www.gwsinbo.or.kr/board/board_view.php?view_id=807
[OK]        200 | 강원지속가능경제지원센터                           | https://gwse.or.kr:443/bbs/board.php?bo_table=sub41&sca=%E
[OK]        200 | 강원지역인적자원개발위원회                          | https://gwhrd.or.kr/bbs/board.php?bo_table=sub01_01&wr_id=
[OK]        200 | 강원테크노파크                                | https://www.gwtp.or.kr/gwtp/bbsNew_view.php?bbs_data=aWR4P
[OK]        200 | 강원테크노파크                                | https://www.gwtp.or.kr/gwtp/bbsNew_view.php?bbs_data=aWR4P
[OK]        200 | 강원특별자치도경제진흥원                           | https://www.gwep.or.kr/bbs/board.php?bo_table=gw_sub61&sca
[OK]        200 | 강원특별자치도경제진흥원                           | https://www.gwep.or.kr/bbs/board.php?bo_table=gw_sub21&sca
[OK]        200 | 경기도경제과학진흥원                             | https://www.gbsa.or.kr/board/notice.do?nttId=11365&pageInd
[OK]        200 | 경기도시장상권진흥원                             | https://www.gmr.or.kr:443/base/board/read?boardManagementN
[OK]        200 | 경기도여성가족재단                              | https://www.gwff.kr:443/base/board/read?boardManagementNo=
[OK]        200 | 경기지역인적자원개발위원회                          | https://www.gghrd.or.kr/board/notice.php?ptype=view&idx=34
[OK]        200 | 경기콘텐츠진흥원                               | https://www.gcon.or.kr/gcon/bbs/B0000001/view.do?nttId=119
[OK]        200 | 경기테크노파크                                | https://www.gtp.or.kr/web/bbs/noticeView.jsp?gubun=&cPage=
[OK]        200 | 경기테크노파크                                | https://www.gtp.or.kr/web/bbs/noticeView.jsp?gubun=&cPage=
[OK]        200 | 경남6차산업지원센터                             | https://www.xn--6-v85ew7hc2v44fiuk.com/board/board/view/su
[OK]        200 | 경남신용보증재단                               | https://www.gnsinbo.or.kr/bbs/board.php?bo_table=01_03_01_
[!!]   HTTP_ERR | 경남지역인적자원개발위원회                          | ConnectError
[!!]   NO_ITEMS | 경남테크노파크                                | 
[OK]        200 | 경북경영자총협회                               | http://kbef.or.kr/zbxe/support1/3103
[OK]        200 | 경북광역자활센터                               | https://gbssc.or.kr/notice/?mod=document&uid=691
[OK]        200 | 경북북부경영자협회                              | http://www.geea.or.kr/bbs/notice/249035
[OK]        200 | 경북여성정책개발원                              | https://forwoman.or.kr/main/contents.do?proc_type=view&a_n
[OK]        200 | 경북지역인적자원개발위원회                          | http://www.gbhrd.or.kr/zbxe/support1/4337
[OK]        200 | 경상북도 중소기업육성자금 GFund                    | https://www.gfund.kr/hp/info/M04_L01_view.do?seq=502&board
[OK]        200 | 경상북도경제진흥원                              | https://www.gepa.kr/?page_id=51&vid=837
[OK]        200 | 경상북도사회적경제지원센터                          | http://gbse.or.kr/HOME/gbse/sub.htm?mode=view&mv_data=aWR4
[OK]        200 | 고양산업진흥원                                | https://www.gipa.or.kr/community/01_1.php?admin_mode=read&
[OK]        200 | 광주경영자총협회                               | http://www.gjef.or.kr/ko/28/view?SEQ=119&page=1
[OK]        200 | 광주경제진흥상생일자리재단                          | https://www.gjep.or.kr/cms/bbs/cms.php?dk_cms=comm_01&sca=
[OK]        200 | 광주광역자활센터                               | http://www.gjjahwal.or.kr/ko/36/view?SEQ=573&page=1
[OK]        200 | 광주사회적경제지원센터                            | https://www.gjsec.kr/bbs/board.php?bo_table=noti&wr_id=290
[OK]        200 | 광주상공회의소                                | https://www.gjcci.or.kr/user/board/view/board_cd/3010/wr_n
[OK]        200 | 광주정보문화산업진흥원                            | https://www.gicon.or.kr/board.es?mid=a10204000000&bid=0003
[OK]        200 | 광주지역산업진흥원                              | https://gj.riia.or.kr/board/businessAnnouncement/view/0626
[OK]        200 | 광주지역인적자원개발위원회                          | https://www.gwangjuhrd.or.kr/user2/board/view/board_cd/501
[OK]        200 | 광주테크노파크                                | https://www.gjtp.or.kr/home/business.cs?act=view&bsnssId=2
[OK]        200 | 국가교육위원회                                | https://www.ne.go.kr/user/bbs/BD_selectBbs.do?q_bbsSn=1003
[OK]        200 | 국토교통과학기술진흥원                            | https://www.kaia.re.kr/portal/bbs/view/B0000006/13174.do;j
[OK]        200 | 군포산업진흥원                                | https://gpipa.or.kr/index.html
[OK]        200 | 군포산업진흥원                                | https://gpipa.or.kr/index.html
[OK]        200 | 기술보증기금(기보)                             | https://www.kibo.or.kr/main/board/boardType01.do?mode=view
[OK]        200 | 기업 SOS                                 | https://www.giupsos.or.kr/portal/lay1/bbs/S122T158C160/F/1
[OK]        200 | 기업마당                                   | https://www.bizinfo.go.kr/sii/siia/selectSIIA200Detail.do?
[OK]        200 | 기업직업훈련지원시스템                            | https://www.hrd4u.or.kr/hrddoctor/web/board/view.do?mId=34
[OK]        200 | 김포시청                                   | https://www.gimpo.go.kr/portal/ntfcPblancView.do?key=1004&
[OK]        200 | 김포시청                                   | https://www.gimpo.go.kr/portal/selectBbsNttView.do?key=999
[OK]        200 | 남북하나재단                                 | https://www.koreahana.or.kr/home/kor/main.do
[OK]        200 | 남양주시청                                  | https://www.nyj.go.kr/www/selectEminwonWebView.do?sa1Join=
[OK]        200 | 노사발전재단 일터혁신플랫폼                         | https://www.kwpi.or.kr/home/sub?menukey=7311&mode=view&dsn
[OK]        200 | 농림수산업자신용보증기금(농신보)                      | https://nongshinbo.nonghyup.com/user/boardList.do?command=
[OK]        200 | 대구경북경제자유구역청                            | https://www.dgfez.go.kr/page.php?pageNo=1&cmd=258&bod_uid=
[OK]        200 | 대구경북경제자유구역청                            | https://www.dgfez.go.kr/page.php?pageNo=1&cmd=258&bod_uid=
[OK]        200 | 대구경영자총협회                               | http://www.dgef.or.kr/Home/board/default.asp?v=2&g_no=3111
[OK]        200 | 대구창업허브 DASH                            | https://startup.daegu.go.kr/index.do?menu_id=00002530
[OK]        200 | 대전신용보증재단                               | https://www.sinbo.or.kr/sub04_01_01/view/id/4505
[OK]        200 | 대전일자리경제진흥원                             | https://www.djbea.or.kr/board/view?pageNum=1&rowCnt=10&no1
[OK]        200 | 대전지방국세청                                | https://www.hometax.go.kr
[OK]        200 | 대전지역인적자원개발위원회                          | https://djhrd.or.kr/sub0101/view/id/1311
[OK]        200 | 대전테크노파크                                | https://djtp.or.kr/board.es?mid=a20201000000&bid=0101&act=
[OK]        200 | 대전테크노파크                                | https://pms.dips.or.kr/pdfviewer/web/viewer.html?file=/pba
[OK]        200 | 부산경영자총협회                               | http://www.bsef.or.kr/03_news/news01.php?mode=view&id=869&
[OK]        200 | 서울특별시 사회적경제지원센터                        | https://sehub.net/archives/2156425
[OK]        200 | 세종일자리경제진흥원                             | https://www.sjepa.or.kr/news-announcement/view/id/1199
[OK]        200 | 세종테크노파크                                | https://sjtp.or.kr/bbs/board.php?bo_table=notice01&sca=%EA
[OK]        200 | 세종테크노파크                                | https://sjtp.or.kr/bbs/board.php?bo_table=business01&wr_id
[OK]        200 | 시흥산업진흥원                                | https://www.sida.kr/notification/newsView.html?uid=170&key
[!!]   HTTP_ERR | 안양시상권활성화센터                             | ConnectError
[OK]        200 | 용인시산업진흥원                               | https://ypa.or.kr/information/businessnotice/?mod=document
[OK]        200 | 울산양산경영자총협회                             | http://www.uyef.or.kr/V1/bbs/board.php?bo_table=cu01&wr_id
[OK]        200 | 울산일자리경제진흥원                             | https://www.ubpi.or.kr/sub/?mcode=0403010000&no=3484
[OK]        200 | 울산지역인적자원개발위원회                          | https://www.ulsanhrd.or.kr/bbs/view.php?board_id=notice&gu
[OK]        200 | 울산테크노파크                                | https://www.utp.or.kr/board/board.php?bo_table=sub0501&wr_
[!!]   HTTP_ERR | 원주의료기기산업진흥원                            | ConnectError
[OK]        200 | 은평구청                                   | https://www.ep.go.kr/www/selectBbsNttView.do?key=744&bbsNo
[OK]        200 | 이노비즈협회(사)중소기업기술혁신                      | https://www.innobiz.net/company/company1_view.asp?Seq=433&
[OK]        200 | 인천경영자총협회                               | https://www.inef.or.kr/news/notice.php?ptype=view&idx=7574
[OK]        200 | 인천광역시사회적경제지원센터                         | https://www.insehub.or.kr/bbs/board.php?bo_table=bbs_03010
[OK]        200 | 인천디자인지원센터                              | https://idsc.kr/_NBoard/board.php?bo_table=business&sca=%E
[OK]        200 | 인천디자인지원센터                              | https://idsc.kr/_NBoard/board.php?bo_table=business2&wr_id
[OK]        200 | 인천소상공인종합지원센터                           | https://www.insupport.or.kr/sub/?mcode=0404010000&mode=2&n
[OK]        200 | 전북창조경제혁신센터                             | https://event.jbci.or.kr/sub/s1_1_view.html?id=344&offset=
[OK]        200 | 전북테크노파크                                | https://www.jbtp.or.kr/board/view.jbtp?menuCd=DOM_00000010
[OK]        200 | 전북테크노파크                                | https://www.jbtp.or.kr/board/view.jbtp?menuCd=DOM_00000010
[OK]        200 | 전북특별자치도경제통상진흥원                         | https://www.jbba.kr:443/bbs/board.php?bo_table=sub01_09&wr
[OK]        200 | 전북특별자치도경제통상진흥원                         | https://www.jbba.kr:443/bbs/board.php?bo_table=sub02_07_01
[!!]   HTTP_ERR | 전주정보문화산업진흥원                            | ConnectError
[!!]   HTTP_ERR | 전주정보문화산업진흥원                            | ConnectError
[OK]        200 | 전통시장육성재단                               | https://tmdf.or.kr/sub/sub03_01.php?boardid=notice1&mode=v
[OK]        200 | 정보통신산업진흥원                              | https://www.nipa.kr/home/2-1/16459
[OK]        200 | 정보통신산업진흥원                              | https://www.nipa.kr/home/2-2/16820
[OK]        200 | 정부24                                   | https://www.ips.go.kr/
[OK]        200 | 정부24                                   | https://www.ips.go.kr/
[OK]        200 | 정부24                                   | https://www.ips.go.kr/
[OK]        200 | 정부24                                   | https://www.ips.go.kr/
[OK]        200 | 정부24                                   | https://www.ips.go.kr/
[OK]        200 | 정부24                                   | https://www.ips.go.kr/
[OK]        200 | 제주경영자총협회                               | http://jef.or.kr/bbs/board.php?bo_table=1_1_1_1&wr_id=260
[OK]        200 | 제주신용보증재단                               | https://www.jcgf.or.kr/bbs/board.php?bo_table=5_1_1_1&wr_i
[OK]        200 | 제주지역인적자원개발위원회                          | http://www.jejuhrd.or.kr/index.php/contents/community/noti
[OK]        200 | 제주특별자치도 경제통상진흥원                        | https://www.jba.or.kr/m/bbs/board.php?bo_table=2_1_1_1&wr_
[OK]        200 | 제주특별자치도 경제통상진흥원                        | https://www.jba.or.kr/m/bbs/board.php?bo_table=2_4_1_1&wr_
[OK]        200 | 제주특별자치도사회서비스원                          | https://jeju.pass.or.kr/notice-board/view/id/2665
[OK]        200 | 중소기업 기술개발사업 종합관리시스템                    | https://www.smtech.go.kr/front/ifg/no/notice01_detail.do;j
[OK]        200 | 중소기업 기술개발사업 종합관리시스템                    | https://www.smtech.go.kr/front/ifg/no/notice03_detail.do;j
[OK]        200 | 중소기업기술정보진흥원(TIPA)                      | https://www.tipa.or.kr/s040101/view/page/1/id/17492
[OK]        200 | 중소벤처기업연구원                              | https://www.kosi.re.kr/kosbiWar/front/functionDisplay?menu
[OK]        200 | 중소상공인희망재단                              | https://www.heemangfdn.or.kr/layout/res/home.php?go=pds.li
[OK]        200 | 중소상공인희망재단                              | https://www.heemangfdn.or.kr/layout/res/home.php?go=pds.li
[!!]   HTTP_ERR | 창원산업진흥원                                | ConnectError
[OK]        200 | 첨단정보통신융합산업기술원                          | https://iact.or.kr/module/board/board.php?bo_id=notice&sst
[OK]        200 | 첨단정보통신융합산업기술원                          | https://iact.or.kr/module/board/board.php?bo_id=business&s
[OK]        200 | 청년창업사관학교                               | http://hp.kosmes.or.kr
[OK]        200 | 청년창업사관학교                               | http://hp.kosmes.or.kr
[OK]        200 | 충남경제진흥원                                | https://www.cepa.or.kr/board/boardDetail.do?pm=6&ms=32&seq
[!!]   HTTP_ERR | 충남농업6차산업센터                             | ConnectError
[OK]        200 | 충남사회적경제지원센터                            | https://www.cnse.kr/app/board/view?md_id=center_news&code=
[OK]        200 | 충남테크노파크                                | https://www.ctp.or.kr/business/datadetail.do?seq=2709259
[OK]        200 | 충북농촌융복합산업지원센터                          | http://xn--6-482fq5fy8gs7i6jc.com/bbs/board.php?bo_table=n
[OK]        200 | 충북사회적경제센터                              | http://www.cbse.co/board/view/notice/1491
[OK]        200 | 충북신용보증재단                               | https://www.cbsinbo.or.kr/sub.php?code=123&mode=view&no=35
[OK]        200 | 충북지역인적자원개발위원회                          | https://www.cjrhrdc.org/post/1269
[!!]   HTTP_ERR | 충북테크노파크                                | ConnectError
[!!]   HTTP_ERR | 충북테크노파크                                | ConnectError
[!!]   HTTP_ERR | 충북테크노파크 컨택센터                           | ConnectError
[OK]        200 | 충청남도 소상공인 지원센터                         | https://sbiz.cepa.or.kr/sosang/board/boardDetail.do?pm=10&
[OK]        200 | 충청남도 소상공인 지원센터                         | https://www.cnsp.or.kr/project/view.do?seq=919
[OK]        200 | 충청북도기업진흥원                              | https://www.cba.ne.kr/home/sub.php?menukey=140&mod=view&no
[OK]        200 | 충청북도소상공인지원센터                           | https://www.cbsb.kr/home/sub.php?menukey=288&mod=view&no=2
[OK]        200 | 한국건강가정진흥원                              | https://www.kihf.or.kr/web/lay1/bbs/S1T838C97/A/3/view.do?
[OK]        200 | 한국경영기술지도사회                             | https://www.kmtca.or.kr/?p=23&tab=&mode=view&idx=156448&rI
[OK]        200 | 한국경영기술지도사회                             | https://www.kmtca.or.kr/?p=28&tab=&mode=view&idx=157099&rI
[OK]        200 | 한국경영기술지도사회                             | https://www.kmtca.or.kr/?p=128&tab=&mode=view&idx=155280&r
[OK]        200 | 한국경영혁신중소기업협회                           | https://mainbiz.or.kr/notice/notice.asp?page=1&bidx=5581&S
[OK]        200 | 한국경영혁신중소기업협회                           | https://mainbiz.or.kr/notice/company.asp?page=1&bidx=5582&
[OK]        200 | 한국경영혁신중소기업협회                           | https://mainbiz.or.kr/notice/library.asp?page=1&bidx=5573&
[OK]        200 | 한국능률협회(KMA)                            | https://www.kma.or.kr/usrs/eduRegMgnt/eduRegMgntForm.do?p_
[OK]        200 | 한국무역보험공사                               | https://www.ksure.or.kr/rh-kr/cntnts/i-27/web.do
[OK]        200 | 한국발명진흥회                                | https://www.kipa.org/kipa/notice/kw_0403_01.jsp?mode=view&
[OK]        200 | 한국발명진흥회                                | https://www.kipa.org/kipa/ip004/kw_apquestion_0501.jsp?mod
[OK]        200 | 한국보건산업진흥원                              | https://www.khidi.or.kr/board/view?pageNum=1&rowCnt=10&no1
[OK]        200 | 한국산업기술기획평가원(KEIT)                      | https://www.keit.re.kr/board.es?mid=a10301010000&bid=0009&
[OK]        200 | 한국산업인력공단(HRDK)                         | https://www.hrdkorea.or.kr/3/1/1?k=55859&pageNo=&searchTyp
[OK]        200 | 한국상생지원협회                               | https://www.lmca.or.kr/22?category=J5h3II6713
[OK]        200 | 한국에너지공단 신재생에너지센터                       | https://www.knrec.or.kr/biz/pds/notice/view.do?no=6644
[OK]        200 | 한국여성발명협회                               | https://www.inventor.or.kr/bbs/board.php?bo_table=notice&w
[OK]        200 | 한국인터넷진흥원(KISA)                         | https://www.kisa.or.kr/401/form?postSeq=3696&page=1
[OK]        200 | 한국콘텐츠진흥원                               | https://www.kocca.kr/kocca/bbs/view/B0000137/2012012.do?se
[OK]        200 | 한국콘텐츠진흥원                               | https://www.kocca.kr/kocca/pims/view.do?intcNo=326D0005900
[OK]        200 | 한국표준협회(KSA)                            | https://www.ksa.or.kr/bbs/ksa_kr/190/1590512/artclView.do
[OK]        200 | 한국표준협회(KSA)                            | https://ksa.or.kr/bbs/ksa_kr/1021/1590515/artclView.do
[OK]        200 | 한국환경공단                                 | https://www.keco.or.kr/web/lay1/bbs/S1T10C108/A/18/view.do
[OK]        200 | 홍천군청                                   | https://www.hongcheon.go.kr/www/selectBbsNttView.do?key=25
[!!]   HTTP_ERR | 화성산업진흥원                                | ConnectError
[!!]   HTTP_ERR | 화성시인재육성재단                              | ConnectError

정상(200): 178 / 220
확인 필요:
  - 과학기술정보통신부: NO_ITEMS ()
  - 산업통상자원부: NO_ITEMS ()
  - 해양수산부: NO_ITEMS ()
  - 문화체육관광부: NO_ITEMS ()
  - 기획재정부: NO_ITEMS ()
  - 한국산업기술진흥원(KIAT): NO_ITEMS ()
  - 한국산업기술평가관리원(KEIT): NO_ITEMS ()
  - KOTRA(대한무역투자진흥공사): NO_ITEMS ()
  - 중소벤처기업진흥공단(KOSME): NO_ITEMS ()
  - 창업진흥원(KISED): NO_ITEMS ()
  - 한국무역보험공사(K-SURE): NO_ITEMS ()
  - 신용보증기금(KODIT): NO_ITEMS ()
  - 한국환경산업기술원(KEITI): NO_ITEMS ()
  - 한국디자인진흥원(KIDP): NO_ITEMS ()
  - 지역디자인통합플랫폼: NO_ITEMS ()
  - 서울산업진흥원(SBA): NO_ITEMS ()
  - 경기도경제과학진흥원(GBSA): NO_ITEMS ()
  - 부산경제진흥원(BEP): HTTP_ERR (ConnectError)
  - 마이페어: NO_ITEMS ()
  - 경기스타트업플랫폼: 404 (https://www.gsp.or.kr/supportProject/UVSL0001View.do?seq=6)
  - 서울TP: NO_ITEMS ()
  - 한국여성벤처협회: NO_ITEMS ()
  - 혁신제품지정공고(나라장터): NO_ITEMS ()
  - 비즈오케이 - 인천 연간사업공고계획: NO_ITEMS ()
  - 인천상공회의소: NO_ITEMS ()
  - 인천신용보증재단: NO_ITEMS ()
  - 인천 부평구청: NO_ITEMS ()
  - KOTRA 무역투자24 - 사업공고: NO_ITEMS ()
  - 소상공인시장진흥공단 - 사업공고: NO_ITEMS ()
  - 경남지역인적자원개발위원회: HTTP_ERR (ConnectError)
  - 경남테크노파크: NO_ITEMS ()
  - 안양시상권활성화센터: HTTP_ERR (ConnectError)
  - 원주의료기기산업진흥원: HTTP_ERR (ConnectError)
  - 전주정보문화산업진흥원: HTTP_ERR (ConnectError)
  - 전주정보문화산업진흥원: HTTP_ERR (ConnectError)
  - 창원산업진흥원: HTTP_ERR (ConnectError)
  - 충남농업6차산업센터: HTTP_ERR (ConnectError)
  - 충북테크노파크: HTTP_ERR (ConnectError)
  - 충북테크노파크: HTTP_ERR (ConnectError)
  - 충북테크노파크 컨택센터: HTTP_ERR (ConnectError)
  - 화성산업진흥원: HTTP_ERR (ConnectError)
  - 화성시인재육성재단: HTTP_ERR (ConnectError)
