2026-06-20 21:58:35,604 INFO HTTP Request: GET https://www.bizinfo.go.kr/uss/rss/bizinfoApi.do?crtfcKey=***&dataType=json&searchCnt=99999 "HTTP/1.1 200 OK"
2026-06-20 21:58:35,605 INFO 기업마당(Bizinfo): 0건
2026-06-20 21:58:35,605 INFO 날짜분류(직전영업일-1, target=2026-06-19, today=2026-06-20): 확정 0 / 날짜불명 0 / 제외 0
2026-06-20 21:58:36,332 INFO HTTP Request: GET https://www.k-startup.go.kr/web/contents/bizpbanc-ongoing.do?schMenuId=10090&pageIndex=1&viewCount=100&pbancSttus=ing&pbancClssCd=PBC010 "HTTP/1.1 200 200"
2026-06-20 21:58:37,295 INFO HTTP Request: GET https://www.k-startup.go.kr/web/contents/bizpbanc-ongoing.do?schMenuId=10090&pageIndex=1&viewCount=100&pbancSttus=ing&pbancClssCd=PBC020 "HTTP/1.1 200 200"
2026-06-20 21:58:37,407 INFO K-Startup: 30건
2026-06-20 21:58:37,411 INFO 날짜분류(직전영업일-1, target=2026-06-19, today=2026-06-20): 확정 12 / 날짜불명 0 / 제외 18
2026-06-20 21:58:39,459 INFO HTTP Request: POST https://www.iris.go.kr/contents/retrieveBsnsAncmBtinSituList.do "HTTP/1.1 200 OK"
2026-06-20 21:58:39,460 INFO IRIS(범부처통합연구지원): 10건
2026-06-20 21:58:39,460 INFO 날짜분류(직전영업일-1, target=2026-06-19, today=2026-06-20): 확정 0 / 날짜불명 0 / 제외 10
2026-06-20 21:58:40,385 INFO HTTP Request: GET https://www.mss.go.kr/site/smba/ex/bbs/List.do?cbIdx=310 "HTTP/1.1 200 OK"
2026-06-20 21:58:40,511 INFO 중소벤처기업부: 10건
2026-06-20 21:58:40,511 INFO 날짜분류(직전영업일-1, target=2026-06-19, today=2026-06-20): 확정 2 / 날짜불명 0 / 제외 8
2026-06-20 21:58:41,024 INFO HTTP Request: GET https://www.msit.go.kr/bbs/list.do?sCode=user&mId=113&mPid=112 "HTTP/1.1 200 OK"
2026-06-20 21:58:41,025 INFO 과학기술정보통신부: 0건
2026-06-20 21:58:41,026 INFO 날짜분류(직전영업일-1, target=2026-06-19, today=2026-06-20): 확정 0 / 날짜불명 0 / 제외 0
2026-06-20 21:58:41,683 INFO HTTP Request: GET https://www.motie.go.kr/kor/article/ATCL2826a2625 "HTTP/1.1 301 Moved Permanently"
2026-06-20 21:58:41,924 INFO HTTP Request: GET https://www.motir.go.kr/kor/article/ATCL2826a2625 "HTTP/1.1 200 OK"
2026-06-20 21:58:42,002 INFO 산업통상자원부: 0건
2026-06-20 21:58:42,002 INFO 날짜분류(직전영업일-1, target=2026-06-19, today=2026-06-20): 확정 0 / 날짜불명 0 / 제외 0
2026-06-20 21:58:42,494 INFO HTTP Request: GET https://www.moel.go.kr/info/govsupport/govsupportcon/govSupportSubList.do "HTTP/1.1 200 OK"
2026-06-20 21:58:42,593 INFO 고용노동부: 10건
2026-06-20 21:58:42,593 INFO 날짜분류(직전영업일-1, target=2026-06-19, today=2026-06-20): 확정 0 / 날짜불명 0 / 제외 10
2026-06-20 21:58:43,478 INFO HTTP Request: GET https://www.mafra.go.kr/bbs/mafra/68/artclList.do "HTTP/1.1 200 OK"
2026-06-20 21:58:43,499 INFO 농림축산식품부: 10건
2026-06-20 21:58:43,499 INFO 날짜분류(직전영업일-1, target=2026-06-19, today=2026-06-20): 확정 0 / 날짜불명 0 / 제외 10
2026-06-20 21:58:44,011 INFO HTTP Request: GET https://www.mof.go.kr/article/list.do?menuKey=971&boardKey=10 "HTTP/1.1 404 Not Found"
2026-06-20 21:58:44,012 ERROR 접속 실패 https://www.mof.go.kr/article/list.do?menuKey=971&boardKey=10: Client error '404 Not Found' for url 'https://www.mof.go.kr/article/list.do?menuKey=971&boardKey=10'
For more information check: https://developer.mozilla.org/en-US/docs/Web/HTTP/Status/404
2026-06-20 21:58:44,012 INFO 날짜분류(직전영업일-1, target=2026-06-19, today=2026-06-20): 확정 0 / 날짜불명 0 / 제외 0
2026-06-20 21:58:44,466 INFO HTTP Request: GET https://www.mcst.go.kr/kor/s_notice/press/pressView.jsp "HTTP/1.1 302 Found"
2026-06-20 21:58:44,489 INFO HTTP Request: GET https://www.mcst.go.kr/site/s_notice/press/pressView.jsp "HTTP/1.1 200 OK"
2026-06-20 21:58:44,493 INFO 문화체육관광부: 0건
2026-06-20 21:58:44,493 INFO 날짜분류(직전영업일-1, target=2026-06-19, today=2026-06-20): 확정 0 / 날짜불명 0 / 제외 0
2026-06-20 21:58:45,485 INFO HTTP Request: GET https://www.moef.go.kr/nw/nes/nesdta.do?searchBbsId1=MOSFBBS_000000000028 "HTTP/1.1 301 Moved Permanently"
2026-06-20 21:58:45,713 INFO HTTP Request: GET https://mofe.go.kr/nw/nes/nesdta.do?searchBbsId1=MOSFBBS_000000000028 "HTTP/1.1 200 OK"
2026-06-20 21:58:45,829 INFO 기획재정부: 0건
2026-06-20 21:58:45,829 INFO 날짜분류(직전영업일-1, target=2026-06-19, today=2026-06-20): 확정 0 / 날짜불명 0 / 제외 0
2026-06-20 21:58:46,380 INFO HTTP Request: GET https://www.molit.go.kr/USR/BORD0201/m_69/lst.jsp "HTTP/1.0 307 Temporary Redirect"
2026-06-20 21:58:46,641 INFO HTTP Request: GET https://www.molit.go.kr/USR/BORD0201/m_69/lst.jsp "HTTP/1.1 200 OK"
2026-06-20 21:58:46,697 INFO 국토교통부: 10건
2026-06-20 21:58:46,697 INFO 날짜분류(직전영업일-1, target=2026-06-19, today=2026-06-20): 확정 9 / 날짜불명 0 / 제외 1
2026-06-20 21:58:47,368 INFO HTTP Request: GET https://www.nipa.kr/home/bsnsAll/0/nttList?bbsNo=4&tab=2&curPage=1 "HTTP/1.1 200 200"
2026-06-20 21:58:48,021 INFO HTTP Request: GET https://www.nipa.kr/home/bsnsAll/0/nttList?bbsNo=4&tab=2&curPage=2 "HTTP/1.1 200 200"
2026-06-20 21:58:48,873 INFO HTTP Request: GET https://www.nipa.kr/home/bsnsAll/0/nttList?bbsNo=4&tab=2&curPage=3 "HTTP/1.1 200 200"
2026-06-20 21:58:49,547 INFO HTTP Request: GET https://www.nipa.kr/home/bsnsAll/0/nttList?bbsNo=4&tab=2&curPage=4 "HTTP/1.1 200 200"
2026-06-20 21:58:50,260 INFO HTTP Request: GET https://www.nipa.kr/home/bsnsAll/0/nttList?bbsNo=4&tab=2&curPage=5 "HTTP/1.1 200 200"
2026-06-20 21:58:50,909 INFO HTTP Request: GET https://www.nipa.kr/home/bsnsAll/0/nttList?bbsNo=4&tab=2&curPage=6 "HTTP/1.1 200 200"
2026-06-20 21:58:51,529 INFO HTTP Request: GET https://www.nipa.kr/home/bsnsAll/0/nttList?bbsNo=4&tab=2&curPage=7 "HTTP/1.1 200 200"
2026-06-20 21:58:52,126 INFO HTTP Request: GET https://www.nipa.kr/home/bsnsAll/0/nttList?bbsNo=4&tab=2&curPage=8 "HTTP/1.1 200 200"
2026-06-20 21:58:52,722 INFO HTTP Request: GET https://www.nipa.kr/home/bsnsAll/0/nttList?bbsNo=4&tab=2&curPage=9 "HTTP/1.1 200 200"
2026-06-20 21:58:53,317 INFO HTTP Request: GET https://www.nipa.kr/home/bsnsAll/0/nttList?bbsNo=4&tab=2&curPage=10 "HTTP/1.1 200 200"
2026-06-20 21:58:53,922 INFO HTTP Request: GET https://www.nipa.kr/home/bsnsAll/0/nttList?bbsNo=4&tab=2&curPage=11 "HTTP/1.1 200 200"
2026-06-20 21:58:54,566 INFO HTTP Request: GET https://www.nipa.kr/home/bsnsAll/0/nttList?bbsNo=4&tab=2&curPage=12 "HTTP/1.1 200 200"
2026-06-20 21:58:55,381 INFO HTTP Request: GET https://www.nipa.kr/home/bsnsAll/0/nttList?bbsNo=4&tab=2&curPage=13 "HTTP/1.1 200 200"
2026-06-20 21:58:56,223 INFO HTTP Request: GET https://www.nipa.kr/home/bsnsAll/0/nttList?bbsNo=4&tab=2&curPage=14 "HTTP/1.1 200 200"
2026-06-20 21:58:56,918 INFO HTTP Request: GET https://www.nipa.kr/home/bsnsAll/0/nttList?bbsNo=4&tab=2&curPage=15 "HTTP/1.1 200 200"
2026-06-20 21:58:57,607 INFO HTTP Request: GET https://www.nipa.kr/home/bsnsAll/0/nttList?bbsNo=4&tab=2&curPage=16 "HTTP/1.1 200 200"
2026-06-20 21:58:58,306 INFO HTTP Request: GET https://www.nipa.kr/home/bsnsAll/0/nttList?bbsNo=4&tab=2&curPage=17 "HTTP/1.1 200 200"
2026-06-20 21:58:58,890 INFO HTTP Request: GET https://www.nipa.kr/home/bsnsAll/0/nttList?bbsNo=4&tab=2&curPage=18 "HTTP/1.1 200 200"
2026-06-20 21:58:59,502 INFO HTTP Request: GET https://www.nipa.kr/home/bsnsAll/0/nttList?bbsNo=4&tab=2&curPage=19 "HTTP/1.1 200 200"
2026-06-20 21:59:00,093 INFO HTTP Request: GET https://www.nipa.kr/home/bsnsAll/0/nttList?bbsNo=4&tab=2&curPage=20 "HTTP/1.1 200 200"
2026-06-20 21:59:00,790 INFO HTTP Request: GET https://www.nipa.kr/home/bsnsAll/0/nttList?bbsNo=4&tab=2&curPage=21 "HTTP/1.1 200 200"
2026-06-20 21:59:01,410 INFO HTTP Request: GET https://www.nipa.kr/home/bsnsAll/0/nttList?bbsNo=4&tab=2&curPage=22 "HTTP/1.1 200 200"
2026-06-20 21:59:02,054 INFO HTTP Request: GET https://www.nipa.kr/home/bsnsAll/0/nttList?bbsNo=4&tab=2&curPage=23 "HTTP/1.1 200 200"
2026-06-20 21:59:02,675 INFO HTTP Request: GET https://www.nipa.kr/home/bsnsAll/0/nttList?bbsNo=4&tab=2&curPage=24 "HTTP/1.1 200 200"
2026-06-20 21:59:03,319 INFO HTTP Request: GET https://www.nipa.kr/home/bsnsAll/0/nttList?bbsNo=4&tab=2&curPage=25 "HTTP/1.1 200 200"
2026-06-20 21:59:04,019 INFO HTTP Request: GET https://www.nipa.kr/home/bsnsAll/0/nttList?bbsNo=4&tab=2&curPage=26 "HTTP/1.1 200 200"
2026-06-20 21:59:04,866 INFO HTTP Request: GET https://www.nipa.kr/home/bsnsAll/0/nttList?bbsNo=4&tab=2&curPage=27 "HTTP/1.1 200 200"
2026-06-20 21:59:05,601 INFO HTTP Request: GET https://www.nipa.kr/home/bsnsAll/0/nttList?bbsNo=4&tab=2&curPage=28 "HTTP/1.1 200 200"
2026-06-20 21:59:06,226 INFO HTTP Request: GET https://www.nipa.kr/home/bsnsAll/0/nttList?bbsNo=4&tab=2&curPage=29 "HTTP/1.1 200 200"
2026-06-20 21:59:06,908 INFO HTTP Request: GET https://www.nipa.kr/home/bsnsAll/0/nttList?bbsNo=4&tab=2&curPage=30 "HTTP/1.1 200 200"
2026-06-20 21:59:07,563 INFO HTTP Request: GET https://www.nipa.kr/home/bsnsAll/0/nttList?bbsNo=4&tab=2&curPage=31 "HTTP/1.1 200 200"
2026-06-20 21:59:08,242 INFO HTTP Request: GET https://www.nipa.kr/home/bsnsAll/0/nttList?bbsNo=4&tab=2&curPage=32 "HTTP/1.1 200 200"
2026-06-20 21:59:08,945 INFO HTTP Request: GET https://www.nipa.kr/home/bsnsAll/0/nttList?bbsNo=4&tab=2&curPage=33 "HTTP/1.1 200 200"
2026-06-20 21:59:09,624 INFO HTTP Request: GET https://www.nipa.kr/home/bsnsAll/0/nttList?bbsNo=4&tab=2&curPage=34 "HTTP/1.1 200 200"
2026-06-20 21:59:10,397 INFO HTTP Request: GET https://www.nipa.kr/home/bsnsAll/0/nttList?bbsNo=4&tab=2&curPage=35 "HTTP/1.1 200 200"
2026-06-20 21:59:10,975 INFO HTTP Request: GET https://www.nipa.kr/home/bsnsAll/0/nttList?bbsNo=4&tab=2&curPage=36 "HTTP/1.1 200 200"
2026-06-20 21:59:11,532 INFO HTTP Request: GET https://www.nipa.kr/home/bsnsAll/0/nttList?bbsNo=4&tab=2&curPage=37 "HTTP/1.1 200 200"
2026-06-20 21:59:12,100 INFO HTTP Request: GET https://www.nipa.kr/home/bsnsAll/0/nttList?bbsNo=4&tab=2&curPage=38 "HTTP/1.1 200 200"
2026-06-20 21:59:12,756 INFO HTTP Request: GET https://www.nipa.kr/home/bsnsAll/0/nttList?bbsNo=4&tab=2&curPage=39 "HTTP/1.1 200 200"
2026-06-20 21:59:13,316 INFO HTTP Request: GET https://www.nipa.kr/home/bsnsAll/0/nttList?bbsNo=4&tab=2&curPage=40 "HTTP/1.1 200 200"
2026-06-20 21:59:13,965 INFO HTTP Request: GET https://www.nipa.kr/home/bsnsAll/0/nttList?bbsNo=4&tab=2&curPage=41 "HTTP/1.1 200 200"
2026-06-20 21:59:14,491 INFO HTTP Request: GET https://www.nipa.kr/home/bsnsAll/0/nttList?bbsNo=4&tab=2&curPage=42 "HTTP/1.1 200 200"
2026-06-20 21:59:15,055 INFO HTTP Request: GET https://www.nipa.kr/home/bsnsAll/0/nttList?bbsNo=4&tab=2&curPage=43 "HTTP/1.1 200 200"
2026-06-20 21:59:15,605 INFO HTTP Request: GET https://www.nipa.kr/home/bsnsAll/0/nttList?bbsNo=4&tab=2&curPage=44 "HTTP/1.1 200 200"
2026-06-20 21:59:16,142 INFO HTTP Request: GET https://www.nipa.kr/home/bsnsAll/0/nttList?bbsNo=4&tab=2&curPage=45 "HTTP/1.1 200 200"
2026-06-20 21:59:16,690 INFO HTTP Request: GET https://www.nipa.kr/home/bsnsAll/0/nttList?bbsNo=4&tab=2&curPage=46 "HTTP/1.1 200 200"
2026-06-20 21:59:17,209 INFO HTTP Request: GET https://www.nipa.kr/home/bsnsAll/0/nttList?bbsNo=4&tab=2&curPage=47 "HTTP/1.1 200 200"
2026-06-20 21:59:17,714 INFO HTTP Request: GET https://www.nipa.kr/home/bsnsAll/0/nttList?bbsNo=4&tab=2&curPage=48 "HTTP/1.1 200 200"
2026-06-20 21:59:18,275 INFO HTTP Request: GET https://www.nipa.kr/home/bsnsAll/0/nttList?bbsNo=4&tab=2&curPage=49 "HTTP/1.1 200 200"
2026-06-20 21:59:18,823 INFO HTTP Request: GET https://www.nipa.kr/home/bsnsAll/0/nttList?bbsNo=4&tab=2&curPage=50 "HTTP/1.1 200 200"
2026-06-20 21:59:19,353 INFO HTTP Request: GET https://www.nipa.kr/home/bsnsAll/0/nttList?bbsNo=4&tab=2&curPage=51 "HTTP/1.1 200 200"
2026-06-20 21:59:19,966 INFO HTTP Request: GET https://www.nipa.kr/home/bsnsAll/0/nttList?bbsNo=4&tab=2&curPage=52 "HTTP/1.1 200 200"
2026-06-20 21:59:20,576 INFO HTTP Request: GET https://www.nipa.kr/home/bsnsAll/0/nttList?bbsNo=4&tab=2&curPage=53 "HTTP/1.1 200 200"
2026-06-20 21:59:21,144 INFO HTTP Request: GET https://www.nipa.kr/home/bsnsAll/0/nttList?bbsNo=4&tab=2&curPage=54 "HTTP/1.1 200 200"
2026-06-20 21:59:21,690 INFO HTTP Request: GET https://www.nipa.kr/home/bsnsAll/0/nttList?bbsNo=4&tab=2&curPage=55 "HTTP/1.1 200 200"
2026-06-20 21:59:22,219 INFO HTTP Request: GET https://www.nipa.kr/home/bsnsAll/0/nttList?bbsNo=4&tab=2&curPage=56 "HTTP/1.1 200 200"
2026-06-20 21:59:22,732 INFO HTTP Request: GET https://www.nipa.kr/home/bsnsAll/0/nttList?bbsNo=4&tab=2&curPage=57 "HTTP/1.1 200 200"
2026-06-20 21:59:23,274 INFO HTTP Request: GET https://www.nipa.kr/home/bsnsAll/0/nttList?bbsNo=4&tab=2&curPage=58 "HTTP/1.1 200 200"
2026-06-20 21:59:23,795 INFO HTTP Request: GET https://www.nipa.kr/home/bsnsAll/0/nttList?bbsNo=4&tab=2&curPage=59 "HTTP/1.1 200 200"
2026-06-20 21:59:24,370 INFO HTTP Request: GET https://www.nipa.kr/home/bsnsAll/0/nttList?bbsNo=4&tab=2&curPage=60 "HTTP/1.1 200 200"
2026-06-20 21:59:24,963 INFO HTTP Request: GET https://www.nipa.kr/home/bsnsAll/0/nttList?bbsNo=4&tab=2&curPage=61 "HTTP/1.1 200 200"
2026-06-20 21:59:25,504 INFO HTTP Request: GET https://www.nipa.kr/home/bsnsAll/0/nttList?bbsNo=4&tab=2&curPage=62 "HTTP/1.1 200 200"
2026-06-20 21:59:26,009 INFO HTTP Request: GET https://www.nipa.kr/home/bsnsAll/0/nttList?bbsNo=4&tab=2&curPage=63 "HTTP/1.1 200 200"
2026-06-20 21:59:26,575 INFO HTTP Request: GET https://www.nipa.kr/home/bsnsAll/0/nttList?bbsNo=4&tab=2&curPage=64 "HTTP/1.1 200 200"
2026-06-20 21:59:27,120 INFO HTTP Request: GET https://www.nipa.kr/home/bsnsAll/0/nttList?bbsNo=4&tab=2&curPage=65 "HTTP/1.1 200 200"
2026-06-20 21:59:27,631 INFO HTTP Request: GET https://www.nipa.kr/home/bsnsAll/0/nttList?bbsNo=4&tab=2&curPage=66 "HTTP/1.1 200 200"
2026-06-20 21:59:28,199 INFO HTTP Request: GET https://www.nipa.kr/home/bsnsAll/0/nttList?bbsNo=4&tab=2&curPage=67 "HTTP/1.1 200 200"
2026-06-20 21:59:28,727 INFO HTTP Request: GET https://www.nipa.kr/home/bsnsAll/0/nttList?bbsNo=4&tab=2&curPage=68 "HTTP/1.1 200 200"
2026-06-20 21:59:29,246 INFO HTTP Request: GET https://www.nipa.kr/home/bsnsAll/0/nttList?bbsNo=4&tab=2&curPage=69 "HTTP/1.1 200 200"
2026-06-20 21:59:29,727 INFO HTTP Request: GET https://www.nipa.kr/home/bsnsAll/0/nttList?bbsNo=4&tab=2&curPage=70 "HTTP/1.1 200 200"
2026-06-20 21:59:30,256 INFO HTTP Request: GET https://www.nipa.kr/home/bsnsAll/0/nttList?bbsNo=4&tab=2&curPage=71 "HTTP/1.1 200 200"
2026-06-20 21:59:30,793 INFO HTTP Request: GET https://www.nipa.kr/home/bsnsAll/0/nttList?bbsNo=4&tab=2&curPage=72 "HTTP/1.1 200 200"
2026-06-20 21:59:31,322 INFO HTTP Request: GET https://www.nipa.kr/home/bsnsAll/0/nttList?bbsNo=4&tab=2&curPage=73 "HTTP/1.1 200 200"
2026-06-20 21:59:31,869 INFO HTTP Request: GET https://www.nipa.kr/home/bsnsAll/0/nttList?bbsNo=4&tab=2&curPage=74 "HTTP/1.1 200 200"
2026-06-20 21:59:32,465 INFO HTTP Request: GET https://www.nipa.kr/home/bsnsAll/0/nttList?bbsNo=4&tab=2&curPage=75 "HTTP/1.1 200 200"
2026-06-20 21:59:33,103 INFO HTTP Request: GET https://www.nipa.kr/home/bsnsAll/0/nttList?bbsNo=4&tab=2&curPage=76 "HTTP/1.1 200 200"
2026-06-20 21:59:33,623 INFO HTTP Request: GET https://www.nipa.kr/home/bsnsAll/0/nttList?bbsNo=4&tab=2&curPage=77 "HTTP/1.1 200 200"
2026-06-20 21:59:34,115 INFO HTTP Request: GET https://www.nipa.kr/home/bsnsAll/0/nttList?bbsNo=4&tab=2&curPage=78 "HTTP/1.1 200 200"
2026-06-20 21:59:34,634 INFO HTTP Request: GET https://www.nipa.kr/home/bsnsAll/0/nttList?bbsNo=4&tab=2&curPage=79 "HTTP/1.1 200 200"
2026-06-20 21:59:35,219 INFO HTTP Request: GET https://www.nipa.kr/home/bsnsAll/0/nttList?bbsNo=4&tab=2&curPage=80 "HTTP/1.1 200 200"
2026-06-20 21:59:35,734 INFO HTTP Request: GET https://www.nipa.kr/home/bsnsAll/0/nttList?bbsNo=4&tab=2&curPage=81 "HTTP/1.1 200 200"
2026-06-20 21:59:36,293 INFO HTTP Request: GET https://www.nipa.kr/home/bsnsAll/0/nttList?bbsNo=4&tab=2&curPage=82 "HTTP/1.1 200 200"
2026-06-20 21:59:36,782 INFO HTTP Request: GET https://www.nipa.kr/home/bsnsAll/0/nttList?bbsNo=4&tab=2&curPage=83 "HTTP/1.1 200 200"
2026-06-20 21:59:37,301 INFO HTTP Request: GET https://www.nipa.kr/home/bsnsAll/0/nttList?bbsNo=4&tab=2&curPage=84 "HTTP/1.1 200 200"
2026-06-20 21:59:37,868 INFO HTTP Request: GET https://www.nipa.kr/home/bsnsAll/0/nttList?bbsNo=4&tab=2&curPage=85 "HTTP/1.1 200 200"
2026-06-20 21:59:38,421 INFO HTTP Request: GET https://www.nipa.kr/home/bsnsAll/0/nttList?bbsNo=4&tab=2&curPage=86 "HTTP/1.1 200 200"
2026-06-20 21:59:38,937 INFO HTTP Request: GET https://www.nipa.kr/home/bsnsAll/0/nttList?bbsNo=4&tab=2&curPage=87 "HTTP/1.1 200 200"
2026-06-20 21:59:39,466 INFO HTTP Request: GET https://www.nipa.kr/home/bsnsAll/0/nttList?bbsNo=4&tab=2&curPage=88 "HTTP/1.1 200 200"
2026-06-20 21:59:40,021 INFO HTTP Request: GET https://www.nipa.kr/home/bsnsAll/0/nttList?bbsNo=4&tab=2&curPage=89 "HTTP/1.1 200 200"
2026-06-20 21:59:40,561 INFO HTTP Request: GET https://www.nipa.kr/home/bsnsAll/0/nttList?bbsNo=4&tab=2&curPage=90 "HTTP/1.1 200 200"
2026-06-20 21:59:41,119 INFO HTTP Request: GET https://www.nipa.kr/home/bsnsAll/0/nttList?bbsNo=4&tab=2&curPage=91 "HTTP/1.1 200 200"
2026-06-20 21:59:41,661 INFO HTTP Request: GET https://www.nipa.kr/home/bsnsAll/0/nttList?bbsNo=4&tab=2&curPage=92 "HTTP/1.1 200 200"
2026-06-20 21:59:42,255 INFO HTTP Request: GET https://www.nipa.kr/home/bsnsAll/0/nttList?bbsNo=4&tab=2&curPage=93 "HTTP/1.1 200 200"
2026-06-20 21:59:42,765 INFO HTTP Request: GET https://www.nipa.kr/home/bsnsAll/0/nttList?bbsNo=4&tab=2&curPage=94 "HTTP/1.1 200 200"
2026-06-20 21:59:43,294 INFO HTTP Request: GET https://www.nipa.kr/home/bsnsAll/0/nttList?bbsNo=4&tab=2&curPage=95 "HTTP/1.1 200 200"
2026-06-20 21:59:43,832 INFO HTTP Request: GET https://www.nipa.kr/home/bsnsAll/0/nttList?bbsNo=4&tab=2&curPage=96 "HTTP/1.1 200 200"
2026-06-20 21:59:44,369 INFO HTTP Request: GET https://www.nipa.kr/home/bsnsAll/0/nttList?bbsNo=4&tab=2&curPage=97 "HTTP/1.1 200 200"
2026-06-20 21:59:44,871 INFO HTTP Request: GET https://www.nipa.kr/home/bsnsAll/0/nttList?bbsNo=4&tab=2&curPage=98 "HTTP/1.1 200 200"
2026-06-20 21:59:45,425 INFO HTTP Request: GET https://www.nipa.kr/home/bsnsAll/0/nttList?bbsNo=4&tab=2&curPage=99 "HTTP/1.1 200 200"
2026-06-20 21:59:45,893 INFO HTTP Request: GET https://www.nipa.kr/home/bsnsAll/0/nttList?bbsNo=4&tab=2&curPage=100 "HTTP/1.1 200 200"
2026-06-20 21:59:46,403 INFO HTTP Request: GET https://www.nipa.kr/home/bsnsAll/0/nttList?bbsNo=4&tab=2&curPage=101 "HTTP/1.1 200 200"
2026-06-20 21:59:46,904 INFO HTTP Request: GET https://www.nipa.kr/home/bsnsAll/0/nttList?bbsNo=4&tab=2&curPage=102 "HTTP/1.1 200 200"
2026-06-20 21:59:47,469 INFO HTTP Request: GET https://www.nipa.kr/home/bsnsAll/0/nttList?bbsNo=4&tab=2&curPage=103 "HTTP/1.1 200 200"
2026-06-20 21:59:48,010 INFO HTTP Request: GET https://www.nipa.kr/home/bsnsAll/0/nttList?bbsNo=4&tab=2&curPage=104 "HTTP/1.1 200 200"
2026-06-20 21:59:48,559 INFO HTTP Request: GET https://www.nipa.kr/home/bsnsAll/0/nttList?bbsNo=4&tab=2&curPage=105 "HTTP/1.1 200 200"
2026-06-20 21:59:49,082 INFO HTTP Request: GET https://www.nipa.kr/home/bsnsAll/0/nttList?bbsNo=4&tab=2&curPage=106 "HTTP/1.1 200 200"
2026-06-20 21:59:49,670 INFO HTTP Request: GET https://www.nipa.kr/home/bsnsAll/0/nttList?bbsNo=4&tab=2&curPage=107 "HTTP/1.1 200 200"
2026-06-20 21:59:50,238 INFO HTTP Request: GET https://www.nipa.kr/home/bsnsAll/0/nttList?bbsNo=4&tab=2&curPage=108 "HTTP/1.1 200 200"
2026-06-20 21:59:50,770 INFO HTTP Request: GET https://www.nipa.kr/home/bsnsAll/0/nttList?bbsNo=4&tab=2&curPage=109 "HTTP/1.1 200 200"
2026-06-20 21:59:51,295 INFO HTTP Request: GET https://www.nipa.kr/home/bsnsAll/0/nttList?bbsNo=4&tab=2&curPage=110 "HTTP/1.1 200 200"
2026-06-20 21:59:51,858 INFO HTTP Request: GET https://www.nipa.kr/home/bsnsAll/0/nttList?bbsNo=4&tab=2&curPage=111 "HTTP/1.1 200 200"
2026-06-20 21:59:52,545 INFO HTTP Request: GET https://www.nipa.kr/home/bsnsAll/0/nttList?bbsNo=4&tab=2&curPage=112 "HTTP/1.1 200 200"
2026-06-20 21:59:53,051 INFO HTTP Request: GET https://www.nipa.kr/home/bsnsAll/0/nttList?bbsNo=4&tab=2&curPage=113 "HTTP/1.1 200 200"
2026-06-20 21:59:53,590 INFO HTTP Request: GET https://www.nipa.kr/home/bsnsAll/0/nttList?bbsNo=4&tab=2&curPage=114 "HTTP/1.1 200 200"
2026-06-20 21:59:54,118 INFO HTTP Request: GET https://www.nipa.kr/home/bsnsAll/0/nttList?bbsNo=4&tab=2&curPage=115 "HTTP/1.1 200 200"
2026-06-20 21:59:54,598 INFO HTTP Request: GET https://www.nipa.kr/home/bsnsAll/0/nttList?bbsNo=4&tab=2&curPage=116 "HTTP/1.1 200 200"
2026-06-20 21:59:55,128 INFO HTTP Request: GET https://www.nipa.kr/home/bsnsAll/0/nttList?bbsNo=4&tab=2&curPage=117 "HTTP/1.1 200 200"
2026-06-20 21:59:55,655 INFO HTTP Request: GET https://www.nipa.kr/home/bsnsAll/0/nttList?bbsNo=4&tab=2&curPage=118 "HTTP/1.1 200 200"
2026-06-20 21:59:56,178 INFO HTTP Request: GET https://www.nipa.kr/home/bsnsAll/0/nttList?bbsNo=4&tab=2&curPage=119 "HTTP/1.1 200 200"
2026-06-20 21:59:56,706 INFO HTTP Request: GET https://www.nipa.kr/home/bsnsAll/0/nttList?bbsNo=4&tab=2&curPage=120 "HTTP/1.1 200 200"
2026-06-20 21:59:57,288 INFO HTTP Request: GET https://www.nipa.kr/home/bsnsAll/0/nttList?bbsNo=4&tab=2&curPage=121 "HTTP/1.1 200 200"
2026-06-20 21:59:57,774 INFO HTTP Request: GET https://www.nipa.kr/home/bsnsAll/0/nttList?bbsNo=4&tab=2&curPage=122 "HTTP/1.1 200 200"
2026-06-20 21:59:58,272 INFO HTTP Request: GET https://www.nipa.kr/home/bsnsAll/0/nttList?bbsNo=4&tab=2&curPage=123 "HTTP/1.1 200 200"
2026-06-20 21:59:58,800 INFO HTTP Request: GET https://www.nipa.kr/home/bsnsAll/0/nttList?bbsNo=4&tab=2&curPage=124 "HTTP/1.1 200 200"
2026-06-20 21:59:59,350 INFO HTTP Request: GET https://www.nipa.kr/home/bsnsAll/0/nttList?bbsNo=4&tab=2&curPage=125 "HTTP/1.1 200 200"
2026-06-20 21:59:59,874 INFO HTTP Request: GET https://www.nipa.kr/home/bsnsAll/0/nttList?bbsNo=4&tab=2&curPage=126 "HTTP/1.1 200 200"
2026-06-20 22:00:00,453 INFO HTTP Request: GET https://www.nipa.kr/home/bsnsAll/0/nttList?bbsNo=4&tab=2&curPage=127 "HTTP/1.1 200 200"
2026-06-20 22:00:00,981 INFO HTTP Request: GET https://www.nipa.kr/home/bsnsAll/0/nttList?bbsNo=4&tab=2&curPage=128 "HTTP/1.1 200 200"
2026-06-20 22:00:01,531 INFO HTTP Request: GET https://www.nipa.kr/home/bsnsAll/0/nttList?bbsNo=4&tab=2&curPage=129 "HTTP/1.1 200 200"
2026-06-20 22:00:02,046 INFO HTTP Request: GET https://www.nipa.kr/home/bsnsAll/0/nttList?bbsNo=4&tab=2&curPage=130 "HTTP/1.1 200 200"
2026-06-20 22:00:02,564 INFO HTTP Request: GET https://www.nipa.kr/home/bsnsAll/0/nttList?bbsNo=4&tab=2&curPage=131 "HTTP/1.1 200 200"
2026-06-20 22:00:03,141 INFO HTTP Request: GET https://www.nipa.kr/home/bsnsAll/0/nttList?bbsNo=4&tab=2&curPage=132 "HTTP/1.1 200 200"
2026-06-20 22:00:03,772 INFO HTTP Request: GET https://www.nipa.kr/home/bsnsAll/0/nttList?bbsNo=4&tab=2&curPage=133 "HTTP/1.1 200 200"
2026-06-20 22:00:04,374 INFO HTTP Request: GET https://www.nipa.kr/home/bsnsAll/0/nttList?bbsNo=4&tab=2&curPage=134 "HTTP/1.1 200 200"
2026-06-20 22:00:04,905 INFO HTTP Request: GET https://www.nipa.kr/home/bsnsAll/0/nttList?bbsNo=4&tab=2&curPage=135 "HTTP/1.1 200 200"
2026-06-20 22:00:05,553 INFO HTTP Request: GET https://www.nipa.kr/home/bsnsAll/0/nttList?bbsNo=4&tab=2&curPage=136 "HTTP/1.1 200 200"
2026-06-20 22:00:06,065 INFO HTTP Request: GET https://www.nipa.kr/home/bsnsAll/0/nttList?bbsNo=4&tab=2&curPage=137 "HTTP/1.1 200 200"
2026-06-20 22:00:06,617 INFO HTTP Request: GET https://www.nipa.kr/home/bsnsAll/0/nttList?bbsNo=4&tab=2&curPage=138 "HTTP/1.1 200 200"
2026-06-20 22:00:07,134 INFO HTTP Request: GET https://www.nipa.kr/home/bsnsAll/0/nttList?bbsNo=4&tab=2&curPage=139 "HTTP/1.1 200 200"
2026-06-20 22:00:07,665 INFO HTTP Request: GET https://www.nipa.kr/home/bsnsAll/0/nttList?bbsNo=4&tab=2&curPage=140 "HTTP/1.1 200 200"
2026-06-20 22:00:08,165 INFO HTTP Request: GET https://www.nipa.kr/home/bsnsAll/0/nttList?bbsNo=4&tab=2&curPage=141 "HTTP/1.1 200 200"
2026-06-20 22:00:08,657 INFO HTTP Request: GET https://www.nipa.kr/home/bsnsAll/0/nttList?bbsNo=4&tab=2&curPage=142 "HTTP/1.1 200 200"
2026-06-20 22:00:09,143 INFO HTTP Request: GET https://www.nipa.kr/home/bsnsAll/0/nttList?bbsNo=4&tab=2&curPage=143 "HTTP/1.1 200 200"
2026-06-20 22:00:09,686 INFO HTTP Request: GET https://www.nipa.kr/home/bsnsAll/0/nttList?bbsNo=4&tab=2&curPage=144 "HTTP/1.1 200 200"
2026-06-20 22:00:10,238 INFO HTTP Request: GET https://www.nipa.kr/home/bsnsAll/0/nttList?bbsNo=4&tab=2&curPage=145 "HTTP/1.1 200 200"
2026-06-20 22:00:10,764 INFO HTTP Request: GET https://www.nipa.kr/home/bsnsAll/0/nttList?bbsNo=4&tab=2&curPage=146 "HTTP/1.1 200 200"
2026-06-20 22:00:11,484 INFO HTTP Request: GET https://www.nipa.kr/home/bsnsAll/0/nttList?bbsNo=4&tab=2&curPage=147 "HTTP/1.1 200 200"
2026-06-20 22:00:12,023 INFO HTTP Request: GET https://www.nipa.kr/home/bsnsAll/0/nttList?bbsNo=4&tab=2&curPage=148 "HTTP/1.1 200 200"
2026-06-20 22:00:12,549 INFO HTTP Request: GET https://www.nipa.kr/home/bsnsAll/0/nttList?bbsNo=4&tab=2&curPage=149 "HTTP/1.1 200 200"
2026-06-20 22:00:13,060 INFO HTTP Request: GET https://www.nipa.kr/home/bsnsAll/0/nttList?bbsNo=4&tab=2&curPage=150 "HTTP/1.1 200 200"
2026-06-20 22:00:13,581 INFO HTTP Request: GET https://www.nipa.kr/home/bsnsAll/0/nttList?bbsNo=4&tab=2&curPage=151 "HTTP/1.1 200 200"
2026-06-20 22:00:14,093 INFO HTTP Request: GET https://www.nipa.kr/home/bsnsAll/0/nttList?bbsNo=4&tab=2&curPage=152 "HTTP/1.1 200 200"
2026-06-20 22:00:14,641 INFO HTTP Request: GET https://www.nipa.kr/home/bsnsAll/0/nttList?bbsNo=4&tab=2&curPage=153 "HTTP/1.1 200 200"
2026-06-20 22:00:15,183 INFO HTTP Request: GET https://www.nipa.kr/home/bsnsAll/0/nttList?bbsNo=4&tab=2&curPage=154 "HTTP/1.1 200 200"
2026-06-20 22:00:15,691 INFO HTTP Request: GET https://www.nipa.kr/home/bsnsAll/0/nttList?bbsNo=4&tab=2&curPage=155 "HTTP/1.1 200 200"
2026-06-20 22:00:16,178 INFO HTTP Request: GET https://www.nipa.kr/home/bsnsAll/0/nttList?bbsNo=4&tab=2&curPage=156 "HTTP/1.1 200 200"
2026-06-20 22:00:16,669 INFO HTTP Request: GET https://www.nipa.kr/home/bsnsAll/0/nttList?bbsNo=4&tab=2&curPage=157 "HTTP/1.1 200 200"
2026-06-20 22:00:17,131 INFO HTTP Request: GET https://www.nipa.kr/home/bsnsAll/0/nttList?bbsNo=4&tab=2&curPage=158 "HTTP/1.1 200 200"
2026-06-20 22:00:17,626 INFO HTTP Request: GET https://www.nipa.kr/home/bsnsAll/0/nttList?bbsNo=4&tab=2&curPage=159 "HTTP/1.1 200 200"
2026-06-20 22:00:18,113 INFO HTTP Request: GET https://www.nipa.kr/home/bsnsAll/0/nttList?bbsNo=4&tab=2&curPage=160 "HTTP/1.1 200 200"
2026-06-20 22:00:18,703 INFO HTTP Request: GET https://www.nipa.kr/home/bsnsAll/0/nttList?bbsNo=4&tab=2&curPage=161 "HTTP/1.1 200 200"
2026-06-20 22:00:19,240 INFO HTTP Request: GET https://www.nipa.kr/home/bsnsAll/0/nttList?bbsNo=4&tab=2&curPage=162 "HTTP/1.1 200 200"
2026-06-20 22:00:19,741 INFO HTTP Request: GET https://www.nipa.kr/home/bsnsAll/0/nttList?bbsNo=4&tab=2&curPage=163 "HTTP/1.1 200 200"
2026-06-20 22:00:20,311 INFO HTTP Request: GET https://www.nipa.kr/home/bsnsAll/0/nttList?bbsNo=4&tab=2&curPage=164 "HTTP/1.1 200 200"
2026-06-20 22:00:20,869 INFO HTTP Request: GET https://www.nipa.kr/home/bsnsAll/0/nttList?bbsNo=4&tab=2&curPage=165 "HTTP/1.1 200 200"
2026-06-20 22:00:21,448 INFO HTTP Request: GET https://www.nipa.kr/home/bsnsAll/0/nttList?bbsNo=4&tab=2&curPage=166 "HTTP/1.1 200 200"
2026-06-20 22:00:22,000 INFO HTTP Request: GET https://www.nipa.kr/home/bsnsAll/0/nttList?bbsNo=4&tab=2&curPage=167 "HTTP/1.1 200 200"
2026-06-20 22:00:22,627 INFO HTTP Request: GET https://www.nipa.kr/home/bsnsAll/0/nttList?bbsNo=4&tab=2&curPage=168 "HTTP/1.1 200 200"
2026-06-20 22:00:23,182 INFO HTTP Request: GET https://www.nipa.kr/home/bsnsAll/0/nttList?bbsNo=4&tab=2&curPage=169 "HTTP/1.1 200 200"
2026-06-20 22:00:23,731 INFO HTTP Request: GET https://www.nipa.kr/home/bsnsAll/0/nttList?bbsNo=4&tab=2&curPage=170 "HTTP/1.1 200 200"
2026-06-20 22:00:24,239 INFO HTTP Request: GET https://www.nipa.kr/home/bsnsAll/0/nttList?bbsNo=4&tab=2&curPage=171 "HTTP/1.1 200 200"
2026-06-20 22:00:24,732 INFO HTTP Request: GET https://www.nipa.kr/home/bsnsAll/0/nttList?bbsNo=4&tab=2&curPage=172 "HTTP/1.1 200 200"
2026-06-20 22:00:25,210 INFO HTTP Request: GET https://www.nipa.kr/home/bsnsAll/0/nttList?bbsNo=4&tab=2&curPage=173 "HTTP/1.1 200 200"
2026-06-20 22:00:25,704 INFO HTTP Request: GET https://www.nipa.kr/home/bsnsAll/0/nttList?bbsNo=4&tab=2&curPage=174 "HTTP/1.1 200 200"
2026-06-20 22:00:26,198 INFO HTTP Request: GET https://www.nipa.kr/home/bsnsAll/0/nttList?bbsNo=4&tab=2&curPage=175 "HTTP/1.1 200 200"
2026-06-20 22:00:26,753 INFO HTTP Request: GET https://www.nipa.kr/home/bsnsAll/0/nttList?bbsNo=4&tab=2&curPage=176 "HTTP/1.1 200 200"
2026-06-20 22:00:27,233 INFO HTTP Request: GET https://www.nipa.kr/home/bsnsAll/0/nttList?bbsNo=4&tab=2&curPage=177 "HTTP/1.1 200 200"
2026-06-20 22:00:27,726 INFO HTTP Request: GET https://www.nipa.kr/home/bsnsAll/0/nttList?bbsNo=4&tab=2&curPage=178 "HTTP/1.1 200 200"
2026-06-20 22:00:28,206 INFO HTTP Request: GET https://www.nipa.kr/home/bsnsAll/0/nttList?bbsNo=4&tab=2&curPage=179 "HTTP/1.1 200 200"
2026-06-20 22:00:28,755 INFO HTTP Request: GET https://www.nipa.kr/home/bsnsAll/0/nttList?bbsNo=4&tab=2&curPage=180 "HTTP/1.1 200 200"
2026-06-20 22:00:29,264 INFO HTTP Request: GET https://www.nipa.kr/home/bsnsAll/0/nttList?bbsNo=4&tab=2&curPage=181 "HTTP/1.1 200 200"
2026-06-20 22:00:29,755 INFO HTTP Request: GET https://www.nipa.kr/home/bsnsAll/0/nttList?bbsNo=4&tab=2&curPage=182 "HTTP/1.1 200 200"
2026-06-20 22:00:30,460 INFO HTTP Request: GET https://www.nipa.kr/home/bsnsAll/0/nttList?bbsNo=4&tab=2&curPage=183 "HTTP/1.1 200 200"
2026-06-20 22:00:30,958 INFO HTTP Request: GET https://www.nipa.kr/home/bsnsAll/0/nttList?bbsNo=4&tab=2&curPage=184 "HTTP/1.1 200 200"
2026-06-20 22:00:31,466 INFO HTTP Request: GET https://www.nipa.kr/home/bsnsAll/0/nttList?bbsNo=4&tab=2&curPage=185 "HTTP/1.1 200 200"
2026-06-20 22:00:31,931 INFO HTTP Request: GET https://www.nipa.kr/home/bsnsAll/0/nttList?bbsNo=4&tab=2&curPage=186 "HTTP/1.1 200 200"
2026-06-20 22:00:32,443 INFO HTTP Request: GET https://www.nipa.kr/home/bsnsAll/0/nttList?bbsNo=4&tab=2&curPage=187 "HTTP/1.1 200 200"
2026-06-20 22:00:32,933 INFO HTTP Request: GET https://www.nipa.kr/home/bsnsAll/0/nttList?bbsNo=4&tab=2&curPage=188 "HTTP/1.1 200 200"
2026-06-20 22:00:33,443 INFO HTTP Request: GET https://www.nipa.kr/home/bsnsAll/0/nttList?bbsNo=4&tab=2&curPage=189 "HTTP/1.1 200 200"
2026-06-20 22:00:33,989 INFO HTTP Request: GET https://www.nipa.kr/home/bsnsAll/0/nttList?bbsNo=4&tab=2&curPage=190 "HTTP/1.1 200 200"
2026-06-20 22:00:34,595 INFO HTTP Request: GET https://www.nipa.kr/home/bsnsAll/0/nttList?bbsNo=4&tab=2&curPage=191 "HTTP/1.1 200 200"
2026-06-20 22:00:35,131 INFO HTTP Request: GET https://www.nipa.kr/home/bsnsAll/0/nttList?bbsNo=4&tab=2&curPage=192 "HTTP/1.1 200 200"
2026-06-20 22:00:35,682 INFO HTTP Request: GET https://www.nipa.kr/home/bsnsAll/0/nttList?bbsNo=4&tab=2&curPage=193 "HTTP/1.1 200 200"
2026-06-20 22:00:36,210 INFO HTTP Request: GET https://www.nipa.kr/home/bsnsAll/0/nttList?bbsNo=4&tab=2&curPage=194 "HTTP/1.1 200 200"
2026-06-20 22:00:36,707 INFO HTTP Request: GET https://www.nipa.kr/home/bsnsAll/0/nttList?bbsNo=4&tab=2&curPage=195 "HTTP/1.1 200 200"
2026-06-20 22:00:37,167 INFO HTTP Request: GET https://www.nipa.kr/home/bsnsAll/0/nttList?bbsNo=4&tab=2&curPage=196 "HTTP/1.1 200 200"
2026-06-20 22:00:37,682 INFO HTTP Request: GET https://www.nipa.kr/home/bsnsAll/0/nttList?bbsNo=4&tab=2&curPage=197 "HTTP/1.1 200 200"
2026-06-20 22:00:38,201 INFO HTTP Request: GET https://www.nipa.kr/home/bsnsAll/0/nttList?bbsNo=4&tab=2&curPage=198 "HTTP/1.1 200 200"
2026-06-20 22:00:38,708 INFO HTTP Request: GET https://www.nipa.kr/home/bsnsAll/0/nttList?bbsNo=4&tab=2&curPage=199 "HTTP/1.1 200 200"
2026-06-20 22:00:39,189 INFO HTTP Request: GET https://www.nipa.kr/home/bsnsAll/0/nttList?bbsNo=4&tab=2&curPage=200 "HTTP/1.1 200 200"
2026-06-20 22:00:39,702 INFO HTTP Request: GET https://www.nipa.kr/home/bsnsAll/0/nttList?bbsNo=4&tab=2&curPage=201 "HTTP/1.1 200 200"
2026-06-20 22:00:40,179 INFO HTTP Request: GET https://www.nipa.kr/home/bsnsAll/0/nttList?bbsNo=4&tab=2&curPage=202 "HTTP/1.1 200 200"
2026-06-20 22:00:40,669 INFO HTTP Request: GET https://www.nipa.kr/home/bsnsAll/0/nttList?bbsNo=4&tab=2&curPage=203 "HTTP/1.1 200 200"
2026-06-20 22:00:41,165 INFO HTTP Request: GET https://www.nipa.kr/home/bsnsAll/0/nttList?bbsNo=4&tab=2&curPage=204 "HTTP/1.1 200 200"
2026-06-20 22:00:41,715 INFO HTTP Request: GET https://www.nipa.kr/home/bsnsAll/0/nttList?bbsNo=4&tab=2&curPage=205 "HTTP/1.1 200 200"
2026-06-20 22:00:42,235 INFO HTTP Request: GET https://www.nipa.kr/home/bsnsAll/0/nttList?bbsNo=4&tab=2&curPage=206 "HTTP/1.1 200 200"
2026-06-20 22:00:42,713 INFO HTTP Request: GET https://www.nipa.kr/home/bsnsAll/0/nttList?bbsNo=4&tab=2&curPage=207 "HTTP/1.1 200 200"
2026-06-20 22:00:43,172 INFO HTTP Request: GET https://www.nipa.kr/home/bsnsAll/0/nttList?bbsNo=4&tab=2&curPage=208 "HTTP/1.1 200 200"
2026-06-20 22:00:43,212 INFO 정보통신산업진흥원(NIPA): 2070건
2026-06-20 22:00:43,213 INFO 날짜분류(직전영업일-1, target=2026-06-19, today=2026-06-20): 확정 0 / 날짜불명 2070 / 제외 0
2026-06-20 22:00:43,607 INFO HTTP Request: GET https://www.kiat.or.kr/front/board/boardContentsListPage.do?board_id=90 "HTTP/1.1 200 200"
2026-06-20 22:00:43,621 INFO 한국산업기술진흥원(KIAT): 0건
2026-06-20 22:00:43,621 INFO 날짜분류(직전영업일-1, target=2026-06-19, today=2026-06-20): 확정 0 / 날짜불명 0 / 제외 0
2026-06-20 22:00:44,048 INFO HTTP Request: GET https://itech.keit.re.kr/bsnsancm/retrieveSprtBsnsAncmList.do "HTTP/1.1 200 OK"
2026-06-20 22:00:44,052 INFO 한국산업기술평가관리원(KEIT): 0건
2026-06-20 22:00:44,052 INFO 날짜분류(직전영업일-1, target=2026-06-19, today=2026-06-20): 확정 0 / 날짜불명 0 / 제외 0
2026-06-20 22:00:44,536 INFO HTTP Request: GET https://www.kotra.or.kr/kp/biz/notificationList.do "HTTP/1.1 200 OK"
2026-06-20 22:00:44,538 INFO KOTRA(대한무역투자진흥공사): 0건
2026-06-20 22:00:44,538 INFO 날짜분류(직전영업일-1, target=2026-06-19, today=2026-06-20): 확정 0 / 날짜불명 0 / 제외 0
2026-06-20 22:00:44,886 INFO HTTP Request: GET https://www.kosmes.or.kr/nsh/SH/NTS/SHNTS001M0.do "HTTP/1.1 200 200"
2026-06-20 22:00:44,944 INFO 중소벤처기업진흥공단(KOSME): 0건
2026-06-20 22:00:44,944 INFO 날짜분류(직전영업일-1, target=2026-06-19, today=2026-06-20): 확정 0 / 날짜불명 0 / 제외 0
2026-06-20 22:00:45,399 INFO HTTP Request: POST https://ols.semas.or.kr/ols/man/SMAN051M/search.do "HTTP/1.1 201 Created"
2026-06-20 22:00:45,453 INFO HTTP Request: POST https://ols.semas.or.kr/ols/man/SMAN051M/search.do "HTTP/1.1 201 Created"
2026-06-20 22:00:45,493 INFO HTTP Request: POST https://ols.semas.or.kr/ols/man/SMAN051M/search.do "HTTP/1.1 201 Created"
2026-06-20 22:00:45,494 INFO 소진공 정책자금 온라인신청: 30건
2026-06-20 22:00:45,495 INFO 날짜분류(직전영업일-1, target=2026-06-19, today=2026-06-20): 확정 0 / 날짜불명 0 / 제외 30
2026-06-20 22:00:45,924 INFO HTTP Request: GET https://www.kised.or.kr/menu.es?mid=a10201000000 "HTTP/1.1 200 200"
2026-06-20 22:00:45,927 INFO 창업진흥원(KISED): 0건
2026-06-20 22:00:45,927 INFO 날짜분류(직전영업일-1, target=2026-06-19, today=2026-06-20): 확정 0 / 날짜불명 0 / 제외 0
2026-06-20 22:00:46,582 INFO HTTP Request: GET https://www.kocca.kr/kocca/pims/list.do?menuNo=204104 "HTTP/1.1 200 200"
2026-06-20 22:00:46,640 INFO 한국콘텐츠진흥원(사업공고): 10건
2026-06-20 22:00:46,640 INFO 날짜분류(직전영업일-1, target=2026-06-19, today=2026-06-20): 확정 0 / 날짜불명 10 / 제외 0
2026-06-20 22:00:47,234 INFO HTTP Request: GET https://www.kocca.kr/kocca/bbs/list/B0158960.do?menuNo=204392 "HTTP/1.1 200 200"
2026-06-20 22:00:47,325 INFO 한국콘텐츠진흥원(금융): 11건
2026-06-20 22:00:47,325 INFO 날짜분류(직전영업일-1, target=2026-06-19, today=2026-06-20): 확정 0 / 날짜불명 1 / 제외 10
2026-06-20 22:00:48,092 INFO HTTP Request: GET https://www.ksure.or.kr/rh-kr/bbs/i-671/list.do "HTTP/1.1 200 OK"
2026-06-20 22:00:48,142 INFO 한국무역보험공사(K-SURE): 0건
2026-06-20 22:00:48,142 INFO 날짜분류(직전영업일-1, target=2026-06-19, today=2026-06-20): 확정 0 / 날짜불명 0 / 제외 0
2026-06-20 22:00:48,513 INFO HTTP Request: GET https://www.kodit.co.kr/kodit/na/ntt/selectNttList.do?mi=2638&bbsId=148 "HTTP/1.1 308 Permanent Redirect"
2026-06-20 22:00:48,839 INFO HTTP Request: GET https://www.kodit.or.kr/kodit/na/ntt/selectNttList.do?mi=2638&bbsId=148 "HTTP/1.1 200 OK"
2026-06-20 22:00:48,883 INFO 신용보증기금(KODIT): 0건
2026-06-20 22:00:48,884 INFO 날짜분류(직전영업일-1, target=2026-06-19, today=2026-06-20): 확정 0 / 날짜불명 0 / 제외 0
2026-06-20 22:00:49,470 INFO HTTP Request: GET https://www.khidi.or.kr/board?menuId=MENU02096 "HTTP/1.1 200 200"
2026-06-20 22:00:49,502 INFO 한국보건산업진흥원(KHIDI): 10건
2026-06-20 22:00:49,502 INFO 날짜분류(직전영업일-1, target=2026-06-19, today=2026-06-20): 확정 0 / 날짜불명 0 / 제외 10
2026-06-20 22:00:50,763 INFO HTTP Request: GET https://www.keiti.re.kr/site/keiti/ex/board/List.do?cbIdx=277 "HTTP/1.1 200 OK"
2026-06-20 22:00:50,808 INFO 한국환경산업기술원(KEITI): 0건
2026-06-20 22:00:50,808 INFO 날짜분류(직전영업일-1, target=2026-06-19, today=2026-06-20): 확정 0 / 날짜불명 0 / 제외 0
2026-06-20 22:00:51,664 INFO HTTP Request: GET https://www.ketep.re.kr/businessAcment?menuId=MENU002080200000000 "HTTP/1.1 200 OK"
2026-06-20 22:00:51,738 INFO 한국에너지기술평가원(KETEP): 10건
2026-06-20 22:00:51,738 INFO 날짜분류(직전영업일-1, target=2026-06-19, today=2026-06-20): 확정 0 / 날짜불명 0 / 제외 10
2026-06-20 22:00:52,237 INFO HTTP Request: GET https://www.kidp.or.kr/?menuno=918&act=list "HTTP/1.1 200 OK"
2026-06-20 22:00:52,845 INFO 한국디자인진흥원(KIDP): 0건
2026-06-20 22:00:52,845 INFO 날짜분류(직전영업일-1, target=2026-06-19, today=2026-06-20): 확정 0 / 날짜불명 0 / 제외 0
2026-06-20 22:00:53,449 INFO HTTP Request: GET https://www.rdcdp.or.kr/index.do?menu_id=00000746 "HTTP/1.1 200 "
2026-06-20 22:00:53,653 INFO 지역디자인통합플랫폼: 0건
2026-06-20 22:00:53,653 INFO 날짜분류(직전영업일-1, target=2026-06-19, today=2026-06-20): 확정 0 / 날짜불명 0 / 제외 0
2026-06-20 22:00:54,159 INFO HTTP Request: GET https://www.sba.seoul.kr/kr/sbcu31l1 "HTTP/1.1 301 Moved Permanently"
2026-06-20 22:00:54,443 INFO HTTP Request: GET https://www.sba.seoul.kr "HTTP/1.1 200 OK"
2026-06-20 22:00:54,565 INFO 서울산업진흥원(SBA): 0건
2026-06-20 22:00:54,565 INFO 날짜분류(직전영업일-1, target=2026-06-19, today=2026-06-20): 확정 0 / 날짜불명 0 / 제외 0
2026-06-20 22:00:55,023 INFO HTTP Request: GET https://pms.gbsa.or.kr/info/pblanc/pblancList.do "HTTP/1.1 200 "
2026-06-20 22:00:55,030 INFO 경기도경제과학진흥원(GBSA): 0건
2026-06-20 22:00:55,030 INFO 날짜분류(직전영업일-1, target=2026-06-19, today=2026-06-20): 확정 0 / 날짜불명 0 / 제외 0
2026-06-20 22:00:58,549 INFO HTTP Request: GET https://www.itp.or.kr/intro.asp?tmid=13&PageNum=1 "HTTP/1.1 200 OK"
2026-06-20 22:01:01,897 INFO HTTP Request: GET https://www.itp.or.kr/intro.asp?tmid=13&PageNum=2 "HTTP/1.1 200 OK"
2026-06-20 22:01:06,581 INFO HTTP Request: GET https://www.itp.or.kr/intro.asp?tmid=13&PageNum=3 "HTTP/1.1 200 OK"
2026-06-20 22:01:06,644 INFO 인천테크노파크: 30건
2026-06-20 22:01:06,645 INFO 날짜분류(직전영업일-1, target=2026-06-19, today=2026-06-20): 확정 1 / 날짜불명 0 / 제외 29
2026-06-20 22:01:11,317 INFO HTTP Request: GET https://www.bepa.kr/kor/view.do?no=1508 "HTTP/1.1 200 200"
2026-06-20 22:01:11,386 INFO 부산경제진흥원(BEP): 12건
2026-06-20 22:01:11,387 INFO 날짜분류(직전영업일-1, target=2026-06-19, today=2026-06-20): 확정 0 / 날짜불명 0 / 제외 12
2026-06-20 22:01:12,890 INFO HTTP Request: GET https://www.djtp.or.kr/board.es?mid=a20102000000&bid=0102 "HTTP/1.1 200 "
2026-06-20 22:01:12,959 INFO 대전테크노파크: 12건
2026-06-20 22:01:12,959 INFO 날짜분류(직전영업일-1, target=2026-06-19, today=2026-06-20): 확정 0 / 날짜불명 0 / 제외 12
2026-06-20 22:01:13,623 INFO HTTP Request: GET https://myfair.co/support-program-list "HTTP/1.1 200 OK"
2026-06-20 22:01:13,634 INFO 마이페어: 0건
2026-06-20 22:01:13,634 INFO 날짜분류(직전영업일-1, target=2026-06-19, today=2026-06-20): 확정 0 / 날짜불명 0 / 제외 0
2026-06-20 22:01:14,208 INFO HTTP Request: GET https://www.kita.net/asocBiz/asocBiz/asocBizOngoingList.do "HTTP/1.1 200 "
2026-06-20 22:01:14,300 INFO 한국무역협회(KITA): 10건
2026-06-20 22:01:14,301 INFO 날짜분류(직전영업일-1, target=2026-06-19, today=2026-06-20): 확정 0 / 날짜불명 0 / 제외 10
2026-06-20 22:01:15,106 INFO HTTP Request: GET https://www.smtech.go.kr/front/ifg/no/notice02_list.do "HTTP/1.1 200 OK"
2026-06-20 22:01:15,173 INFO SMTECH(중소기업기술개발): 15건
2026-06-20 22:01:15,174 INFO 날짜분류(직전영업일-1, target=2026-06-19, today=2026-06-20): 확정 0 / 날짜불명 0 / 제외 15
2026-06-20 22:01:16,521 INFO HTTP Request: GET https://pms.gtp.or.kr/web/business/webBusinessList.do "HTTP/1.1 200 OK"
2026-06-20 22:01:16,555 INFO 경기TP: 10건
2026-06-20 22:01:16,555 INFO 날짜분류(직전영업일-1, target=2026-06-19, today=2026-06-20): 확정 2 / 날짜불명 0 / 제외 8
2026-06-20 22:01:17,069 INFO HTTP Request: GET https://www.gsp.or.kr/supportProject/UVSL0001.do "HTTP/1.1 200 "
2026-06-20 22:01:17,109 INFO 경기스타트업플랫폼: 7건
2026-06-20 22:01:17,109 INFO 날짜분류(직전영업일-1, target=2026-06-19, today=2026-06-20): 확정 0 / 날짜불명 0 / 제외 7
2026-06-20 22:01:17,772 INFO HTTP Request: GET https://ccei.creativekorea.or.kr/service/business_list.do "HTTP/1.1 200 200"
2026-06-20 22:01:17,816 INFO 창조경제혁신센터(공고): 2건
2026-06-20 22:01:17,816 INFO 날짜분류(직전영업일-1, target=2026-06-19, today=2026-06-20): 확정 0 / 날짜불명 2 / 제외 0
2026-06-20 22:01:18,291 INFO HTTP Request: GET https://ccei.creativekorea.or.kr/service/event_list.do "HTTP/1.1 200 200"
2026-06-20 22:01:18,316 INFO 창조경제혁신센터(행사): 2건
2026-06-20 22:01:18,316 INFO 날짜분류(직전영업일-1, target=2026-06-19, today=2026-06-20): 확정 0 / 날짜불명 2 / 제외 0
2026-06-20 22:01:23,743 INFO HTTP Request: GET https://www.seoultp.or.kr/user/nd19746.do "HTTP/1.1 200 OK"
2026-06-20 22:01:23,753 INFO 서울TP: 0건
2026-06-20 22:01:23,753 INFO 날짜분류(직전영업일-1, target=2026-06-19, today=2026-06-20): 확정 0 / 날짜불명 0 / 제외 0
2026-06-20 22:01:24,533 INFO HTTP Request: GET https://kovwa.or.kr/94 "HTTP/1.1 200 OK"
2026-06-20 22:01:24,628 INFO 한국여성벤처협회: 0건
2026-06-20 22:01:24,628 INFO 날짜분류(직전영업일-1, target=2026-06-19, today=2026-06-20): 확정 0 / 날짜불명 0 / 제외 0
2026-06-20 22:01:26,671 INFO HTTP Request: GET https://ppi.g2b.go.kr:8914/cm/bbs/usr/00031/bbsList_usr.do "HTTP/1.1 200 OK"
2026-06-20 22:01:26,722 INFO 혁신제품지정공고(나라장터): 0건
2026-06-20 22:01:26,722 INFO 날짜분류(직전영업일-1, target=2026-06-19, today=2026-06-20): 확정 0 / 날짜불명 0 / 제외 0
2026-06-20 22:01:27,684 INFO HTTP Request: GET https://www.kocca.kr/kocca/bbs/list/B0000138.do?menuNo=204024 "HTTP/1.1 200 200"
2026-06-20 22:01:27,729 INFO 한국콘텐츠진흥원(일반공고): 1건
2026-06-20 22:01:27,729 INFO 날짜분류(직전영업일-1, target=2026-06-19, today=2026-06-20): 확정 0 / 날짜불명 1 / 제외 0
2026-06-20 22:01:28,209 INFO HTTP Request: GET https://bizok.incheon.go.kr/open_content/support.do "HTTP/1.1 200 OK"
2026-06-20 22:01:28,238 INFO 비즈오케이(BizOK) - 인천기업지원: 12건
2026-06-20 22:01:28,238 INFO 날짜분류(직전영업일-1, target=2026-06-19, today=2026-06-20): 확정 0 / 날짜불명 12 / 제외 0
2026-06-20 22:01:28,617 INFO HTTP Request: GET https://bizok.incheon.go.kr/open_content/support/plan/plan2026.jsp "HTTP/1.1 200 OK"
2026-06-20 22:01:28,723 INFO 비즈오케이 - 인천 연간사업공고계획: 0건
2026-06-20 22:01:28,723 INFO 날짜분류(직전영업일-1, target=2026-06-19, today=2026-06-20): 확정 0 / 날짜불명 0 / 제외 0
2026-06-20 22:01:30,328 INFO HTTP Request: GET https://www.incheon.go.kr/IC010205 "HTTP/1.1 200 OK"
2026-06-20 22:01:30,417 INFO 인천광역시청 - 공고/고시: 10건
2026-06-20 22:01:30,418 INFO 날짜분류(직전영업일-1, target=2026-06-19, today=2026-06-20): 확정 5 / 날짜불명 0 / 제외 5
2026-06-20 22:01:34,324 INFO HTTP Request: GET https://www.itp.or.kr/intro.asp?tmid=15&PageNum=1 "HTTP/1.1 200 OK"
2026-06-20 22:01:38,398 INFO HTTP Request: GET https://www.itp.or.kr/intro.asp?tmid=15&PageNum=2 "HTTP/1.1 200 OK"
2026-06-20 22:01:41,475 INFO HTTP Request: GET https://www.itp.or.kr/intro.asp?tmid=15&PageNum=3 "HTTP/1.1 200 OK"
2026-06-20 22:01:41,511 INFO 인천테크노파크(ITP) - 공지사항: 30건
2026-06-20 22:01:41,512 INFO 날짜분류(직전영업일-1, target=2026-06-19, today=2026-06-20): 확정 1 / 날짜불명 0 / 제외 29
2026-06-20 22:01:43,314 INFO HTTP Request: GET https://www.ifez.go.kr/main/pst/list.do?pst_id=noti03 "HTTP/1.1 200 200"
2026-06-20 22:01:43,373 INFO 인천경제자유구역청(IFEZ): 10건
2026-06-20 22:01:43,373 INFO 날짜분류(직전영업일-1, target=2026-06-19, today=2026-06-20): 확정 0 / 날짜불명 0 / 제외 10
2026-06-20 22:01:43,753 INFO HTTP Request: GET https://incheon.korcham.net/front/board/boardContentsListPage.do?boardId=51228 "HTTP/1.1 200 OK"
2026-06-20 22:01:43,763 INFO 인천상공회의소: 0건
2026-06-20 22:01:43,763 INFO 날짜분류(직전영업일-1, target=2026-06-19, today=2026-06-20): 확정 0 / 날짜불명 0 / 제외 0
2026-06-20 22:01:44,160 INFO HTTP Request: GET https://www.ema.or.kr/bbs/support "HTTP/1.1 200 OK"
2026-06-20 22:01:44,177 INFO 인천수출경영자협의회: 15건
2026-06-20 22:01:44,177 INFO 날짜분류(직전영업일-1, target=2026-06-19, today=2026-06-20): 확정 0 / 날짜불명 0 / 제외 15
2026-06-20 22:01:44,515 INFO HTTP Request: GET http://www.insupport.or.kr/sub/?mcode=0404010000 "HTTP/1.1 301 Moved Permanently"
2026-06-20 22:01:45,087 INFO HTTP Request: GET https://www.insupport.or.kr/sub/?mcode=0404010000 "HTTP/1.1 200 OK"
2026-06-20 22:01:45,115 INFO 인천소상공인종합지원센터: 15건
2026-06-20 22:01:45,116 INFO 날짜분류(직전영업일-1, target=2026-06-19, today=2026-06-20): 확정 0 / 날짜불명 0 / 제외 15
2026-06-20 22:01:45,489 INFO HTTP Request: GET https://www.icsinbo.or.kr/home/board/brdList.do?menu_cd=000044 "HTTP/1.1 200 "
2026-06-20 22:01:45,552 INFO 인천신용보증재단: 0건
2026-06-20 22:01:45,552 INFO 날짜분류(직전영업일-1, target=2026-06-19, today=2026-06-20): 확정 0 / 날짜불명 0 / 제외 0
2026-06-20 22:01:46,245 INFO HTTP Request: GET https://www.icjg.go.kr/krcm01b "HTTP/1.1 200 OK"
2026-06-20 22:01:46,318 INFO 인천 중구청: 20건
2026-06-20 22:01:46,318 INFO 날짜분류(직전영업일-1, target=2026-06-19, today=2026-06-20): 확정 1 / 날짜불명 0 / 제외 19
2026-06-20 22:01:47,263 INFO HTTP Request: GET https://www.icbp.go.kr/main/eminwon/eminwonAnnounceList.do "HTTP/1.1 200 OK"
2026-06-20 22:01:47,845 INFO 인천 부평구청: 0건
2026-06-20 22:01:47,845 INFO 날짜분류(직전영업일-1, target=2026-06-19, today=2026-06-20): 확정 0 / 날짜불명 0 / 제외 0
2026-06-20 22:01:48,258 INFO HTTP Request: GET https://www.kotra.or.kr/bigList/20000020753 "HTTP/1.1 200 OK"
2026-06-20 22:01:48,259 INFO KOTRA 무역투자24 - 사업공고: 0건
2026-06-20 22:01:48,259 INFO 날짜분류(직전영업일-1, target=2026-06-19, today=2026-06-20): 확정 0 / 날짜불명 0 / 제외 0
2026-06-20 22:02:09,711 ERROR 접속 실패 https://www.semas.or.kr/web/SUP/supportAnnounce.kmdc: [WinError 10060] 연결된 구성원으로부터 응답이 없어 연결하지 못했거나, 호스트로부터 응답이 없어 연결이 끊어졌습니다
2026-06-20 22:02:09,711 INFO 날짜분류(직전영업일-1, target=2026-06-19, today=2026-06-20): 확정 0 / 날짜불명 0 / 제외 0
2026-06-20 22:02:11,531 INFO HTTP Request: GET https://www.khidi.or.kr/board?menuId=MENU01108 "HTTP/1.1 200 200"
2026-06-20 22:02:11,611 INFO 한국보건산업진흥원(K-뷰티공고): 23건
2026-06-20 22:02:11,611 INFO 날짜분류(직전영업일-1, target=2026-06-19, today=2026-06-20): 확정 0 / 날짜불명 0 / 제외 23
2026-06-20 22:02:14,607 INFO HTTP Request: GET https://www.itp.or.kr/intro.asp?tmid=36&PageNum=1 "HTTP/1.1 200 OK"
2026-06-20 22:02:17,697 INFO HTTP Request: GET https://www.itp.or.kr/intro.asp?tmid=36&PageNum=2 "HTTP/1.1 200 OK"
2026-06-20 22:02:20,659 INFO HTTP Request: GET https://www.itp.or.kr/intro.asp?tmid=36&PageNum=3 "HTTP/1.1 200 OK"
2026-06-20 22:02:20,700 INFO 인천TP 마케팅센터(뷰티산업육성): 15건
2026-06-20 22:02:20,700 INFO 날짜분류(직전영업일-1, target=2026-06-19, today=2026-06-20): 확정 0 / 날짜불명 0 / 제외 15
2026-06-20 22:02:21,309 INFO HTTP Request: GET https://www.exportvoucher.com/portal/board/boardList?bbs_id=1&active_menu_cd=EZ005004000 "HTTP/1.1 200 OK"
2026-06-20 22:02:21,347 INFO 수출바우처(수출지원기반활용): 13건
2026-06-20 22:02:21,347 INFO 날짜분류(직전영업일-1, target=2026-06-19, today=2026-06-20): 확정 0 / 날짜불명 13 / 제외 0
2026-06-20 22:02:21,985 INFO HTTP Request: GET https://www.mssmiv.com/portal/board/BoardList?bbsId=1 "HTTP/1.1 200 "
2026-06-20 22:02:22,016 INFO 중소기업 혁신바우처(MSSMIV): 14건
2026-06-20 22:02:22,016 INFO 날짜분류(직전영업일-1, target=2026-06-19, today=2026-06-20): 확정 0 / 날짜불명 0 / 제외 14
2026-06-20 22:02:22,669 INFO HTTP Request: GET https://www.gokams.or.kr/01_news/notice_list.aspx "HTTP/1.1 200 OK"
2026-06-20 22:02:22,709 INFO 예술경영지원센터: 111건
2026-06-20 22:02:22,709 INFO 날짜분류(직전영업일-1, target=2026-06-19, today=2026-06-20): 확정 0 / 날짜불명 111 / 제외 0
2026-06-20 22:02:23,139 INFO HTTP Request: GET https://hespa.or.kr/main/index.php?m_cd=23 "HTTP/1.1 200 OK"
2026-06-20 22:02:23,153 INFO (재)헬스케어스파산업진흥원: 1건
2026-06-20 22:02:23,154 INFO 날짜분류(직전영업일-1, target=2026-06-19, today=2026-06-20): 확정 0 / 날짜불명 1 / 제외 0
2026-06-20 22:02:23,640 INFO HTTP Request: GET https://www.smes.go.kr/mainbiz/usr/board/comNotice.do "HTTP/1.1 200 OK"
2026-06-20 22:02:23,664 INFO MainBiz 메인 / 경영혁신형 중소기업: 10건
2026-06-20 22:02:23,664 INFO 날짜분류(직전영업일-1, target=2026-06-19, today=2026-06-20): 확정 0 / 날짜불명 0 / 제외 10
2026-06-20 22:02:24,203 INFO HTTP Request: GET https://gsipa.or.kr/board/bbs/board.php?bo_table=notice "HTTP/1.1 200 OK"
2026-06-20 22:02:24,248 INFO 강릉과학산업진흥원: 50건
2026-06-20 22:02:24,249 INFO 날짜분류(직전영업일-1, target=2026-06-19, today=2026-06-20): 확정 0 / 날짜불명 49 / 제외 1
2026-06-20 22:02:24,604 INFO HTTP Request: GET http://www.gwef.or.kr/bbs/board.php?bo_table=notice "HTTP/1.1 200 OK"
2026-06-20 22:02:24,626 INFO 강원경영자총협회: 15건
2026-06-20 22:02:24,627 INFO 날짜분류(직전영업일-1, target=2026-06-19, today=2026-06-20): 확정 0 / 날짜불명 15 / 제외 0
2026-06-20 22:02:25,031 INFO HTTP Request: GET https://www.gwsinbo.or.kr/board/board_list.php?board_name=notice "HTTP/1.1 200 OK"
2026-06-20 22:02:25,070 INFO 강원신용보증재단: 21건
2026-06-20 22:02:25,071 INFO 날짜분류(직전영업일-1, target=2026-06-19, today=2026-06-20): 확정 1 / 날짜불명 0 / 제외 20
2026-06-20 22:02:25,505 INFO HTTP Request: GET https://gwse.or.kr/bbs/board.php?bo_table=sub41 "HTTP/1.1 200 OK"
2026-06-20 22:02:25,525 INFO 강원지속가능경제지원센터: 20건
2026-06-20 22:02:25,525 INFO 날짜분류(직전영업일-1, target=2026-06-19, today=2026-06-20): 확정 0 / 날짜불명 0 / 제외 20
2026-06-20 22:02:25,923 INFO HTTP Request: GET https://gwhrd.or.kr/bbs/board.php?bo_table=sub01_01 "HTTP/1.1 200 OK"
2026-06-20 22:02:25,947 INFO 강원지역인적자원개발위원회: 10건
2026-06-20 22:02:25,947 INFO 날짜분류(직전영업일-1, target=2026-06-19, today=2026-06-20): 확정 0 / 날짜불명 10 / 제외 0
2026-06-20 22:02:27,194 INFO HTTP Request: GET https://www.gwtp.or.kr/gwtp/bbsNew_list.php?code=sub01a&keyvalue=sub01 "HTTP/1.1 200 OK"
2026-06-20 22:02:27,270 INFO 강원테크노파크: 21건
2026-06-20 22:02:27,270 INFO 날짜분류(직전영업일-1, target=2026-06-19, today=2026-06-20): 확정 0 / 날짜불명 1 / 제외 20
2026-06-20 22:02:27,805 INFO HTTP Request: GET https://www.gwtp.or.kr/gwtp/bbsNew_list.php?code=sub01b&keyvalue=sub01 "HTTP/1.1 200 OK"
2026-06-20 22:02:28,026 INFO 강원테크노파크: 51건
2026-06-20 22:02:28,028 INFO 날짜분류(직전영업일-1, target=2026-06-19, today=2026-06-20): 확정 1 / 날짜불명 0 / 제외 50
2026-06-20 22:02:28,488 INFO HTTP Request: GET https://www.gwep.or.kr/bbs/board.php?bo_table=gw_sub61 "HTTP/1.1 200 OK"
2026-06-20 22:02:28,524 INFO 강원특별자치도경제진흥원: 15건
2026-06-20 22:02:28,525 INFO 날짜분류(직전영업일-1, target=2026-06-19, today=2026-06-20): 확정 0 / 날짜불명 0 / 제외 15
2026-06-20 22:02:28,940 INFO HTTP Request: GET https://www.gwep.or.kr/bbs/board.php?bo_table=gw_sub21 "HTTP/1.1 200 OK"
2026-06-20 22:02:28,977 INFO 강원특별자치도경제진흥원: 15건
2026-06-20 22:02:28,977 INFO 날짜분류(직전영업일-1, target=2026-06-19, today=2026-06-20): 확정 1 / 날짜불명 0 / 제외 14
2026-06-20 22:02:31,287 INFO HTTP Request: GET https://www.gbsa.or.kr/board/notice.do "HTTP/1.1 200 "
2026-06-20 22:02:31,356 INFO 경기도경제과학진흥원: 10건
2026-06-20 22:02:31,357 INFO 날짜분류(직전영업일-1, target=2026-06-19, today=2026-06-20): 확정 0 / 날짜불명 0 / 제외 10
2026-06-20 22:02:32,015 INFO HTTP Request: GET https://www.gmr.or.kr/base/board/list?boardManagementNo=1&menuLevel=2&menuNo=14 "HTTP/1.1 200 200"
2026-06-20 22:02:32,136 INFO 경기도시장상권진흥원: 10건
2026-06-20 22:02:32,136 INFO 날짜분류(직전영업일-1, target=2026-06-19, today=2026-06-20): 확정 0 / 날짜불명 0 / 제외 10
2026-06-20 22:02:33,215 INFO HTTP Request: GET https://www.gwff.kr/base/board/list?boardManagementNo=21&menuLevel=2&menuNo=23 "HTTP/1.1 200 200"
2026-06-20 22:02:33,268 INFO 경기도여성가족재단: 10건
2026-06-20 22:02:33,268 INFO 날짜분류(직전영업일-1, target=2026-06-19, today=2026-06-20): 확정 0 / 날짜불명 0 / 제외 10
2026-06-20 22:02:34,379 INFO HTTP Request: GET https://www.gghrd.or.kr/board/notice.php "HTTP/1.1 200 OK"
2026-06-20 22:02:34,403 INFO 경기지역인적자원개발위원회: 21건
2026-06-20 22:02:34,403 INFO 날짜분류(직전영업일-1, target=2026-06-19, today=2026-06-20): 확정 0 / 날짜불명 0 / 제외 21
2026-06-20 22:02:34,911 INFO HTTP Request: GET https://www.gcon.or.kr/gcon/bbs/B0000001/list.do?menuNo=200057 "HTTP/1.1 200 200"
2026-06-20 22:02:35,005 INFO 경기콘텐츠진흥원: 15건
2026-06-20 22:02:35,005 INFO 날짜분류(직전영업일-1, target=2026-06-19, today=2026-06-20): 확정 0 / 날짜불명 0 / 제외 15
2026-06-20 22:02:35,779 INFO HTTP Request: GET https://www.gtp.or.kr/web/bbs/noticeList.jsp?gbun=anno "HTTP/1.1 200 OK"
2026-06-20 22:02:35,820 INFO 경기테크노파크: 20건
2026-06-20 22:02:35,820 INFO 날짜분류(직전영업일-1, target=2026-06-19, today=2026-06-20): 확정 0 / 날짜불명 0 / 제외 20
2026-06-20 22:02:36,558 INFO HTTP Request: GET https://www.gtp.or.kr/web/bbs/noticeList.jsp?gbun=expert "HTTP/1.1 200 OK"
2026-06-20 22:02:36,595 INFO 경기테크노파크: 20건
2026-06-20 22:02:36,596 INFO 날짜분류(직전영업일-1, target=2026-06-19, today=2026-06-20): 확정 0 / 날짜불명 0 / 제외 20
2026-06-20 22:02:36,982 INFO HTTP Request: GET https://www.xn--6-v85ew7hc2v44fiuk.com/board/board/list/sub4_1 "HTTP/1.1 200 OK"
2026-06-20 22:02:36,994 INFO 경남6차산업지원센터: 10건
2026-06-20 22:02:36,995 INFO 날짜분류(직전영업일-1, target=2026-06-19, today=2026-06-20): 확정 0 / 날짜불명 0 / 제외 10
2026-06-20 22:02:37,463 INFO HTTP Request: GET https://www.gnsinbo.or.kr/bbs/board.php?bo_table=01_03_01_01 "HTTP/1.1 200 OK"
2026-06-20 22:02:37,527 INFO 경남신용보증재단: 15건
2026-06-20 22:02:37,527 INFO 날짜분류(직전영업일-1, target=2026-06-19, today=2026-06-20): 확정 0 / 날짜불명 0 / 제외 15
2026-06-20 22:02:38,328 INFO HTTP Request: GET https://gnhrd.or.kr/bbs/board.php?bo_table=notice "HTTP/1.1 200 OK"
2026-06-20 22:02:38,438 INFO 경남지역인적자원개발위원회: 12건
2026-06-20 22:02:38,438 INFO 날짜분류(직전영업일-1, target=2026-06-19, today=2026-06-20): 확정 0 / 날짜불명 0 / 제외 12
2026-06-20 22:02:39,130 INFO HTTP Request: GET https://www.gntp.or.kr/board/list "HTTP/1.1 200 "
2026-06-20 22:02:39,155 INFO 경남테크노파크: 0건
2026-06-20 22:02:39,155 INFO 날짜분류(직전영업일-1, target=2026-06-19, today=2026-06-20): 확정 0 / 날짜불명 0 / 제외 0
2026-06-20 22:02:39,699 INFO HTTP Request: GET http://kbef.or.kr/zbxe/support1 "HTTP/1.1 200 OK"
2026-06-20 22:02:39,735 INFO 경북경영자총협회: 22건
2026-06-20 22:02:39,736 INFO 날짜분류(직전영업일-1, target=2026-06-19, today=2026-06-20): 확정 0 / 날짜불명 0 / 제외 22
2026-06-20 22:02:40,329 INFO HTTP Request: GET https://gbssc.or.kr/notice/ "HTTP/1.1 200 OK"
2026-06-20 22:02:40,366 INFO 경북광역자활센터: 15건
2026-06-20 22:02:40,367 INFO 날짜분류(직전영업일-1, target=2026-06-19, today=2026-06-20): 확정 0 / 날짜불명 0 / 제외 15
2026-06-20 22:02:40,821 INFO HTTP Request: GET http://www.geea.or.kr/bbs/notice "HTTP/1.1 200 OK"
2026-06-20 22:02:40,844 INFO 경북북부경영자협회: 27건
2026-06-20 22:02:40,844 INFO 날짜분류(직전영업일-1, target=2026-06-19, today=2026-06-20): 확정 0 / 날짜불명 0 / 제외 27
2026-06-20 22:02:41,412 INFO HTTP Request: GET https://forwoman.or.kr/main/contents.do?a_num=59464232 "HTTP/1.1 200 OK"
2026-06-20 22:02:41,446 INFO 경북여성정책개발원: 0건
2026-06-20 22:02:41,446 INFO 날짜분류(직전영업일-1, target=2026-06-19, today=2026-06-20): 확정 0 / 날짜불명 0 / 제외 0
2026-06-20 22:02:41,885 INFO HTTP Request: GET http://gbhrd.or.kr/zbxe/?mid=support1 "HTTP/1.1 200 OK"
2026-06-20 22:02:41,901 INFO 경북지역인적자원개발위원회: 23건
2026-06-20 22:02:41,902 INFO 날짜분류(직전영업일-1, target=2026-06-19, today=2026-06-20): 확정 0 / 날짜불명 0 / 제외 23
2026-06-20 22:02:42,431 INFO HTTP Request: GET https://www.gfund.kr/hp/info/M04_L01.do "HTTP/1.1 200 OK"
2026-06-20 22:02:42,442 INFO 경상북도 중소기업육성자금 GFund: 5건
2026-06-20 22:02:42,442 INFO 날짜분류(직전영업일-1, target=2026-06-19, today=2026-06-20): 확정 0 / 날짜불명 0 / 제외 5
2026-06-20 22:02:43,319 INFO HTTP Request: GET https://www.gepa.kr/?page_id=51 "HTTP/1.1 200 OK"
2026-06-20 22:02:43,487 INFO 경상북도경제진흥원: 10건
2026-06-20 22:02:43,487 INFO 날짜분류(직전영업일-1, target=2026-06-19, today=2026-06-20): 확정 2 / 날짜불명 0 / 제외 8
2026-06-20 22:02:43,937 INFO HTTP Request: GET http://gbse.or.kr/HOME/gbse/sub.htm?nav_code=gbs1566979318 "HTTP/1.1 200 OK"
2026-06-20 22:02:44,685 INFO 경상북도사회적경제지원센터: 10건
2026-06-20 22:02:44,686 INFO 날짜분류(직전영업일-1, target=2026-06-19, today=2026-06-20): 확정 0 / 날짜불명 0 / 제외 10
2026-06-20 22:02:45,025 INFO HTTP Request: GET https://www.gipa.or.kr/community/01_1.php "HTTP/1.1 200 OK"
2026-06-20 22:02:45,113 INFO 고양산업진흥원: 10건
2026-06-20 22:02:45,114 INFO 날짜분류(직전영업일-1, target=2026-06-19, today=2026-06-20): 확정 0 / 날짜불명 0 / 제외 10
2026-06-20 22:02:45,631 INFO HTTP Request: GET http://www.gjef.or.kr/ko/28 "HTTP/1.1 200 OK"
2026-06-20 22:02:45,739 INFO 광주경영자총협회: 15건
2026-06-20 22:02:45,739 INFO 날짜분류(직전영업일-1, target=2026-06-19, today=2026-06-20): 확정 0 / 날짜불명 0 / 제외 15
2026-06-20 22:02:46,129 INFO HTTP Request: GET https://www.gjep.or.kr/cms/bbs/cms.php?dk_cms=comm_01 "HTTP/1.1 200 OK"
2026-06-20 22:02:46,285 INFO 광주경제진흥상생일자리재단: 15건
2026-06-20 22:02:46,285 INFO 날짜분류(직전영업일-1, target=2026-06-19, today=2026-06-20): 확정 0 / 날짜불명 0 / 제외 15
2026-06-20 22:02:47,891 INFO HTTP Request: GET http://www.gjjahwal.or.kr/ko/36 "HTTP/1.1 200 OK"
2026-06-20 22:02:48,110 INFO 광주광역자활센터: 15건
2026-06-20 22:02:48,110 INFO 날짜분류(직전영업일-1, target=2026-06-19, today=2026-06-20): 확정 0 / 날짜불명 0 / 제외 15
2026-06-20 22:02:48,515 INFO HTTP Request: GET https://www.gjsec.kr/bbs/board.php?bo_table=noti&sca=%EC%84%BC%ED%84%B0 "HTTP/1.1 200 OK"
2026-06-20 22:02:48,537 INFO 광주사회적경제지원센터: 21건
2026-06-20 22:02:48,537 INFO 날짜분류(직전영업일-1, target=2026-06-19, today=2026-06-20): 확정 2 / 날짜불명 2 / 제외 17
2026-06-20 22:02:48,968 INFO HTTP Request: GET https://www.gjcci.or.kr/user/board/lists/board_cd/3010 "HTTP/1.1 200 OK"
2026-06-20 22:02:48,996 INFO 광주상공회의소: 13건
2026-06-20 22:02:48,996 INFO 날짜분류(직전영업일-1, target=2026-06-19, today=2026-06-20): 확정 1 / 날짜불명 0 / 제외 12
2026-06-20 22:02:49,782 INFO HTTP Request: GET https://www.gicon.or.kr/board.es?mid=a10204000000&bid=0003 "HTTP/1.1 200 200"
2026-06-20 22:02:49,848 INFO 광주정보문화산업진흥원: 22건
2026-06-20 22:02:49,848 INFO 날짜분류(직전영업일-1, target=2026-06-19, today=2026-06-20): 확정 0 / 날짜불명 0 / 제외 22
2026-06-20 22:02:50,401 INFO HTTP Request: GET https://gj.riia.or.kr/board/businessAnnouncement "HTTP/1.1 200 "
2026-06-20 22:02:50,420 INFO 광주지역산업진흥원: 13건
2026-06-20 22:02:50,420 INFO 날짜분류(직전영업일-1, target=2026-06-19, today=2026-06-20): 확정 0 / 날짜불명 0 / 제외 13
2026-06-20 22:02:50,870 INFO HTTP Request: GET https://www.gwangjuhrd.or.kr/user2/board/lists/board_cd/5010 "HTTP/1.1 200 OK"
2026-06-20 22:02:50,893 INFO 광주지역인적자원개발위원회: 11건
2026-06-20 22:02:50,894 INFO 날짜분류(직전영업일-1, target=2026-06-19, today=2026-06-20): 확정 0 / 날짜불명 0 / 제외 11
2026-06-20 22:02:51,313 INFO HTTP Request: GET https://www.gjtp.or.kr/home/business.cs?m=8 "HTTP/1.1 200 OK"
2026-06-20 22:02:51,360 INFO 광주테크노파크: 30건
2026-06-20 22:02:51,360 INFO 날짜분류(직전영업일-1, target=2026-06-19, today=2026-06-20): 확정 0 / 날짜불명 0 / 제외 30
2026-06-20 22:02:51,820 INFO HTTP Request: GET https://www.ne.go.kr/user/bbs/BD_selectBbsList.do?q_bbsSn=1003 "HTTP/1.1 200 OK"
2026-06-20 22:02:51,871 INFO 국가교육위원회: 10건
2026-06-20 22:02:51,872 INFO 날짜분류(직전영업일-1, target=2026-06-19, today=2026-06-20): 확정 0 / 날짜불명 0 / 제외 10
2026-06-20 22:02:52,717 INFO HTTP Request: GET https://www.kaia.re.kr/portal/bbs/list/B0000006.do?menuNo=200547 "HTTP/1.1 200 OK"
2026-06-20 22:02:52,781 INFO 국토교통과학기술진흥원: 10건
2026-06-20 22:02:52,781 INFO 날짜분류(직전영업일-1, target=2026-06-19, today=2026-06-20): 확정 1 / 날짜불명 0 / 제외 9
2026-06-20 22:02:53,254 INFO HTTP Request: GET https://gpipa.or.kr/sub05/sub05_01.html "HTTP/1.1 200 OK"
2026-06-20 22:02:53,284 INFO 군포산업진흥원: 29건
2026-06-20 22:02:53,284 INFO 날짜분류(직전영업일-1, target=2026-06-19, today=2026-06-20): 확정 0 / 날짜불명 5 / 제외 24
2026-06-20 22:02:53,789 INFO HTTP Request: GET https://gpipa.or.kr/sub05/sub05_02.html "HTTP/1.1 200 OK"
2026-06-20 22:02:53,816 INFO 군포산업진흥원: 30건
2026-06-20 22:02:53,817 INFO 날짜분류(직전영업일-1, target=2026-06-19, today=2026-06-20): 확정 0 / 날짜불명 6 / 제외 24
2026-06-20 22:02:54,323 INFO HTTP Request: GET https://www.kibo.or.kr/main/board/boardType01.do "HTTP/1.1 200 OK"
2026-06-20 22:02:54,444 INFO 기술보증기금(기보): 10건
2026-06-20 22:02:54,445 INFO 날짜분류(직전영업일-1, target=2026-06-19, today=2026-06-20): 확정 1 / 날짜불명 0 / 제외 9
2026-06-20 22:02:55,159 INFO HTTP Request: GET https://www.giupsos.or.kr/portal/lay1/bbs/S122T158C160/F/13/list.do "HTTP/1.1 200 "
2026-06-20 22:02:55,183 INFO 기업 SOS: 10건
2026-06-20 22:02:55,184 INFO 날짜분류(직전영업일-1, target=2026-06-19, today=2026-06-20): 확정 0 / 날짜불명 0 / 제외 10
2026-06-20 22:02:55,584 INFO HTTP Request: GET https://www.bizinfo.go.kr/web/lay1/bbs/S1T122C128/AS/74/list.do?schPblancDiv=01 "HTTP/1.1 302 Found"
2026-06-20 22:02:55,698 INFO HTTP Request: GET https://www.bizinfo.go.kr/sii/siia/selectSIIA200View.do?schPblancDiv=01 "HTTP/1.1 200 OK"
2026-06-20 22:02:55,755 INFO 기업마당: 15건
2026-06-20 22:02:55,755 INFO 날짜분류(직전영업일-1, target=2026-06-19, today=2026-06-20): 확정 4 / 날짜불명 0 / 제외 11
2026-06-20 22:02:56,266 INFO HTTP Request: GET https://www.hrd4u.or.kr/hrddoctor/web/board/list.do?mId=34 "HTTP/1.1 200 OK"
2026-06-20 22:02:56,305 INFO 기업직업훈련지원시스템: 14건
2026-06-20 22:02:56,305 INFO 날짜분류(직전영업일-1, target=2026-06-19, today=2026-06-20): 확정 0 / 날짜불명 0 / 제외 14
2026-06-20 22:02:56,750 INFO HTTP Request: GET https://www.gimpo.go.kr/portal/ntfcPblancList.do?key=***&cate_cd=1&searchCnd=40900000000 "HTTP/1.1 200 OK"
2026-06-20 22:02:56,862 INFO 김포시청: 10건
2026-06-20 22:02:56,863 INFO 날짜분류(직전영업일-1, target=2026-06-19, today=2026-06-20): 확정 10 / 날짜불명 0 / 제외 0
2026-06-20 22:02:57,387 INFO HTTP Request: GET https://www.gimpo.go.kr/portal/selectBbsNttList.do?bbsNo=292&key=*** "HTTP/1.1 200 OK"
2026-06-20 22:02:57,509 INFO 김포시청: 18건
2026-06-20 22:02:57,509 INFO 날짜분류(직전영업일-1, target=2026-06-19, today=2026-06-20): 확정 1 / 날짜불명 0 / 제외 17
2026-06-20 22:02:57,952 INFO HTTP Request: GET https://www.koreahana.or.kr/home/kor/board.do?ptSignature=QnrvtOekzKclpksn74dfsVKJGpwSxgFZ4viFnbbXAD0%3D&menuPos=51 "HTTP/1.1 200 200"
2026-06-20 22:02:58,028 INFO 남북하나재단: 33건
2026-06-20 22:02:58,028 INFO 날짜분류(직전영업일-1, target=2026-06-19, today=2026-06-20): 확정 0 / 날짜불명 33 / 제외 0
2026-06-20 22:02:58,503 INFO HTTP Request: GET https://www.nyj.go.kr/www/selectEminwonWebList.do?key=***&sa1=01&sa1=02&sa1=04&sa1=05&sc4=2024 "HTTP/1.1 200 OK"
2026-06-20 22:02:58,655 INFO 남양주시청: 10건
2026-06-20 22:02:58,655 INFO 날짜분류(직전영업일-1, target=2026-06-19, today=2026-06-20): 확정 10 / 날짜불명 0 / 제외 0
2026-06-20 22:02:59,249 INFO HTTP Request: GET https://www.kwpi.or.kr/home/sub?menukey=7311 "HTTP/1.1 200 200"
2026-06-20 22:02:59,285 INFO 노사발전재단 일터혁신플랫폼: 10건
2026-06-20 22:02:59,285 INFO 날짜분류(직전영업일-1, target=2026-06-19, today=2026-06-20): 확정 0 / 날짜불명 0 / 제외 10
2026-06-20 22:02:59,719 INFO HTTP Request: GET https://nongshinbo.nonghyup.com/user/indexSub.do?codyMenuSeq=258789404&siteId=nongshinbo "HTTP/1.1 200 OK"
2026-06-20 22:03:00,014 INFO 농림수산업자신용보증기금(농신보): 16건
2026-06-20 22:03:00,014 INFO 날짜분류(직전영업일-1, target=2026-06-19, today=2026-06-20): 확정 0 / 날짜불명 0 / 제외 16
2026-06-20 22:03:00,597 INFO HTTP Request: GET https://www.dgfez.go.kr/page.php?mnu_uid=319& "HTTP/1.1 200 OK"
2026-06-20 22:03:00,615 INFO 대구경북경제자유구역청: 10건
2026-06-20 22:03:00,615 INFO 날짜분류(직전영업일-1, target=2026-06-19, today=2026-06-20): 확정 0 / 날짜불명 10 / 제외 0
2026-06-20 22:03:01,243 INFO HTTP Request: GET https://www.dgfez.go.kr/page.php?mnu_uid=321& "HTTP/1.1 200 OK"
2026-06-20 22:03:01,280 INFO 대구경북경제자유구역청: 11건
2026-06-20 22:03:01,280 INFO 날짜분류(직전영업일-1, target=2026-06-19, today=2026-06-20): 확정 0 / 날짜불명 11 / 제외 0
2026-06-20 22:03:02,048 INFO HTTP Request: GET http://www.dgef.or.kr/Home/board/default.asp?v=1&s_no=1&m=01 "HTTP/1.1 200 OK"
2026-06-20 22:03:02,070 INFO 대구경영자총협회: 20건
2026-06-20 22:03:02,070 INFO 날짜분류(직전영업일-1, target=2026-06-19, today=2026-06-20): 확정 0 / 날짜불명 20 / 제외 0
2026-06-20 22:03:02,939 INFO HTTP Request: GET https://startup.daegu.go.kr/index.do?menu_id=00002552 "HTTP/1.1 200 OK"
2026-06-20 22:03:02,980 INFO 대구창업허브 DASH: 7건
2026-06-20 22:03:02,980 INFO 날짜분류(직전영업일-1, target=2026-06-19, today=2026-06-20): 확정 0 / 날짜불명 7 / 제외 0
2026-06-20 22:03:03,670 INFO HTTP Request: GET https://www.sinbo.or.kr/sub04_01_01 "HTTP/1.1 200 OK"
2026-06-20 22:03:03,707 INFO 대전신용보증재단: 10건
2026-06-20 22:03:03,707 INFO 날짜분류(직전영업일-1, target=2026-06-19, today=2026-06-20): 확정 0 / 날짜불명 0 / 제외 10
2026-06-20 22:03:06,810 INFO HTTP Request: GET https://www.djbea.or.kr/board?menuId=MENU00310&siteId=null "HTTP/1.1 200 200"
2026-06-20 22:03:06,885 INFO 대전일자리경제진흥원: 10건
2026-06-20 22:03:06,885 INFO 날짜분류(직전영업일-1, target=2026-06-19, today=2026-06-20): 확정 0 / 날짜불명 0 / 제외 10
2026-06-20 22:03:08,145 INFO HTTP Request: GET https://d.nts.go.kr/daejeonnts/na/ntt/selectNttList.do?mi=5114&bbsId=6032 "HTTP/1.1 200 OK"
2026-06-20 22:03:08,318 INFO 대전지방국세청: 22건
2026-06-20 22:03:08,318 INFO 날짜분류(직전영업일-1, target=2026-06-19, today=2026-06-20): 확정 0 / 날짜불명 22 / 제외 0
2026-06-20 22:03:09,094 INFO HTTP Request: GET https://djhrd.or.kr/sub0101 "HTTP/1.1 200 OK"
2026-06-20 22:03:09,135 INFO 대전지역인적자원개발위원회: 10건
2026-06-20 22:03:09,135 INFO 날짜분류(직전영업일-1, target=2026-06-19, today=2026-06-20): 확정 0 / 날짜불명 0 / 제외 10
2026-06-20 22:03:10,931 INFO HTTP Request: GET https://djtp.or.kr/board.es?mid=a20201000000&bid=0101 "HTTP/1.1 200 "
2026-06-20 22:03:10,993 INFO 대전테크노파크: 10건
2026-06-20 22:03:10,993 INFO 날짜분류(직전영업일-1, target=2026-06-19, today=2026-06-20): 확정 0 / 날짜불명 0 / 제외 10
2026-06-20 22:03:11,939 INFO HTTP Request: GET https://djtp.or.kr/pbanc?mid=a20101000000 "HTTP/1.1 200 "
2026-06-20 22:03:12,012 INFO 대전테크노파크: 10건
2026-06-20 22:03:12,013 INFO 날짜분류(직전영업일-1, target=2026-06-19, today=2026-06-20): 확정 0 / 날짜불명 10 / 제외 0
2026-06-20 22:03:12,564 INFO HTTP Request: GET http://www.bsef.or.kr/03_news/news01.php "HTTP/1.1 200 OK"
2026-06-20 22:03:12,623 INFO 부산경영자총협회: 18건
2026-06-20 22:03:12,623 INFO 날짜분류(직전영업일-1, target=2026-06-19, today=2026-06-20): 확정 0 / 날짜불명 1 / 제외 17
2026-06-20 22:03:13,617 INFO HTTP Request: GET https://sehub.net/archives/category/alarm/opencat "HTTP/1.1 200 OK"
2026-06-20 22:03:13,649 INFO 서울특별시 사회적경제지원센터: 17건
2026-06-20 22:03:13,649 INFO 날짜분류(직전영업일-1, target=2026-06-19, today=2026-06-20): 확정 0 / 날짜불명 0 / 제외 17
2026-06-20 22:03:14,414 INFO HTTP Request: GET https://www.sjepa.or.kr/news-announcement "HTTP/1.1 200 OK"
2026-06-20 22:03:14,464 INFO 세종일자리경제진흥원: 10건
2026-06-20 22:03:14,464 INFO 날짜분류(직전영업일-1, target=2026-06-19, today=2026-06-20): 확정 0 / 날짜불명 0 / 제외 10
2026-06-20 22:03:15,174 INFO HTTP Request: GET https://sjtp.or.kr/bbs/board.php?bo_table=notice01 "HTTP/1.1 200 OK"
2026-06-20 22:03:15,226 INFO 세종테크노파크: 15건
2026-06-20 22:03:15,227 INFO 날짜분류(직전영업일-1, target=2026-06-19, today=2026-06-20): 확정 0 / 날짜불명 0 / 제외 15
2026-06-20 22:03:16,096 INFO HTTP Request: GET https://sjtp.or.kr/bbs/board.php?bo_table=business01 "HTTP/1.1 200 OK"
2026-06-20 22:03:16,153 INFO 세종테크노파크: 15건
2026-06-20 22:03:16,154 INFO 날짜분류(직전영업일-1, target=2026-06-19, today=2026-06-20): 확정 1 / 날짜불명 0 / 제외 14
2026-06-20 22:03:16,791 INFO HTTP Request: GET https://www.sida.kr/notification/news.html "HTTP/1.1 200 OK"
2026-06-20 22:03:16,814 INFO 시흥산업진흥원: 20건
2026-06-20 22:03:16,815 INFO 날짜분류(직전영업일-1, target=2026-06-19, today=2026-06-20): 확정 0 / 날짜불명 0 / 제외 20
2026-06-20 22:03:18,493 INFO HTTP Request: GET https://www.anyang.go.kr/amrc/selectBbsNttList.do?bbsNo=1284&key=*** "HTTP/1.1 200 OK"
2026-06-20 22:03:18,538 INFO 안양시상권활성화센터: 13건
2026-06-20 22:03:18,539 INFO 날짜분류(직전영업일-1, target=2026-06-19, today=2026-06-20): 확정 0 / 날짜불명 0 / 제외 13
2026-06-20 22:03:21,679 INFO HTTP Request: GET https://ypa.or.kr/information/businessnotice/ "HTTP/1.1 200 OK"
2026-06-20 22:03:21,754 INFO 용인시산업진흥원: 36건
2026-06-20 22:03:21,755 INFO 날짜분류(직전영업일-1, target=2026-06-19, today=2026-06-20): 확정 1 / 날짜불명 0 / 제외 35
2026-06-20 22:03:22,321 INFO HTTP Request: GET http://www.uyef.or.kr/V1/bbs/board.php?bo_table=cu01 "HTTP/1.1 200 OK"
2026-06-20 22:03:22,338 INFO 울산양산경영자총협회: 15건
2026-06-20 22:03:22,338 INFO 날짜분류(직전영업일-1, target=2026-06-19, today=2026-06-20): 확정 0 / 날짜불명 15 / 제외 0
2026-06-20 22:03:22,932 INFO HTTP Request: GET https://www.ubpi.or.kr/sub/?mcode=0403010000 "HTTP/1.1 200 OK"
2026-06-20 22:03:23,074 INFO 울산일자리경제진흥원: 10건
2026-06-20 22:03:23,075 INFO 날짜분류(직전영업일-1, target=2026-06-19, today=2026-06-20): 확정 0 / 날짜불명 0 / 제외 10
2026-06-20 22:03:23,569 INFO HTTP Request: GET https://www.ulsanhrd.or.kr/bbs/list.php?board_id=notice "HTTP/1.1 200 OK"
2026-06-20 22:03:23,591 INFO 울산지역인적자원개발위원회: 18건
2026-06-20 22:03:23,591 INFO 날짜분류(직전영업일-1, target=2026-06-19, today=2026-06-20): 확정 0 / 날짜불명 0 / 제외 18
2026-06-20 22:03:24,207 INFO HTTP Request: GET https://www.utp.or.kr/board/board.php?bo_table=sub0501&menu_group=4&sno=0401 "HTTP/1.1 200 OK"
2026-06-20 22:03:24,267 INFO 울산테크노파크: 18건
2026-06-20 22:03:24,267 INFO 날짜분류(직전영업일-1, target=2026-06-19, today=2026-06-20): 확정 0 / 날짜불명 0 / 제외 18
2026-06-20 22:03:25,430 INFO HTTP Request: GET https://www.wmit.or.kr/announce/businessAnnounceList.do "HTTP/1.1 200 "
2026-06-20 22:03:25,488 INFO 원주의료기기산업진흥원: 10건
2026-06-20 22:03:25,489 INFO 날짜분류(직전영업일-1, target=2026-06-19, today=2026-06-20): 확정 0 / 날짜불명 0 / 제외 10
2026-06-20 22:03:26,619 INFO HTTP Request: GET https://www.ep.go.kr/www/selectBbsNttList.do?bbsNo=42&key=*** "HTTP/1.1 200 OK"
2026-06-20 22:03:26,791 INFO 은평구청: 10건
2026-06-20 22:03:26,791 INFO 날짜분류(직전영업일-1, target=2026-06-19, today=2026-06-20): 확정 2 / 날짜불명 0 / 제외 8
2026-06-20 22:03:27,346 INFO HTTP Request: GET https://www.innobiz.net/company/company1_list.asp "HTTP/1.1 200 OK"
2026-06-20 22:03:27,365 INFO 이노비즈협회(사)중소기업기술혁신: 10건
2026-06-20 22:03:27,365 INFO 날짜분류(직전영업일-1, target=2026-06-19, today=2026-06-20): 확정 2 / 날짜불명 0 / 제외 8
2026-06-20 22:03:28,547 INFO HTTP Request: GET https://www.inef.or.kr/news/notice.php "HTTP/1.1 200 OK"
2026-06-20 22:03:28,586 INFO 인천경영자총협회: 28건
2026-06-20 22:03:28,586 INFO 날짜분류(직전영업일-1, target=2026-06-19, today=2026-06-20): 확정 0 / 날짜불명 28 / 제외 0
2026-06-20 22:03:29,175 INFO HTTP Request: GET https://www.insehub.or.kr/bbs/board.php?bo_table=bbs_030101 "HTTP/1.1 200 OK"
2026-06-20 22:03:29,227 INFO 인천광역시사회적경제지원센터: 27건
2026-06-20 22:03:29,228 INFO 날짜분류(직전영업일-1, target=2026-06-19, today=2026-06-20): 확정 0 / 날짜불명 12 / 제외 15
2026-06-20 22:03:29,768 INFO HTTP Request: GET https://idsc.kr/_NBoard/board.php?bo_table=business "HTTP/1.1 200 OK"
2026-06-20 22:03:29,819 INFO 인천디자인지원센터: 37건
2026-06-20 22:03:29,819 INFO 날짜분류(직전영업일-1, target=2026-06-19, today=2026-06-20): 확정 0 / 날짜불명 23 / 제외 14
2026-06-20 22:03:30,356 INFO HTTP Request: GET https://idsc.kr/_NBoard/board.php?bo_table=business2 "HTTP/1.1 200 OK"
2026-06-20 22:03:30,406 INFO 인천디자인지원센터: 25건
2026-06-20 22:03:30,406 INFO 날짜분류(직전영업일-1, target=2026-06-19, today=2026-06-20): 확정 0 / 날짜불명 13 / 제외 12
2026-06-20 22:03:31,500 INFO HTTP Request: GET https://www.insupport.or.kr/sub/?mcode=0404010000 "HTTP/1.1 200 OK"
2026-06-20 22:03:31,522 INFO 인천소상공인종합지원센터: 15건
2026-06-20 22:03:31,522 INFO 날짜분류(직전영업일-1, target=2026-06-19, today=2026-06-20): 확정 0 / 날짜불명 0 / 제외 15
2026-06-20 22:03:32,017 INFO HTTP Request: GET https://event.jbci.or.kr/sub/s1_1.html "HTTP/1.1 200 OK"
2026-06-20 22:03:32,077 INFO 전북창조경제혁신센터: 7건
2026-06-20 22:03:32,077 INFO 날짜분류(직전영업일-1, target=2026-06-19, today=2026-06-20): 확정 0 / 날짜불명 1 / 제외 6
2026-06-20 22:03:32,781 INFO HTTP Request: GET https://www.jbtp.or.kr/board/list.jbtp?boardId=BBS_0000002&menuCd=DOM_000000101002000000&contentsSid=4&cpath= "HTTP/1.1 200 OK"
2026-06-20 22:03:32,827 INFO 전북테크노파크: 11건
2026-06-20 22:03:32,828 INFO 날짜분류(직전영업일-1, target=2026-06-19, today=2026-06-20): 확정 0 / 날짜불명 0 / 제외 11
2026-06-20 22:03:33,856 INFO HTTP Request: GET https://www.jbtp.or.kr/board/list.jbtp?boardId=BBS_0000006&menuCd=DOM_000000102001000000&paging=ok&gbun=&searchType=&keyword=&pageNo=1 "HTTP/1.1 200 OK"
2026-06-20 22:03:33,932 INFO 전북테크노파크: 41건
2026-06-20 22:03:33,933 INFO 날짜분류(직전영업일-1, target=2026-06-19, today=2026-06-20): 확정 3 / 날짜불명 0 / 제외 38
2026-06-20 22:03:34,702 INFO HTTP Request: GET https://www.jbba.kr/bbs/board.php?bo_table=sub01_09 "HTTP/1.1 200 OK"
2026-06-20 22:03:34,751 INFO 전북특별자치도경제통상진흥원: 20건
2026-06-20 22:03:34,751 INFO 날짜분류(직전영업일-1, target=2026-06-19, today=2026-06-20): 확정 0 / 날짜불명 20 / 제외 0
2026-06-20 22:03:35,639 INFO HTTP Request: GET https://www.jbba.kr/bbs/board.php?bo_table=sub02_07_01 "HTTP/1.1 200 OK"
2026-06-20 22:03:35,680 INFO 전북특별자치도경제통상진흥원: 15건
2026-06-20 22:03:35,680 INFO 날짜분류(직전영업일-1, target=2026-06-19, today=2026-06-20): 확정 0 / 날짜불명 15 / 제외 0
2026-06-20 22:03:36,370 INFO HTTP Request: GET https://www.jica.or.kr/2025/inner.php?sMenu=A1000 "HTTP/1.1 200 OK"
2026-06-20 22:03:36,622 INFO 전주정보문화산업진흥원: 9건
2026-06-20 22:03:36,623 INFO 날짜분류(직전영업일-1, target=2026-06-19, today=2026-06-20): 확정 0 / 날짜불명 0 / 제외 9
2026-06-20 22:03:37,375 INFO HTTP Request: GET https://www.jica.or.kr/2025/inner.php?sMenu=A2000 "HTTP/1.1 200 OK"
2026-06-20 22:03:37,652 INFO 전주정보문화산업진흥원: 9건
2026-06-20 22:03:37,653 INFO 날짜분류(직전영업일-1, target=2026-06-19, today=2026-06-20): 확정 0 / 날짜불명 0 / 제외 9
2026-06-20 22:03:38,343 INFO HTTP Request: GET https://tmdf.or.kr/sub/sub03_01.php "HTTP/1.1 200 OK"
2026-06-20 22:03:38,396 INFO 전통시장육성재단: 10건
2026-06-20 22:03:38,397 INFO 날짜분류(직전영업일-1, target=2026-06-19, today=2026-06-20): 확정 0 / 날짜불명 0 / 제외 10
2026-06-20 22:03:39,071 INFO HTTP Request: GET https://www.nipa.kr/home/2-1 "HTTP/1.1 200 200"
2026-06-20 22:03:39,136 INFO 정보통신산업진흥원: 12건
2026-06-20 22:03:39,137 INFO 날짜분류(직전영업일-1, target=2026-06-19, today=2026-06-20): 확정 0 / 날짜불명 0 / 제외 12
2026-06-20 22:03:39,878 INFO HTTP Request: GET https://www.nipa.kr/home/2-2 "HTTP/1.1 200 200"
2026-06-20 22:03:39,950 INFO 정보통신산업진흥원: 10건
2026-06-20 22:03:39,950 INFO 날짜분류(직전영업일-1, target=2026-06-19, today=2026-06-20): 확정 0 / 날짜불명 0 / 제외 10
