2026-06-21 14:27:50,452 INFO HTTP Request: GET https://www.bizinfo.go.kr/uss/rss/bizinfoApi.do?crtfcKey=***&dataType=json&searchCnt=99999 "HTTP/1.1 200 OK"
2026-06-21 14:27:50,869 INFO 기업마당(Bizinfo): 1451건
2026-06-21 14:27:51,885 INFO HTTP Request: GET https://www.k-startup.go.kr/web/contents/bizpbanc-ongoing.do?schMenuId=10090&pageIndex=1&viewCount=100&pbancSttus=ing&pbancClssCd=PBC010 "HTTP/1.1 200 200"
2026-06-21 14:27:53,071 INFO HTTP Request: GET https://www.k-startup.go.kr/web/contents/bizpbanc-ongoing.do?schMenuId=10090&pageIndex=1&viewCount=100&pbancSttus=ing&pbancClssCd=PBC020 "HTTP/1.1 200 200"
2026-06-21 14:27:53,278 INFO K-Startup: 30건
2026-06-21 14:27:55,581 INFO HTTP Request: POST https://www.iris.go.kr/contents/retrieveBsnsAncmBtinSituList.do "HTTP/1.1 200 OK"
2026-06-21 14:27:55,582 INFO IRIS(범부처통합연구지원): 10건
2026-06-21 14:27:56,923 INFO HTTP Request: GET https://www.mss.go.kr/site/smba/ex/bbs/List.do?cbIdx=310 "HTTP/1.1 200 OK"
2026-06-21 14:27:57,138 INFO 중소벤처기업부: 10건
2026-06-21 14:27:57,932 INFO HTTP Request: GET https://www.msit.go.kr/bbs/list.do?sCode=user&mId=113&mPid=112 "HTTP/1.1 200 OK"
2026-06-21 14:27:57,935 INFO 과학기술정보통신부: 0건
2026-06-21 14:27:58,799 INFO HTTP Request: GET https://www.msit.go.kr/bbs/list.do?sCode=user&mId=113&mPid=112 "HTTP/1.1 200 OK"
2026-06-21 14:27:59,900 INFO HTTP Request: GET https://www.motie.go.kr/kor/article/ATCL2826a2625 "HTTP/1.1 301 Moved Permanently"
2026-06-21 14:28:00,167 INFO HTTP Request: GET https://www.motir.go.kr/kor/article/ATCL2826a2625 "HTTP/1.1 200 OK"
2026-06-21 14:28:00,343 INFO 산업통상자원부: 0건
2026-06-21 14:28:01,413 INFO HTTP Request: GET https://www.motie.go.kr/kor/article/ATCL2826a2625 "HTTP/1.1 301 Moved Permanently"
2026-06-21 14:28:01,535 INFO HTTP Request: GET https://www.motir.go.kr/kor/article/ATCL2826a2625 "HTTP/1.1 200 OK"
2026-06-21 14:28:02,505 INFO HTTP Request: GET https://www.moel.go.kr/info/govsupport/govsupportcon/govSupportSubList.do "HTTP/1.1 200 OK"
2026-06-21 14:28:02,714 INFO 고용노동부: 10건
2026-06-21 14:28:04,084 INFO HTTP Request: GET https://www.mafra.go.kr/bbs/mafra/68/artclList.do "HTTP/1.1 200 OK"
2026-06-21 14:28:04,123 INFO 농림축산식품부: 10건
2026-06-21 14:28:05,335 INFO HTTP Request: GET https://www.mof.go.kr/article/list.do?menuKey=971&boardKey=10 "HTTP/1.1 404 Not Found"
2026-06-21 14:28:05,336 ERROR 접속 실패 https://www.mof.go.kr/article/list.do?menuKey=971&boardKey=10: Client error '404 Not Found' for url 'https://www.mof.go.kr/article/list.do?menuKey=971&boardKey=10'
For more information check: https://developer.mozilla.org/en-US/docs/Web/HTTP/Status/404
2026-06-21 14:28:06,188 INFO HTTP Request: GET https://www.mof.go.kr/article/list.do?menuKey=971&boardKey=10 "HTTP/1.1 404 Not Found"
2026-06-21 14:28:06,189 ERROR 접속 실패 https://www.mof.go.kr/article/list.do?menuKey=971&boardKey=10: Client error '404 Not Found' for url 'https://www.mof.go.kr/article/list.do?menuKey=971&boardKey=10'
For more information check: https://developer.mozilla.org/en-US/docs/Web/HTTP/Status/404
2026-06-21 14:28:07,162 INFO HTTP Request: GET https://www.mcst.go.kr/kor/s_notice/press/pressView.jsp "HTTP/1.1 302 Found"
2026-06-21 14:28:07,185 INFO HTTP Request: GET https://www.mcst.go.kr/site/s_notice/press/pressView.jsp "HTTP/1.1 200 OK"
2026-06-21 14:28:07,189 INFO 문화체육관광부: 0건
2026-06-21 14:28:08,219 INFO HTTP Request: GET https://www.mcst.go.kr/kor/s_notice/press/pressView.jsp "HTTP/1.1 302 Found"
2026-06-21 14:28:08,247 INFO HTTP Request: GET https://www.mcst.go.kr/site/s_notice/press/pressView.jsp "HTTP/1.1 200 OK"
2026-06-21 14:28:09,421 INFO HTTP Request: GET https://www.moef.go.kr/nw/nes/nesdta.do?searchBbsId1=MOSFBBS_000000000028 "HTTP/1.1 301 Moved Permanently"
2026-06-21 14:28:09,595 INFO HTTP Request: GET https://mofe.go.kr/nw/nes/nesdta.do?searchBbsId1=MOSFBBS_000000000028 "HTTP/1.1 200 OK"
2026-06-21 14:28:09,805 INFO 기획재정부: 0건
2026-06-21 14:28:10,922 INFO HTTP Request: GET https://www.moef.go.kr/nw/nes/nesdta.do?searchBbsId1=MOSFBBS_000000000028 "HTTP/1.1 301 Moved Permanently"
2026-06-21 14:28:11,058 INFO HTTP Request: GET https://mofe.go.kr/nw/nes/nesdta.do?searchBbsId1=MOSFBBS_000000000028 "HTTP/1.1 200 OK"
2026-06-21 14:28:12,636 INFO HTTP Request: GET https://www.molit.go.kr/USR/BORD0201/m_69/lst.jsp "HTTP/1.0 307 Temporary Redirect"
2026-06-21 14:28:12,885 INFO HTTP Request: GET https://www.molit.go.kr/USR/BORD0201/m_69/lst.jsp "HTTP/1.1 200 OK"
2026-06-21 14:28:12,991 INFO 국토교통부: 10건
2026-06-21 14:28:14,366 INFO HTTP Request: GET https://www.nipa.kr/home/bsnsAll/0/nttList?bbsNo=4&tab=2&curPage=1 "HTTP/1.1 200 200"
2026-06-21 14:28:14,499 INFO 정보통신산업진흥원(NIPA): 10건
2026-06-21 14:28:15,857 INFO HTTP Request: GET https://www.kiat.or.kr/front/board/boardContentsListPage.do?board_id=90 "HTTP/1.1 200 200"
2026-06-21 14:28:15,906 INFO 한국산업기술진흥원(KIAT): 0건
2026-06-21 14:28:17,100 INFO HTTP Request: GET https://www.kiat.or.kr/front/board/boardContentsListPage.do?board_id=90 "HTTP/1.1 200 200"
2026-06-21 14:28:18,173 INFO HTTP Request: GET https://itech.keit.re.kr/bsnsancm/retrieveSprtBsnsAncmList.do "HTTP/1.1 200 OK"
2026-06-21 14:28:18,268 INFO 한국산업기술평가관리원(KEIT): 0건
2026-06-21 14:28:19,024 INFO HTTP Request: GET https://itech.keit.re.kr/bsnsancm/retrieveSprtBsnsAncmList.do "HTTP/1.1 200 OK"
2026-06-21 14:28:19,901 INFO HTTP Request: GET https://www.kotra.or.kr/kp/biz/notificationList.do "HTTP/1.1 200 OK"
2026-06-21 14:28:19,904 INFO KOTRA(대한무역투자진흥공사): 0건
2026-06-21 14:28:21,095 INFO HTTP Request: GET https://www.kotra.or.kr/kp/biz/notificationList.do "HTTP/1.1 200 OK"
2026-06-21 14:28:22,299 INFO HTTP Request: GET https://www.kosmes.or.kr/nsh/SH/NTS/SHNTS001M0.do "HTTP/1.1 200 200"
2026-06-21 14:28:22,458 INFO 중소벤처기업진흥공단(KOSME): 0건
2026-06-21 14:28:23,611 INFO HTTP Request: GET https://www.kosmes.or.kr/nsh/SH/NTS/SHNTS001M0.do "HTTP/1.1 200 200"
2026-06-21 14:28:24,872 INFO HTTP Request: POST https://ols.semas.or.kr/ols/man/SMAN051M/search.do "HTTP/1.1 201 Created"
2026-06-21 14:28:24,874 INFO 소진공 정책자금 온라인신청: 10건
2026-06-21 14:28:25,891 INFO HTTP Request: GET https://www.kocca.kr/kocca/pims/list.do?menuNo=204104 "HTTP/1.1 200 200"
2026-06-21 14:28:26,033 INFO 한국콘텐츠진흥원(사업공고): 10건
2026-06-21 14:28:27,065 INFO HTTP Request: GET https://www.kocca.kr/kocca/bbs/list/B0158960.do?menuNo=204392 "HTTP/1.1 200 200"
2026-06-21 14:28:27,220 INFO 한국콘텐츠진흥원(금융): 11건
2026-06-21 14:28:28,373 INFO HTTP Request: GET https://www.ksure.or.kr/rh-kr/bbs/i-671/list.do "HTTP/1.1 200 OK"
2026-06-21 14:28:28,507 INFO 한국무역보험공사(K-SURE): 0건
2026-06-21 14:28:29,776 INFO HTTP Request: GET https://www.ksure.or.kr/rh-kr/bbs/i-671/list.do "HTTP/1.1 200 OK"
2026-06-21 14:28:30,603 INFO HTTP Request: GET https://www.kodit.co.kr/kodit/na/ntt/selectNttList.do?mi=2638&bbsId=148 "HTTP/1.1 308 Permanent Redirect"
2026-06-21 14:28:30,987 INFO HTTP Request: GET https://www.kodit.or.kr/kodit/na/ntt/selectNttList.do?mi=2638&bbsId=148 "HTTP/1.1 200 OK"
2026-06-21 14:28:31,080 INFO 신용보증기금(KODIT): 0건
2026-06-21 14:28:31,807 INFO HTTP Request: GET https://www.kodit.co.kr/kodit/na/ntt/selectNttList.do?mi=2638&bbsId=148 "HTTP/1.1 308 Permanent Redirect"
2026-06-21 14:28:32,039 INFO HTTP Request: GET https://www.kodit.or.kr/kodit/na/ntt/selectNttList.do?mi=2638&bbsId=148 "HTTP/1.1 200 OK"
2026-06-21 14:28:33,446 INFO HTTP Request: GET https://www.khidi.or.kr/board?menuId=MENU02096 "HTTP/1.1 200 200"
2026-06-21 14:28:33,549 INFO 한국보건산업진흥원(KHIDI): 10건
2026-06-21 14:28:35,332 INFO HTTP Request: GET https://www.keiti.re.kr/site/keiti/ex/board/List.do?cbIdx=277 "HTTP/1.1 200 OK"
2026-06-21 14:28:35,408 INFO 한국환경산업기술원(KEITI): 0건
2026-06-21 14:28:37,071 INFO HTTP Request: GET https://www.keiti.re.kr/site/keiti/ex/board/List.do?cbIdx=277 "HTTP/1.1 200 OK"
2026-06-21 14:28:38,116 INFO HTTP Request: GET https://www.ketep.re.kr/businessAcment?menuId=MENU002080200000000 "HTTP/1.1 200 OK"
2026-06-21 14:28:38,218 INFO 한국에너지기술평가원(KETEP): 10건
2026-06-21 14:28:39,135 INFO HTTP Request: GET https://www.kidp.or.kr/?menuno=918&act=list "HTTP/1.1 200 OK"
2026-06-21 14:28:39,758 INFO 한국디자인진흥원(KIDP): 0건
2026-06-21 14:28:40,798 INFO HTTP Request: GET https://www.kidp.or.kr/?menuno=918&act=list "HTTP/1.1 200 OK"
2026-06-21 14:28:42,272 INFO HTTP Request: GET https://www.rdcdp.or.kr/index.do?menu_id=00000746 "HTTP/1.1 200 "
2026-06-21 14:28:42,401 INFO 지역디자인통합플랫폼: 0건
2026-06-21 14:28:43,324 INFO HTTP Request: GET https://www.rdcdp.or.kr/index.do?menu_id=00000746 "HTTP/1.1 200 "
2026-06-21 14:28:44,219 INFO HTTP Request: GET https://www.sba.seoul.kr/kr/sbcu31l1 "HTTP/1.1 301 Moved Permanently"
2026-06-21 14:28:44,477 INFO HTTP Request: GET https://www.sba.seoul.kr "HTTP/1.1 200 OK"
2026-06-21 14:28:44,675 INFO 서울산업진흥원(SBA): 0건
2026-06-21 14:28:45,731 INFO HTTP Request: GET https://www.sba.seoul.kr/kr/sbcu31l1 "HTTP/1.1 301 Moved Permanently"
2026-06-21 14:28:46,005 INFO HTTP Request: GET https://www.sba.seoul.kr "HTTP/1.1 200 OK"
2026-06-21 14:28:47,103 INFO HTTP Request: GET https://pms.gbsa.or.kr/info/pblanc/pblancList.do "HTTP/1.1 200 "
2026-06-21 14:28:47,114 INFO 경기도경제과학진흥원(GBSA): 0건
2026-06-21 14:28:47,850 INFO HTTP Request: GET https://pms.gbsa.or.kr/info/pblanc/pblancList.do "HTTP/1.1 200 "
2026-06-21 14:28:50,920 INFO HTTP Request: GET https://www.itp.or.kr/intro.asp?tmid=13&PageNum=1 "HTTP/1.1 200 OK"
2026-06-21 14:28:51,036 INFO 인천테크노파크: 10건
2026-06-21 14:28:54,668 INFO HTTP Request: GET https://www.bepa.kr/kor/view.do?no=1508 "HTTP/1.1 200 200"
2026-06-21 14:28:54,793 INFO 부산경제진흥원(BEP): 12건
2026-06-21 14:28:56,675 INFO HTTP Request: GET https://www.djtp.or.kr/board.es?mid=a20102000000&bid=0102 "HTTP/1.1 200 "
2026-06-21 14:28:56,781 INFO 대전테크노파크: 12건
2026-06-21 14:28:57,785 INFO HTTP Request: GET https://myfair.co/support-program-list "HTTP/1.1 200 OK"
2026-06-21 14:28:57,807 INFO 마이페어: 0건
2026-06-21 14:28:58,802 INFO HTTP Request: GET https://myfair.co/support-program-list "HTTP/1.1 200 OK"
2026-06-21 14:28:59,656 INFO HTTP Request: GET https://www.kita.net/asocBiz/asocBiz/asocBizOngoingList.do "HTTP/1.1 200 "
2026-06-21 14:28:59,847 INFO 한국무역협회(KITA): 10건
2026-06-21 14:29:01,200 INFO HTTP Request: GET https://www.smtech.go.kr/front/ifg/no/notice02_list.do "HTTP/1.1 200 OK"
2026-06-21 14:29:01,297 INFO SMTECH(중소기업기술개발): 15건
2026-06-21 14:29:02,969 INFO HTTP Request: GET https://pms.gtp.or.kr/web/business/webBusinessList.do "HTTP/1.1 200 OK"
2026-06-21 14:29:03,028 INFO 경기TP: 10건
2026-06-21 14:29:03,959 INFO HTTP Request: GET https://www.gsp.or.kr/supportProject/UVSL0001.do "HTTP/1.1 200 "
2026-06-21 14:29:04,006 INFO 경기스타트업플랫폼: 7건
2026-06-21 14:29:04,739 INFO HTTP Request: GET https://ccei.creativekorea.or.kr/service/business_list.do "HTTP/1.1 200 200"
2026-06-21 14:29:04,778 INFO 창조경제혁신센터(공고): 2건
2026-06-21 14:29:05,508 INFO HTTP Request: GET https://ccei.creativekorea.or.kr/service/event_list.do "HTTP/1.1 200 200"
2026-06-21 14:29:05,547 INFO 창조경제혁신센터(행사): 2건
2026-06-21 14:29:11,082 INFO HTTP Request: GET https://www.seoultp.or.kr/user/nd19746.do "HTTP/1.1 200 OK"
2026-06-21 14:29:11,126 INFO 서울TP: 0건
2026-06-21 14:29:16,834 INFO HTTP Request: GET https://www.seoultp.or.kr/user/nd19746.do "HTTP/1.1 200 OK"
2026-06-21 14:29:18,287 INFO HTTP Request: GET https://kovwa.or.kr/94 "HTTP/1.1 200 OK"
2026-06-21 14:29:18,459 INFO 한국여성벤처협회: 0건
2026-06-21 14:29:19,698 INFO HTTP Request: GET https://kovwa.or.kr/94 "HTTP/1.1 200 OK"
2026-06-21 14:29:22,141 INFO HTTP Request: GET https://ppi.g2b.go.kr:8914/cm/bbs/usr/00031/bbsList_usr.do "HTTP/1.1 200 OK"
2026-06-21 14:29:22,190 INFO 혁신제품지정공고(나라장터): 0건
2026-06-21 14:29:24,497 INFO HTTP Request: GET https://ppi.g2b.go.kr:8914/cm/bbs/usr/00031/bbsList_usr.do "HTTP/1.1 200 OK"
2026-06-21 14:29:25,805 INFO HTTP Request: GET https://www.kocca.kr/kocca/bbs/list/B0000138.do?menuNo=204024 "HTTP/1.1 200 200"
2026-06-21 14:29:25,905 INFO 한국콘텐츠진흥원(일반공고): 1건
2026-06-21 14:29:26,804 INFO HTTP Request: GET https://bizok.incheon.go.kr/open_content/support.do "HTTP/1.1 200 OK"
2026-06-21 14:29:26,884 INFO 비즈오케이(BizOK) - 인천기업지원: 12건
2026-06-21 14:29:27,753 INFO HTTP Request: GET https://bizok.incheon.go.kr/open_content/support/plan/plan2026.jsp "HTTP/1.1 200 OK"
2026-06-21 14:29:28,015 INFO 비즈오케이 - 인천 연간사업공고계획: 0건
2026-06-21 14:29:28,821 INFO HTTP Request: GET https://bizok.incheon.go.kr/open_content/support/plan/plan2026.jsp "HTTP/1.1 200 OK"
2026-06-21 14:29:31,154 INFO HTTP Request: GET https://www.incheon.go.kr/IC010205 "HTTP/1.1 200 OK"
2026-06-21 14:29:31,338 INFO 인천광역시청 - 공고/고시: 10건
2026-06-21 14:29:34,194 INFO HTTP Request: GET https://www.itp.or.kr/intro.asp?tmid=15&PageNum=1 "HTTP/1.1 200 OK"
2026-06-21 14:29:34,258 INFO 인천테크노파크(ITP) - 공지사항: 10건
2026-06-21 14:29:36,455 INFO HTTP Request: GET https://www.ifez.go.kr/main/pst/list.do?pst_id=noti03 "HTTP/1.1 200 200"
2026-06-21 14:29:36,557 INFO 인천경제자유구역청(IFEZ): 10건
2026-06-21 14:29:37,488 INFO HTTP Request: GET https://incheon.korcham.net/front/board/boardContentsListPage.do?boardId=51228 "HTTP/1.1 200 OK"
2026-06-21 14:29:37,507 INFO 인천상공회의소: 0건
2026-06-21 14:29:38,407 INFO HTTP Request: GET https://incheon.korcham.net/front/board/boardContentsListPage.do?boardId=51228 "HTTP/1.1 200 OK"
2026-06-21 14:29:39,700 INFO HTTP Request: GET https://www.ema.or.kr/bbs/support "HTTP/1.1 200 OK"
2026-06-21 14:29:39,747 INFO 인천수출경영자협의회: 15건
2026-06-21 14:29:40,810 INFO HTTP Request: GET http://www.insupport.or.kr/sub/?mcode=0404010000 "HTTP/1.1 301 Moved Permanently"
2026-06-21 14:29:42,402 INFO HTTP Request: GET https://www.insupport.or.kr/sub/?mcode=0404010000 "HTTP/1.1 200 OK"
2026-06-21 14:29:42,438 INFO 인천소상공인종합지원센터: 15건
2026-06-21 14:29:43,556 INFO HTTP Request: GET https://www.icsinbo.or.kr/home/board/brdList.do?menu_cd=000044 "HTTP/1.1 200 "
2026-06-21 14:29:43,728 INFO 인천신용보증재단: 0건
2026-06-21 14:29:44,803 INFO HTTP Request: GET https://www.icsinbo.or.kr/home/board/brdList.do?menu_cd=000044 "HTTP/1.1 200 "
2026-06-21 14:29:45,941 INFO HTTP Request: GET https://www.icjg.go.kr/krcm01b "HTTP/1.1 200 OK"
2026-06-21 14:29:46,057 INFO 인천 중구청: 20건
2026-06-21 14:29:47,951 INFO HTTP Request: GET https://www.icbp.go.kr/main/eminwon/eminwonAnnounceList.do "HTTP/1.1 200 OK"
2026-06-21 14:29:49,530 INFO 인천 부평구청: 0건
2026-06-21 14:29:51,037 INFO HTTP Request: GET https://www.icbp.go.kr/main/eminwon/eminwonAnnounceList.do "HTTP/1.1 200 OK"
2026-06-21 14:29:53,393 INFO HTTP Request: GET https://www.kotra.or.kr/bigList/20000020753 "HTTP/1.1 200 OK"
2026-06-21 14:29:53,396 INFO KOTRA 무역투자24 - 사업공고: 0건
2026-06-21 14:29:54,151 INFO HTTP Request: GET https://www.kotra.or.kr/bigList/20000020753 "HTTP/1.1 200 OK"
2026-06-21 14:29:59,090 INFO HTTP Request: GET https://www.semas.or.kr/web/SUP/supportAnnounce.kmdc "HTTP/1.1 200 OK"
2026-06-21 14:29:59,093 INFO 소상공인시장진흥공단 - 사업공고: 0건
2026-06-21 14:30:04,145 INFO HTTP Request: GET https://www.semas.or.kr/web/SUP/supportAnnounce.kmdc "HTTP/1.1 200 OK"
2026-06-21 14:30:06,170 INFO HTTP Request: GET https://www.khidi.or.kr/board?menuId=MENU01108 "HTTP/1.1 200 200"
2026-06-21 14:30:06,333 INFO 한국보건산업진흥원(K-뷰티공고): 23건
2026-06-21 14:30:09,489 INFO HTTP Request: GET https://www.itp.or.kr/intro.asp?tmid=36&PageNum=1 "HTTP/1.1 200 OK"
2026-06-21 14:30:09,567 INFO 인천TP 마케팅센터(뷰티산업육성): 5건
2026-06-21 14:30:10,748 INFO HTTP Request: GET https://www.exportvoucher.com/portal/board/boardList?bbs_id=1&active_menu_cd=EZ005004000 "HTTP/1.1 200 OK"
2026-06-21 14:30:10,802 INFO 수출바우처(수출지원기반활용): 13건
2026-06-21 14:30:11,773 INFO HTTP Request: GET https://www.mssmiv.com/portal/board/BoardList?bbsId=1 "HTTP/1.1 200 "
2026-06-21 14:30:11,820 INFO 중소기업 혁신바우처(MSSMIV): 14건
2026-06-21 14:30:12,763 INFO HTTP Request: GET https://www.gokams.or.kr/01_news/notice_list.aspx "HTTP/1.1 200 OK"
2026-06-21 14:30:12,821 INFO 예술경영지원센터: 111건
2026-06-21 14:30:13,571 INFO HTTP Request: GET https://hespa.or.kr/main/index.php?m_cd=23 "HTTP/1.1 200 OK"
2026-06-21 14:30:13,615 INFO (재)헬스케어스파산업진흥원: 1건
2026-06-21 14:30:14,611 INFO HTTP Request: GET https://www.smes.go.kr/mainbiz/usr/board/comNotice.do "HTTP/1.1 200 OK"
2026-06-21 14:30:14,659 INFO MainBiz 메인 / 경영혁신형 중소기업: 10건
2026-06-21 14:30:15,652 INFO HTTP Request: GET https://gsipa.or.kr/board/bbs/board.php?bo_table=notice "HTTP/1.1 200 OK"
2026-06-21 14:30:15,710 INFO 강릉과학산업진흥원: 50건
2026-06-21 14:30:16,427 INFO HTTP Request: GET http://www.gwef.or.kr/bbs/board.php?bo_table=notice "HTTP/1.1 200 OK"
2026-06-21 14:30:16,462 INFO 강원경영자총협회: 15건
2026-06-21 14:30:17,187 INFO HTTP Request: GET https://www.gwsinbo.or.kr/board/board_list.php?board_name=notice "HTTP/1.1 200 OK"
2026-06-21 14:30:17,265 INFO 강원신용보증재단: 21건
2026-06-21 14:30:18,070 INFO HTTP Request: GET https://gwse.or.kr/bbs/board.php?bo_table=sub41 "HTTP/1.1 200 OK"
2026-06-21 14:30:18,119 INFO 강원지속가능경제지원센터: 20건
2026-06-21 14:30:18,989 INFO HTTP Request: GET https://gwhrd.or.kr/bbs/board.php?bo_table=sub01_01 "HTTP/1.1 200 OK"
2026-06-21 14:30:19,056 INFO 강원지역인적자원개발위원회: 10건
2026-06-21 14:30:19,708 INFO HTTP Request: GET https://www.gwtp.or.kr/gwtp/bbsNew_list.php?code=sub01a&keyvalue=sub01 "HTTP/1.1 200 OK"
2026-06-21 14:30:19,773 INFO 강원테크노파크: 21건
2026-06-21 14:30:20,654 INFO HTTP Request: GET https://www.gwtp.or.kr/gwtp/bbsNew_list.php?code=sub01b&keyvalue=sub01 "HTTP/1.1 200 OK"
2026-06-21 14:30:20,847 INFO 강원테크노파크: 51건
2026-06-21 14:30:21,780 INFO HTTP Request: GET https://www.gwep.or.kr/bbs/board.php?bo_table=gw_sub61 "HTTP/1.1 200 OK"
2026-06-21 14:30:21,863 INFO 강원특별자치도경제진흥원: 15건
2026-06-21 14:30:22,802 INFO HTTP Request: GET https://www.gwep.or.kr/bbs/board.php?bo_table=gw_sub21 "HTTP/1.1 200 OK"
2026-06-21 14:30:22,894 INFO 강원특별자치도경제진흥원: 15건
2026-06-21 14:30:25,762 INFO HTTP Request: GET https://www.gbsa.or.kr/board/notice.do "HTTP/1.1 200 "
2026-06-21 14:30:25,914 INFO 경기도경제과학진흥원: 10건
2026-06-21 14:30:27,163 INFO HTTP Request: GET https://www.gmr.or.kr/base/board/list?boardManagementNo=1&menuLevel=2&menuNo=14 "HTTP/1.1 200 200"
2026-06-21 14:30:27,349 INFO 경기도시장상권진흥원: 10건
2026-06-21 14:30:28,728 INFO HTTP Request: GET https://www.gwff.kr/base/board/list?boardManagementNo=21&menuLevel=2&menuNo=23 "HTTP/1.1 200 200"
2026-06-21 14:30:28,808 INFO 경기도여성가족재단: 10건
2026-06-21 14:30:30,214 INFO HTTP Request: GET https://www.gghrd.or.kr/board/notice.php "HTTP/1.1 200 OK"
2026-06-21 14:30:30,311 INFO 경기지역인적자원개발위원회: 21건
2026-06-21 14:30:31,527 INFO HTTP Request: GET https://www.gcon.or.kr/gcon/bbs/B0000001/list.do?menuNo=200057 "HTTP/1.1 200 200"
2026-06-21 14:30:31,695 INFO 경기콘텐츠진흥원: 15건
2026-06-21 14:30:32,906 INFO HTTP Request: GET https://www.gtp.or.kr/web/bbs/noticeList.jsp?gbun=anno "HTTP/1.1 200 OK"
2026-06-21 14:30:32,970 INFO 경기테크노파크: 20건
2026-06-21 14:30:34,039 INFO HTTP Request: GET https://www.gtp.or.kr/web/bbs/noticeList.jsp?gbun=expert "HTTP/1.1 200 OK"
2026-06-21 14:30:34,126 INFO 경기테크노파크: 20건
2026-06-21 14:30:34,954 INFO HTTP Request: GET https://www.xn--6-v85ew7hc2v44fiuk.com/board/board/list/sub4_1 "HTTP/1.1 200 OK"
2026-06-21 14:30:34,983 INFO 경남6차산업지원센터: 10건
2026-06-21 14:30:35,674 INFO HTTP Request: GET https://www.gnsinbo.or.kr/bbs/board.php?bo_table=01_03_01_01 "HTTP/1.1 200 OK"
2026-06-21 14:30:35,736 INFO 경남신용보증재단: 15건
2026-06-21 14:30:36,695 INFO HTTP Request: GET https://gnhrd.or.kr/bbs/board.php?bo_table=notice "HTTP/1.1 200 OK"
2026-06-21 14:30:36,813 INFO 경남지역인적자원개발위원회: 12건
2026-06-21 14:30:37,886 INFO HTTP Request: GET https://www.gntp.or.kr/board/list "HTTP/1.1 200 "
2026-06-21 14:30:37,944 INFO 경남테크노파크: 0건
2026-06-21 14:30:38,983 INFO HTTP Request: GET https://www.gntp.or.kr/board/list "HTTP/1.1 200 "
2026-06-21 14:30:39,844 INFO HTTP Request: GET http://kbef.or.kr/zbxe/support1 "HTTP/1.1 200 OK"
2026-06-21 14:30:39,894 INFO 경북경영자총협회: 22건
2026-06-21 14:30:42,957 INFO HTTP Request: GET https://gbssc.or.kr/notice/ "HTTP/1.1 200 OK"
2026-06-21 14:30:43,033 INFO 경북광역자활센터: 15건
2026-06-21 14:30:43,767 INFO HTTP Request: GET http://www.geea.or.kr/bbs/notice "HTTP/1.1 200 OK"
2026-06-21 14:30:43,801 INFO 경북북부경영자협회: 27건
2026-06-21 14:30:44,703 INFO HTTP Request: GET https://forwoman.or.kr/main/contents.do?a_num=59464232 "HTTP/1.1 200 OK"
2026-06-21 14:30:44,761 INFO 경북여성정책개발원: 11건
2026-06-21 14:30:45,554 INFO HTTP Request: GET http://gbhrd.or.kr/zbxe/?mid=support1 "HTTP/1.1 200 OK"
2026-06-21 14:30:45,596 INFO 경북지역인적자원개발위원회: 23건
2026-06-21 14:30:46,662 INFO HTTP Request: GET https://www.gfund.kr/hp/info/M04_L01.do "HTTP/1.1 200 OK"
2026-06-21 14:30:46,691 INFO 경상북도 중소기업육성자금 GFund: 5건
2026-06-21 14:30:48,044 INFO HTTP Request: GET https://www.gepa.kr/?page_id=51 "HTTP/1.1 200 OK"
2026-06-21 14:30:48,350 INFO 경상북도경제진흥원: 10건
2026-06-21 14:30:49,034 INFO HTTP Request: GET http://gbse.or.kr/HOME/gbse/sub.htm?nav_code=gbs1566979318 "HTTP/1.1 200 OK"
2026-06-21 14:30:49,712 INFO 경상북도사회적경제지원센터: 10건
2026-06-21 14:30:50,437 INFO HTTP Request: GET https://www.gipa.or.kr/community/01_1.php "HTTP/1.1 200 OK"
2026-06-21 14:30:50,536 INFO 고양산업진흥원: 10건
2026-06-21 14:30:51,264 INFO HTTP Request: GET http://www.gjef.or.kr/ko/28 "HTTP/1.1 200 OK"
2026-06-21 14:30:51,388 INFO 광주경영자총협회: 15건
2026-06-21 14:30:52,047 INFO HTTP Request: GET https://www.gjep.or.kr/cms/bbs/cms.php?dk_cms=comm_01 "HTTP/1.1 200 OK"
2026-06-21 14:30:52,228 INFO 광주경제진흥상생일자리재단: 15건
2026-06-21 14:30:54,044 INFO HTTP Request: GET http://www.gjjahwal.or.kr/ko/36 "HTTP/1.1 200 OK"
2026-06-21 14:30:54,284 INFO 광주광역자활센터: 15건
2026-06-21 14:30:55,026 INFO HTTP Request: GET https://www.gjsec.kr/bbs/board.php?bo_table=noti&sca=%EC%84%BC%ED%84%B0 "HTTP/1.1 200 OK"
2026-06-21 14:30:55,077 INFO 광주사회적경제지원센터: 21건
2026-06-21 14:30:56,019 INFO HTTP Request: GET https://www.gjcci.or.kr/user/board/lists/board_cd/3010 "HTTP/1.1 200 OK"
2026-06-21 14:30:56,107 INFO 광주상공회의소: 13건
2026-06-21 14:30:57,409 INFO HTTP Request: GET https://www.gicon.or.kr/board.es?mid=a10204000000&bid=0003 "HTTP/1.1 200 200"
2026-06-21 14:30:57,507 INFO 광주정보문화산업진흥원: 22건
2026-06-21 14:30:58,310 INFO HTTP Request: GET https://gj.riia.or.kr/board/businessAnnouncement "HTTP/1.1 200 "
2026-06-21 14:30:58,349 INFO 광주지역산업진흥원: 13건
2026-06-21 14:30:59,042 INFO HTTP Request: GET https://www.gwangjuhrd.or.kr/user2/board/lists/board_cd/5010 "HTTP/1.1 200 OK"
2026-06-21 14:30:59,081 INFO 광주지역인적자원개발위원회: 11건
2026-06-21 14:30:59,760 INFO HTTP Request: GET https://www.gjtp.or.kr/home/business.cs?m=8 "HTTP/1.1 200 OK"
2026-06-21 14:30:59,847 INFO 광주테크노파크: 30건
2026-06-21 14:31:00,637 INFO HTTP Request: GET https://www.ne.go.kr/user/bbs/BD_selectBbsList.do?q_bbsSn=1003 "HTTP/1.1 200 OK"
2026-06-21 14:31:00,714 INFO 국가교육위원회: 10건
2026-06-21 14:31:01,915 INFO HTTP Request: GET https://www.kaia.re.kr/portal/bbs/list/B0000006.do?menuNo=200547 "HTTP/1.1 200 OK"
2026-06-21 14:31:02,004 INFO 국토교통과학기술진흥원: 10건
2026-06-21 14:31:03,092 INFO HTTP Request: GET https://gpipa.or.kr/sub05/sub05_01.html "HTTP/1.1 200 OK"
2026-06-21 14:31:03,154 INFO 군포산업진흥원: 29건
2026-06-21 14:31:04,372 INFO HTTP Request: GET https://gpipa.or.kr/sub05/sub05_02.html "HTTP/1.1 200 OK"
2026-06-21 14:31:04,448 INFO 군포산업진흥원: 30건
2026-06-21 14:31:05,598 INFO HTTP Request: GET https://www.kibo.or.kr/main/board/boardType01.do "HTTP/1.1 200 OK"
2026-06-21 14:31:05,832 INFO 기술보증기금(기보): 10건
2026-06-21 14:31:06,937 INFO HTTP Request: GET https://www.giupsos.or.kr/portal/lay1/bbs/S122T158C160/F/13/list.do "HTTP/1.1 200 "
2026-06-21 14:31:06,979 INFO 기업 SOS: 10건
2026-06-21 14:31:07,814 INFO HTTP Request: GET https://www.bizinfo.go.kr/web/lay1/bbs/S1T122C128/AS/74/list.do?schPblancDiv=01 "HTTP/1.1 302 Found"
2026-06-21 14:31:07,925 INFO HTTP Request: GET https://www.bizinfo.go.kr/sii/siia/selectSIIA200View.do?schPblancDiv=01 "HTTP/1.1 200 OK"
2026-06-21 14:31:08,009 INFO 기업마당: 15건
2026-06-21 14:31:09,121 INFO HTTP Request: GET https://www.hrd4u.or.kr/hrddoctor/web/board/list.do?mId=34 "HTTP/1.1 200 OK"
2026-06-21 14:31:09,183 INFO 기업직업훈련지원시스템: 14건
2026-06-21 14:31:10,002 INFO HTTP Request: GET https://www.gimpo.go.kr/portal/ntfcPblancList.do?key=***&cate_cd=1&searchCnd=40900000000 "HTTP/1.1 200 OK"
2026-06-21 14:31:10,203 INFO 김포시청: 10건
2026-06-21 14:31:10,918 INFO HTTP Request: GET https://www.gimpo.go.kr/portal/selectBbsNttList.do?bbsNo=292&key=*** "HTTP/1.1 200 OK"
2026-06-21 14:31:11,115 INFO 김포시청: 18건
2026-06-21 14:31:11,854 INFO HTTP Request: GET https://www.koreahana.or.kr/home/kor/board.do?ptSignature=QnrvtOekzKclpksn74dfsVKJGpwSxgFZ4viFnbbXAD0%3D&menuPos=51 "HTTP/1.1 200 200"
2026-06-21 14:31:12,024 INFO 남북하나재단: 33건
2026-06-21 14:31:13,006 INFO HTTP Request: GET https://www.nyj.go.kr/www/selectEminwonWebList.do?key=***&sa1=01&sa1=02&sa1=04&sa1=05&sc4=2024 "HTTP/1.1 200 OK"
2026-06-21 14:31:13,322 INFO 남양주시청: 10건
2026-06-21 14:31:14,196 INFO HTTP Request: GET https://www.kwpi.or.kr/home/sub?menukey=7311 "HTTP/1.1 200 200"
2026-06-21 14:31:14,241 INFO 노사발전재단 일터혁신플랫폼: 10건
2026-06-21 14:31:15,093 INFO HTTP Request: GET https://nongshinbo.nonghyup.com/user/indexSub.do?codyMenuSeq=258789404&siteId=nongshinbo "HTTP/1.1 200 OK"
2026-06-21 14:31:15,426 INFO 농림수산업자신용보증기금(농신보): 16건
2026-06-21 14:31:16,400 INFO HTTP Request: GET https://www.dgfez.go.kr/page.php?mnu_uid=319& "HTTP/1.1 200 OK"
2026-06-21 14:31:16,450 INFO 대구경북경제자유구역청: 10건
2026-06-21 14:31:17,396 INFO HTTP Request: GET https://www.dgfez.go.kr/page.php?mnu_uid=321& "HTTP/1.1 200 OK"
2026-06-21 14:31:17,437 INFO 대구경북경제자유구역청: 11건
2026-06-21 14:31:18,160 INFO HTTP Request: GET http://www.dgef.or.kr/Home/board/default.asp?v=1&s_no=1&m=01 "HTTP/1.1 200 OK"
2026-06-21 14:31:18,202 INFO 대구경영자총협회: 20건
2026-06-21 14:31:19,324 INFO HTTP Request: GET https://startup.daegu.go.kr/index.do?menu_id=00002552 "HTTP/1.1 200 OK"
2026-06-21 14:31:19,393 INFO 대구창업허브 DASH: 7건
2026-06-21 14:31:20,480 INFO HTTP Request: GET https://www.sinbo.or.kr/sub04_01_01 "HTTP/1.1 200 OK"
2026-06-21 14:31:20,569 INFO 대전신용보증재단: 10건
2026-06-21 14:31:24,971 INFO HTTP Request: GET https://www.djbea.or.kr/board?menuId=MENU00310&siteId=null "HTTP/1.1 200 200"
2026-06-21 14:31:25,053 INFO 대전일자리경제진흥원: 10건
2026-06-21 14:31:26,797 INFO HTTP Request: GET https://d.nts.go.kr/daejeonnts/na/ntt/selectNttList.do?mi=5114&bbsId=6032 "HTTP/1.1 200 OK"
2026-06-21 14:31:27,001 INFO 대전지방국세청: 22건
2026-06-21 14:31:27,990 INFO HTTP Request: GET https://djhrd.or.kr/sub0101 "HTTP/1.1 200 OK"
2026-06-21 14:31:28,026 INFO 대전지역인적자원개발위원회: 10건
2026-06-21 14:31:29,698 INFO HTTP Request: GET https://djtp.or.kr/board.es?mid=a20201000000&bid=0101 "HTTP/1.1 200 "
2026-06-21 14:31:29,786 INFO 대전테크노파크: 10건
2026-06-21 14:31:30,902 INFO HTTP Request: GET https://djtp.or.kr/pbanc?mid=a20101000000 "HTTP/1.1 200 "
2026-06-21 14:31:30,998 INFO 대전테크노파크: 10건
2026-06-21 14:31:31,712 INFO HTTP Request: GET http://www.bsef.or.kr/03_news/news01.php "HTTP/1.1 200 OK"
2026-06-21 14:31:31,776 INFO 부산경영자총협회: 18건
2026-06-21 14:31:33,195 INFO HTTP Request: GET https://sehub.net/archives/category/alarm/opencat "HTTP/1.1 200 OK"
2026-06-21 14:31:33,247 INFO 서울특별시 사회적경제지원센터: 17건
2026-06-21 14:31:34,026 INFO HTTP Request: GET https://www.sjepa.or.kr/news-announcement "HTTP/1.1 200 OK"
2026-06-21 14:31:34,129 INFO 세종일자리경제진흥원: 10건
2026-06-21 14:31:35,035 INFO HTTP Request: GET https://sjtp.or.kr/bbs/board.php?bo_table=notice01 "HTTP/1.1 200 OK"
2026-06-21 14:31:35,098 INFO 세종테크노파크: 15건
2026-06-21 14:31:35,860 INFO HTTP Request: GET https://sjtp.or.kr/bbs/board.php?bo_table=business01 "HTTP/1.1 200 OK"
2026-06-21 14:31:35,936 INFO 세종테크노파크: 15건
2026-06-21 14:31:36,821 INFO HTTP Request: GET https://www.sida.kr/notification/news.html "HTTP/1.1 200 OK"
2026-06-21 14:31:36,860 INFO 시흥산업진흥원: 20건
2026-06-21 14:31:38,798 INFO HTTP Request: GET https://www.anyang.go.kr/amrc/selectBbsNttList.do?bbsNo=1284&key=*** "HTTP/1.1 200 OK"
2026-06-21 14:31:38,860 INFO 안양시상권활성화센터: 13건
2026-06-21 14:31:41,912 INFO HTTP Request: GET https://ypa.or.kr/information/businessnotice/ "HTTP/1.1 200 OK"
2026-06-21 14:31:42,042 INFO 용인시산업진흥원: 36건
2026-06-21 14:31:42,824 INFO HTTP Request: GET http://www.uyef.or.kr/V1/bbs/board.php?bo_table=cu01 "HTTP/1.1 200 OK"
2026-06-21 14:31:42,852 INFO 울산양산경영자총협회: 15건
2026-06-21 14:31:43,636 INFO HTTP Request: GET https://www.ubpi.or.kr/sub/?mcode=0403010000 "HTTP/1.1 200 OK"
2026-06-21 14:31:43,793 INFO 울산일자리경제진흥원: 10건
2026-06-21 14:31:44,732 INFO HTTP Request: GET https://www.ulsanhrd.or.kr/bbs/list.php?board_id=notice "HTTP/1.1 200 OK"
2026-06-21 14:31:44,760 INFO 울산지역인적자원개발위원회: 18건
2026-06-21 14:31:45,685 INFO HTTP Request: GET https://www.utp.or.kr/board/board.php?bo_table=sub0501&menu_group=4&sno=0401 "HTTP/1.1 200 OK"
2026-06-21 14:31:45,762 INFO 울산테크노파크: 18건
2026-06-21 14:31:47,056 INFO HTTP Request: GET https://www.wmit.or.kr/announce/businessAnnounceList.do "HTTP/1.1 200 "
2026-06-21 14:31:47,164 INFO 원주의료기기산업진흥원: 10건
2026-06-21 14:31:48,651 INFO HTTP Request: GET https://www.ep.go.kr/www/selectBbsNttList.do?bbsNo=42&key=*** "HTTP/1.1 200 OK"
2026-06-21 14:31:49,133 INFO 은평구청: 10건
2026-06-21 14:31:49,921 INFO HTTP Request: GET https://www.innobiz.net/company/company1_list.asp "HTTP/1.1 200 OK"
2026-06-21 14:31:49,952 INFO 이노비즈협회(사)중소기업기술혁신: 10건
2026-06-21 14:31:52,577 INFO HTTP Request: GET https://www.inef.or.kr/news/notice.php "HTTP/1.1 200 OK"
2026-06-21 14:31:52,624 INFO 인천경영자총협회: 28건
2026-06-21 14:31:53,280 INFO HTTP Request: GET https://www.insehub.or.kr/bbs/board.php?bo_table=bbs_030101 "HTTP/1.1 200 OK"
2026-06-21 14:31:53,343 INFO 인천광역시사회적경제지원센터: 27건
2026-06-21 14:31:54,031 INFO HTTP Request: GET https://idsc.kr/_NBoard/board.php?bo_table=business "HTTP/1.1 200 OK"
2026-06-21 14:31:54,108 INFO 인천디자인지원센터: 37건
2026-06-21 14:31:54,769 INFO HTTP Request: GET https://idsc.kr/_NBoard/board.php?bo_table=business2 "HTTP/1.1 200 OK"
2026-06-21 14:31:54,859 INFO 인천디자인지원센터: 25건
2026-06-21 14:31:56,198 INFO HTTP Request: GET https://www.insupport.or.kr/sub/?mcode=0404010000 "HTTP/1.1 200 OK"
2026-06-21 14:31:56,238 INFO 인천소상공인종합지원센터: 15건
2026-06-21 14:31:56,966 INFO HTTP Request: GET https://event.jbci.or.kr/sub/s1_1.html "HTTP/1.1 200 OK"
2026-06-21 14:31:57,023 INFO 전북창조경제혁신센터: 7건
2026-06-21 14:31:57,958 INFO HTTP Request: GET https://www.jbtp.or.kr/board/list.jbtp?boardId=BBS_0000002&menuCd=DOM_000000101002000000&contentsSid=4&cpath= "HTTP/1.1 200 OK"
2026-06-21 14:31:58,017 INFO 전북테크노파크: 11건
2026-06-21 14:31:59,163 INFO HTTP Request: GET https://www.jbtp.or.kr/board/list.jbtp?boardId=BBS_0000006&menuCd=DOM_000000102001000000&paging=ok&gbun=&searchType=&keyword=&pageNo=1 "HTTP/1.1 200 OK"
2026-06-21 14:31:59,278 INFO 전북테크노파크: 41건
2026-06-21 14:32:00,457 INFO HTTP Request: GET https://www.jbba.kr/bbs/board.php?bo_table=sub01_09 "HTTP/1.1 200 OK"
2026-06-21 14:32:00,519 INFO 전북특별자치도경제통상진흥원: 20건
2026-06-21 14:32:01,632 INFO HTTP Request: GET https://www.jbba.kr/bbs/board.php?bo_table=sub02_07_01 "HTTP/1.1 200 OK"
2026-06-21 14:32:01,709 INFO 전북특별자치도경제통상진흥원: 15건
2026-06-21 14:32:03,835 INFO HTTP Request: GET https://www.jica.or.kr/2025/inner.php?sMenu=A1000 "HTTP/1.1 200 OK"
2026-06-21 14:32:04,107 INFO 전주정보문화산업진흥원: 9건
2026-06-21 14:32:05,760 INFO HTTP Request: GET https://www.jica.or.kr/2025/inner.php?sMenu=A2000 "HTTP/1.1 200 OK"
2026-06-21 14:32:05,830 INFO 전주정보문화산업진흥원: 9건
2026-06-21 14:32:07,811 INFO HTTP Request: GET https://tmdf.or.kr/sub/sub03_01.php "HTTP/1.1 200 OK"
2026-06-21 14:32:07,871 INFO 전통시장육성재단: 10건
2026-06-21 14:32:10,269 INFO HTTP Request: GET https://www.nipa.kr/home/2-1 "HTTP/1.1 200 200"
2026-06-21 14:32:10,380 INFO 정보통신산업진흥원: 12건
2026-06-21 14:32:11,390 INFO HTTP Request: GET https://www.nipa.kr/home/2-2 "HTTP/1.1 200 200"
2026-06-21 14:32:11,503 INFO 정보통신산업진흥원: 10건
2026-06-21 14:32:13,253 INFO HTTP Request: GET https://www.gov.kr/portal/locgovNews?Mcode=11182 "HTTP/1.1 200 OK"
2026-06-21 14:32:13,408 INFO 정부24: 16건
2026-06-21 14:32:16,737 INFO HTTP Request: GET https://www.gov.kr/portal/locgovNews?srchTxt=%EC%A0%84%EB%AC%B8%EA%B0%80&srchSort=01 "HTTP/1.1 200 OK"
2026-06-21 14:32:17,538 INFO 정부24: 16건
2026-06-21 14:32:18,442 INFO HTTP Request: GET https://www.gov.kr/portal/locgovNews?srchTxt=%EC%9E%90%EB%AC%B8%EB%8B%A8&srchSort=01 "HTTP/1.1 200 OK"
2026-06-21 14:32:18,526 INFO 정부24: 16건
2026-06-21 14:32:19,476 INFO HTTP Request: GET https://www.gov.kr/portal/locgovNews?srchTxt=%EB%A9%98%ED%86%A0&srchSort=01 "HTTP/1.1 200 OK"
2026-06-21 14:32:19,577 INFO 정부24: 16건
2026-06-21 14:32:20,579 INFO HTTP Request: GET https://www.gov.kr/portal/locgovNews?srchTxt=%EA%B0%95%EC%82%AC&srchSort=01 "HTTP/1.1 200 OK"
2026-06-21 14:32:20,693 INFO 정부24: 16건
2026-06-21 14:32:21,767 INFO HTTP Request: GET https://www.gov.kr/portal/locgovNews?srchTxt=%ED%8F%89%EA%B0%80%EC%9C%84%EC%9B%90&srchSort=01 "HTTP/1.1 200 OK"
2026-06-21 14:32:21,869 INFO 정부24: 16건
2026-06-21 14:32:22,839 INFO HTTP Request: GET http://jef.or.kr/bbs/board.php?bo_table=1_1_1_1 "HTTP/1.1 200 OK"
2026-06-21 14:32:22,956 INFO 제주경영자총협회: 20건
2026-06-21 14:32:24,039 INFO HTTP Request: GET https://www.jcgf.or.kr/bbs/board.php?bo_table=5_1_1_1 "HTTP/1.1 200 OK"
2026-06-21 14:32:24,142 INFO 제주신용보증재단: 16건
2026-06-21 14:32:25,188 INFO HTTP Request: GET http://www.jejuhrd.or.kr/index.php/contents/community/notice "HTTP/1.1 200 OK"
2026-06-21 14:32:25,210 INFO 제주지역인적자원개발위원회: 10건
2026-06-21 14:32:26,143 INFO HTTP Request: GET https://www.jba.or.kr/m/bbs/board.php?bo_table=2_1_1_1 "HTTP/1.1 200 OK"
2026-06-21 14:32:26,239 INFO 제주특별자치도 경제통상진흥원: 16건
2026-06-21 14:32:27,185 INFO HTTP Request: GET https://www.jba.or.kr/m/bbs/board.php?bo_table=2_4_1_1 "HTTP/1.1 200 OK"
2026-06-21 14:32:27,260 INFO 제주특별자치도 경제통상진흥원: 18건
2026-06-21 14:32:28,232 INFO HTTP Request: GET https://jeju.pass.or.kr/notice-board "HTTP/1.1 200 OK"
2026-06-21 14:32:28,279 INFO 제주특별자치도사회서비스원: 10건
2026-06-21 14:32:29,247 INFO HTTP Request: GET https://www.smtech.go.kr/front/ifg/no/notice01_list.do "HTTP/1.1 200 OK"
2026-06-21 14:32:29,344 INFO 중소기업 기술개발사업 종합관리시스템: 15건
2026-06-21 14:32:30,463 INFO HTTP Request: GET https://www.smtech.go.kr/front/ifg/no/notice03_list.do "HTTP/1.1 200 OK"
2026-06-21 14:32:30,562 INFO 중소기업 기술개발사업 종합관리시스템: 15건
2026-06-21 14:32:31,997 INFO HTTP Request: GET https://www.tipa.or.kr/s040101/index/page/1 "HTTP/1.1 200 OK"
2026-06-21 14:32:32,050 INFO 중소기업기술정보진흥원(TIPA): 10건
2026-06-21 14:32:32,781 INFO HTTP Request: GET https://www.kosi.re.kr/kosbiWar/front/functionDisplay?menuFrontNo=239693504401196147746371791605890541073&menuFrontURL=front/announceList "HTTP/1.1 200 200"
2026-06-21 14:32:32,881 INFO 중소벤처기업연구원: 20건
2026-06-21 14:32:33,534 INFO HTTP Request: GET https://www.heemangfdn.or.kr/layout/res/home.php?go=pds.list&pds_type=1 "HTTP/1.1 200 OK"
2026-06-21 14:32:33,574 INFO 중소상공인희망재단: 10건
2026-06-21 14:32:34,261 INFO HTTP Request: GET https://www.heemangfdn.or.kr/layout/res/home.php?go=pds.list&pds_type=3 "HTTP/1.1 200 OK"
2026-06-21 14:32:34,310 INFO 중소상공인희망재단: 10건
2026-06-21 14:32:35,027 INFO HTTP Request: GET https://www.cwip.or.kr/bbs/board.php?bo_table=b0501 "HTTP/1.1 200 OK"
2026-06-21 14:32:35,152 INFO 창원산업진흥원: 12건
2026-06-21 14:32:35,882 INFO HTTP Request: GET https://iact.or.kr/module/board/board.php?bo_id=notice "HTTP/1.1 200 OK"
2026-06-21 14:32:35,927 INFO 첨단정보통신융합산업기술원: 22건
2026-06-21 14:32:36,635 INFO HTTP Request: GET https://iact.or.kr/module/board/board.php?bo_id=business "HTTP/1.1 200 OK"
2026-06-21 14:32:36,673 INFO 첨단정보통신융합산업기술원: 19건
2026-06-21 14:32:37,450 INFO HTTP Request: GET https://start.kosmes.or.kr/yh_bsm080_001.do "HTTP/1.1 200 OK"
2026-06-21 14:32:37,532 INFO 청년창업사관학교: 10건
2026-06-21 14:32:38,968 INFO HTTP Request: GET https://start.kosmes.or.kr/yh_not002_001.do "HTTP/1.1 200 OK"
2026-06-21 14:32:39,054 INFO 청년창업사관학교: 10건
2026-06-21 14:32:39,888 INFO HTTP Request: GET https://www.cepa.or.kr/notice/notice.do?pm=6&ms=32 "HTTP/1.1 200 200"
2026-06-21 14:32:39,968 INFO 충남경제진흥원: 10건
2026-06-21 14:32:40,897 INFO HTTP Request: GET https://www.xn--6-6v7en42by2es7i6jc.com/100101/board/event_notice/ "HTTP/1.1 200 "
2026-06-21 14:32:42,969 INFO 충남농업6차산업센터: 10건
2026-06-21 14:32:45,267 INFO HTTP Request: GET https://www.cnse.kr/app/board/index?md_id=center_news "HTTP/1.1 200 OK"
2026-06-21 14:32:45,413 INFO 충남사회적경제지원센터: 10건
2026-06-21 14:32:46,720 INFO HTTP Request: GET https://www.ctp.or.kr/business/data.do "HTTP/1.1 200 200"
2026-06-21 14:32:46,840 INFO 충남테크노파크: 10건
2026-06-21 14:32:47,860 INFO HTTP Request: GET http://xn--6-482fq5fy8gs7i6jc.com/bbs/board.php?bo_table=notice "HTTP/1.1 200 OK"
2026-06-21 14:32:47,935 INFO 충북농촌융복합산업지원센터: 15건
2026-06-21 14:32:49,611 INFO HTTP Request: GET http://www.cbse.co/board/blist/notice "HTTP/1.1 200 OK"
2026-06-21 14:32:49,648 INFO 충북사회적경제센터: 22건
2026-06-21 14:32:51,690 INFO HTTP Request: GET https://www.cbsinbo.or.kr/sub.php?code=123 "HTTP/1.1 200 OK"
2026-06-21 14:32:51,734 INFO 충북신용보증재단: 15건
2026-06-21 14:32:53,811 INFO HTTP Request: GET https://www.cjrhrdc.org/board/notice "HTTP/1.1 200 OK"
2026-06-21 14:32:53,887 INFO 충북지역인적자원개발위원회: 20건
2026-06-21 14:32:55,373 INFO HTTP Request: GET https://www.cbtp.or.kr/index.php?control=bbs&board_id=news_notice&lm_uid=36 "HTTP/1.1 200 OK"
2026-06-21 14:32:55,501 INFO 충북테크노파크: 15건
2026-06-21 14:32:57,074 INFO HTTP Request: GET https://www.cbtp.or.kr/index.php?control=bbs&board_id=news_public_notice&lm_uid=526 "HTTP/1.1 200 OK"
2026-06-21 14:32:57,340 INFO 충북테크노파크: 15건
2026-06-21 14:32:59,039 INFO HTTP Request: GET https://contact.cbtp.or.kr/index.php?control=bbs&board_id=b_notice&lm_uid=6 "HTTP/1.1 200 OK"
2026-06-21 14:32:59,252 INFO 충북테크노파크 컨택센터: 10건
2026-06-21 14:33:00,182 INFO HTTP Request: GET https://sbiz.cepa.or.kr/sosang/notice/notice.do?pm=10&ms=65 "HTTP/1.1 200 200"
2026-06-21 14:33:00,236 INFO 충청남도 소상공인 지원센터: 10건
2026-06-21 14:33:01,106 INFO HTTP Request: GET https://sbiz.cepa.or.kr/sosang/notice/notice.do?pm=10&ms=66 "HTTP/1.1 200 200"
2026-06-21 14:33:01,156 INFO 충청남도 소상공인 지원센터: 10건
2026-06-21 14:33:02,144 INFO HTTP Request: GET https://www.cba.ne.kr/home/sub.php?menukey=140 "HTTP/1.1 200 OK"
2026-06-21 14:33:02,238 INFO 충청북도기업진흥원: 15건
2026-06-21 14:33:03,191 INFO HTTP Request: GET https://www.cbsb.kr/home/sub.php?menukey=288 "HTTP/1.1 200 OK"
2026-06-21 14:33:03,246 INFO 충청북도소상공인지원센터: 13건
2026-06-21 14:33:04,619 INFO HTTP Request: GET https://www.kihf.or.kr/web/lay1/bbs/S1T838C97/A/3/list.do?rows=10&cpage=1&cat=&article_seq=&condition=TITLE&keyword= "HTTP/1.1 200 200"
2026-06-21 14:33:04,785 INFO 한국건강가정진흥원: 11건
2026-06-21 14:33:06,259 INFO HTTP Request: GET https://www.kmtca.or.kr/?p=23 "HTTP/1.1 200 OK"
2026-06-21 14:33:06,347 INFO 한국경영기술지도사회: 11건
2026-06-21 14:33:07,861 INFO HTTP Request: GET https://www.kmtca.or.kr/?p=28 "HTTP/1.1 200 OK"
2026-06-21 14:33:07,928 INFO 한국경영기술지도사회: 10건
2026-06-21 14:33:09,509 INFO HTTP Request: GET https://www.kmtca.or.kr/?p=128 "HTTP/1.1 200 OK"
2026-06-21 14:33:09,572 INFO 한국경영기술지도사회: 17건
2026-06-21 14:33:10,769 INFO HTTP Request: GET https://mainbiz.or.kr/notice/notice.asp?smen=1 "HTTP/1.1 200 OK"
2026-06-21 14:33:10,811 INFO 한국경영혁신중소기업협회: 10건
2026-06-21 14:33:12,223 INFO HTTP Request: GET https://mainbiz.or.kr/notice/company.asp?smen=2 "HTTP/1.1 200 OK"
2026-06-21 14:33:12,322 INFO 한국경영혁신중소기업협회: 10건
2026-06-21 14:33:15,219 INFO HTTP Request: GET https://mainbiz.or.kr/notice/library.asp?smen=8 "HTTP/1.1 200 OK"
2026-06-21 14:33:15,338 INFO 한국경영혁신중소기업협회: 10건
2026-06-21 14:33:18,277 INFO HTTP Request: GET https://www.kma.or.kr/usrs/tutor/tutorForm.do "HTTP/1.1 200 OK"
2026-06-21 14:33:18,544 INFO 한국능률협회(KMA): 86건
2026-06-21 14:33:19,697 INFO HTTP Request: GET https://www.ksure.or.kr/rh-kr/bbs/i-412/list.do "HTTP/1.1 200 OK"
2026-06-21 14:33:19,873 INFO 한국무역보험공사: 114건
2026-06-21 14:33:21,431 INFO HTTP Request: GET https://www.kipa.org/kipa/notice/kw_0403_01.jsp "HTTP/1.1 200 OK"
2026-06-21 14:33:21,511 INFO 한국발명진흥회: 10건
2026-06-21 14:33:22,684 INFO HTTP Request: GET https://www.kipa.org/kipa/ip004/kw_apquestion_0501.jsp "HTTP/1.1 200 OK"
2026-06-21 14:33:22,772 INFO 한국발명진흥회: 10건
2026-06-21 14:33:24,697 INFO HTTP Request: GET https://www.khidi.or.kr/board?menuId=MENU00099 "HTTP/1.1 200 200"
2026-06-21 14:33:24,796 INFO 한국보건산업진흥원: 10건
2026-06-21 14:33:25,878 INFO HTTP Request: GET https://www.keit.re.kr/board.es?mid=a10301010000&bid=0009 "HTTP/1.1 200 OK"
2026-06-21 14:33:26,003 INFO 한국산업기술기획평가원(KEIT): 2건
2026-06-21 14:33:27,199 INFO HTTP Request: GET https://www.hrdkorea.or.kr/3/1/1 "HTTP/1.1 200 OK"
2026-06-21 14:33:27,343 INFO 한국산업인력공단(HRDK): 10건
2026-06-21 14:33:28,275 INFO HTTP Request: GET https://www.lmca.or.kr/22 "HTTP/1.1 200 OK"
2026-06-21 14:33:28,346 INFO 한국상생지원협회: 6건
2026-06-21 14:33:29,192 INFO HTTP Request: GET https://www.knrec.or.kr/biz/pds/notice/list.do "HTTP/1.1 200 OK"
2026-06-21 14:33:29,358 INFO 한국에너지공단 신재생에너지센터: 22건
2026-06-21 14:33:30,172 INFO HTTP Request: GET https://www.inventor.or.kr/bbs/board.php?bo_table=notice "HTTP/1.1 200 OK"
2026-06-21 14:33:30,201 INFO 한국여성발명협회: 15건
2026-06-21 14:33:31,289 INFO HTTP Request: GET https://www.kisa.or.kr/401 "HTTP/1.1 200 200"
2026-06-21 14:33:31,343 INFO 한국인터넷진흥원(KISA): 10건
2026-06-21 14:33:32,601 INFO HTTP Request: GET https://www.kocca.kr/kocca/bbs/list/B0000137.do?menuNo=204802 "HTTP/1.1 200 200"
2026-06-21 14:33:32,700 INFO 한국콘텐츠진흥원: 10건
2026-06-21 14:33:33,684 INFO HTTP Request: GET https://www.kocca.kr/kocca/pims/list.do?menuNo=204104&recptSt= "HTTP/1.1 200 200"
2026-06-21 14:33:33,792 INFO 한국콘텐츠진흥원: 10건
2026-06-21 14:33:35,803 INFO HTTP Request: GET https://www.ksa.or.kr/ksa_kr/5217/subview.do "HTTP/1.1 200 OK"
2026-06-21 14:33:35,878 INFO 한국표준협회(KSA): 10건
2026-06-21 14:33:36,603 INFO HTTP Request: GET https://ksa.or.kr/bbs/ksa_kr/1021/artclList.do?layout=unknown "HTTP/1.1 302 Found"
2026-06-21 14:33:37,707 INFO HTTP Request: GET https://ksa.or.kr/ksa_kr/16279/subview.do;jsessionid=7BF0274DC08676E078E09D9F53B77B79?enc=Zm5jdDF8QEB8JTJGYmJzJTJGa3NhX2tyJTJGMTAyMSUyRmFydGNsTGlzdC5kbyUzRg%3D%3D "HTTP/1.1 200 OK"
2026-06-21 14:33:37,792 INFO 한국표준협회(KSA): 10건
2026-06-21 14:33:39,069 INFO HTTP Request: GET https://www.keco.or.kr/web/lay1/bbs/S1T10C108/A/18/list.do "HTTP/1.1 200 "
2026-06-21 14:33:39,286 INFO 한국환경공단: 10건
2026-06-21 14:33:40,068 INFO HTTP Request: GET https://www.hongcheon.go.kr/www/selectBbsNttList.do?bbsNo=1&key=*** "HTTP/1.1 200 OK"
2026-06-21 14:33:40,219 INFO 홍천군청: 10건
2026-06-21 14:33:40,942 INFO HTTP Request: GET https://www.hsbiz.or.kr/bbs/BBSMSTR_000000000040/list.do "HTTP/1.1 200 "
2026-06-21 14:33:41,046 INFO 화성산업진흥원: 4건
2026-06-21 14:33:41,794 INFO HTTP Request: GET https://www.hstree.org/news/notice.do "HTTP/1.1 200 OK"
2026-06-21 14:33:41,936 INFO 화성시인재육성재단: 11건
enabled 사이트: 219개 점검 시작
완료: 문제 27개 → logs/site_problem_report.md
